Analysis & Synthesis report for g23_lab4
Fri Mar 28 17:20:49 2014
Quartus II Version 9.1 Build 350 03/24/2010 Service Pack 2 SJ Full Version


---------------------
; Table of Contents ;
---------------------
  1. Legal Notice
  2. Analysis & Synthesis Summary
  3. Analysis & Synthesis Settings
  4. Parallel Compilation
  5. Analysis & Synthesis Source Files Read
  6. Analysis & Synthesis Resource Usage Summary
  7. Analysis & Synthesis Resource Utilization by Entity
  8. General Register Statistics
  9. Inverted Register Statistics
 10. Multiplexer Restructuring Statistics (Restructuring Performed)
 11. Source assignments for g23_HMS_counter:HMS_counter|LPM_COUNTER:seconds_counter
 12. Source assignments for g23_HMS_counter:HMS_counter|LPM_COUNTER:seconds_counter|cntr_22l:auto_generated
 13. Source assignments for g23_HMS_counter:HMS_counter|LPM_COUNTER:minutes_counter
 14. Source assignments for g23_HMS_counter:HMS_counter|LPM_COUNTER:minutes_counter|cntr_22l:auto_generated
 15. Source assignments for g23_HMS_counter:HMS_counter|LPM_COUNTER:hours_counter
 16. Source assignments for g23_HMS_counter:HMS_counter|LPM_COUNTER:hours_counter|cntr_12l:auto_generated
 17. Source assignments for LPM_COUNTER:secs_counter
 18. Source assignments for LPM_COUNTER:days_counter
 19. Parameter Settings for User Entity Instance: g23_HMS_counter:HMS_counter|LPM_COUNTER:seconds_counter
 20. Parameter Settings for User Entity Instance: g23_HMS_counter:HMS_counter|LPM_COUNTER:minutes_counter
 21. Parameter Settings for User Entity Instance: g23_HMS_counter:HMS_counter|LPM_COUNTER:hours_counter
 22. Parameter Settings for User Entity Instance: LPM_COUNTER:secs_counter
 23. Parameter Settings for User Entity Instance: LPM_COUNTER:days_counter
 24. Parameter Settings for Inferred Entity Instance: g23_YMD_counter:YMD_counter|lpm_divide:Mod1
 25. Parameter Settings for Inferred Entity Instance: g23_YMD_counter:YMD_counter|lpm_divide:Mod0
 26. Port Connectivity Checks: "g23_Seconds_to_Days:seconds_to_days"
 27. Port Connectivity Checks: "g23_HMS_counter:HMS_counter"
 28. Port Connectivity Checks: "g23_YMD_counter:YMD_counter"
 29. Analysis & Synthesis Messages



----------------
; Legal Notice ;
----------------
Copyright (C) 1991-2010 Altera Corporation
Your use of Altera Corporation's design tools, logic functions 
and other software and tools, and its AMPP partner logic 
functions, and any output files from any of the foregoing 
(including device programming or simulation files), and any 
associated documentation or information are expressly subject 
to the terms and conditions of the Altera Program License 
Subscription Agreement, Altera MegaCore Function License 
Agreement, or other applicable license agreement, including, 
without limitation, that your use is for the sole purpose of 
programming logic devices manufactured by Altera and sold by 
Altera or its authorized distributors.  Please refer to the 
applicable agreement for further details.



+------------------------------------------------------------------------------------+
; Analysis & Synthesis Summary                                                       ;
+------------------------------------+-----------------------------------------------+
; Analysis & Synthesis Status        ; Successful - Fri Mar 28 17:20:49 2014         ;
; Quartus II Version                 ; 9.1 Build 350 03/24/2010 SP 2 SJ Full Version ;
; Revision Name                      ; g23_lab4                                      ;
; Top-level Entity Name              ; g23_UTC_to_MTC                                ;
; Family                             ; Cyclone II                                    ;
; Total logic elements               ; 468                                           ;
;     Total combinational functions  ; 468                                           ;
;     Dedicated logic registers      ; 72                                            ;
; Total registers                    ; 72                                            ;
; Total pins                         ; 113                                           ;
; Total virtual pins                 ; 0                                             ;
; Total memory bits                  ; 0                                             ;
; Embedded Multiplier 9-bit elements ; 0                                             ;
; Total PLLs                         ; 0                                             ;
+------------------------------------+-----------------------------------------------+


+----------------------------------------------------------------------------------------------------------------------+
; Analysis & Synthesis Settings                                                                                        ;
+----------------------------------------------------------------------------+--------------------+--------------------+
; Option                                                                     ; Setting            ; Default Value      ;
+----------------------------------------------------------------------------+--------------------+--------------------+
; Device                                                                     ; EP2C20F484C7       ;                    ;
; Top-level entity name                                                      ; g23_UTC_to_MTC     ; g23_lab4           ;
; Family name                                                                ; Cyclone II         ; Stratix II         ;
; Use Generated Physical Constraints File                                    ; Off                ;                    ;
; Use smart compilation                                                      ; Off                ; Off                ;
; Enable parallel Assembler and TimeQuest Timing Analyzer during compilation ; On                 ; On                 ;
; Enable compact report table                                                ; Off                ; Off                ;
; Restructure Multiplexers                                                   ; Auto               ; Auto               ;
; Create Debugging Nodes for IP Cores                                        ; Off                ; Off                ;
; Preserve fewer node names                                                  ; On                 ; On                 ;
; Disable OpenCore Plus hardware evaluation                                  ; Off                ; Off                ;
; Verilog Version                                                            ; Verilog_2001       ; Verilog_2001       ;
; VHDL Version                                                               ; VHDL_1993          ; VHDL_1993          ;
; State Machine Processing                                                   ; Auto               ; Auto               ;
; Safe State Machine                                                         ; Off                ; Off                ;
; Extract Verilog State Machines                                             ; On                 ; On                 ;
; Extract VHDL State Machines                                                ; On                 ; On                 ;
; Ignore Verilog initial constructs                                          ; Off                ; Off                ;
; Iteration limit for constant Verilog loops                                 ; 5000               ; 5000               ;
; Iteration limit for non-constant Verilog loops                             ; 250                ; 250                ;
; Add Pass-Through Logic to Inferred RAMs                                    ; On                 ; On                 ;
; Parallel Synthesis                                                         ; On                 ; On                 ;
; DSP Block Balancing                                                        ; Auto               ; Auto               ;
; NOT Gate Push-Back                                                         ; On                 ; On                 ;
; Power-Up Don't Care                                                        ; On                 ; On                 ;
; Remove Redundant Logic Cells                                               ; Off                ; Off                ;
; Remove Duplicate Registers                                                 ; On                 ; On                 ;
; Ignore CARRY Buffers                                                       ; Off                ; Off                ;
; Ignore CASCADE Buffers                                                     ; Off                ; Off                ;
; Ignore GLOBAL Buffers                                                      ; Off                ; Off                ;
; Ignore ROW GLOBAL Buffers                                                  ; Off                ; Off                ;
; Ignore LCELL Buffers                                                       ; Off                ; Off                ;
; Ignore SOFT Buffers                                                        ; On                 ; On                 ;
; Limit AHDL Integers to 32 Bits                                             ; Off                ; Off                ;
; Optimization Technique                                                     ; Balanced           ; Balanced           ;
; Carry Chain Length                                                         ; 70                 ; 70                 ;
; Auto Carry Chains                                                          ; On                 ; On                 ;
; Auto Open-Drain Pins                                                       ; On                 ; On                 ;
; Perform WYSIWYG Primitive Resynthesis                                      ; Off                ; Off                ;
; Auto ROM Replacement                                                       ; On                 ; On                 ;
; Auto RAM Replacement                                                       ; On                 ; On                 ;
; Auto Shift Register Replacement                                            ; Auto               ; Auto               ;
; Auto Clock Enable Replacement                                              ; On                 ; On                 ;
; Strict RAM Replacement                                                     ; Off                ; Off                ;
; Allow Synchronous Control Signals                                          ; On                 ; On                 ;
; Force Use of Synchronous Clear Signals                                     ; Off                ; Off                ;
; Auto RAM to Logic Cell Conversion                                          ; Off                ; Off                ;
; Auto Resource Sharing                                                      ; Off                ; Off                ;
; Allow Any RAM Size For Recognition                                         ; Off                ; Off                ;
; Allow Any ROM Size For Recognition                                         ; Off                ; Off                ;
; Allow Any Shift Register Size For Recognition                              ; Off                ; Off                ;
; Use LogicLock Constraints during Resource Balancing                        ; On                 ; On                 ;
; Ignore translate_off and synthesis_off directives                          ; Off                ; Off                ;
; Timing-Driven Synthesis                                                    ; Off                ; Off                ;
; Show Parameter Settings Tables in Synthesis Report                         ; On                 ; On                 ;
; Ignore Maximum Fan-Out Assignments                                         ; Off                ; Off                ;
; Synchronization Register Chain Length                                      ; 2                  ; 2                  ;
; PowerPlay Power Optimization                                               ; Normal compilation ; Normal compilation ;
; HDL message level                                                          ; Level2             ; Level2             ;
; Suppress Register Optimization Related Messages                            ; Off                ; Off                ;
; Number of Removed Registers Reported in Synthesis Report                   ; 5000               ; 5000               ;
; Number of Inverted Registers Reported in Synthesis Report                  ; 100                ; 100                ;
; Clock MUX Protection                                                       ; On                 ; On                 ;
; Auto Gated Clock Conversion                                                ; Off                ; Off                ;
; Block Design Naming                                                        ; Auto               ; Auto               ;
; SDC constraint protection                                                  ; Off                ; Off                ;
; Synthesis Effort                                                           ; Auto               ; Auto               ;
; Shift Register Replacement - Allow Asynchronous Clear Signal               ; On                 ; On                 ;
; Analysis & Synthesis Message Level                                         ; Medium             ; Medium             ;
; Disable Register Merging Across Hierarchies                                ; Auto               ; Auto               ;
; Resource Aware Inference For Block RAM                                     ; On                 ; On                 ;
+----------------------------------------------------------------------------+--------------------+--------------------+


+------------------------------------------+
; Parallel Compilation                     ;
+----------------------------+-------------+
; Processors                 ; Number      ;
+----------------------------+-------------+
; Number detected on machine ; 4           ;
; Maximum allowed            ; 4           ;
;                            ;             ;
; Average used               ; 1.00        ;
; Maximum used               ; 1           ;
;                            ;             ;
; Usage by Processor         ; % Time Used ;
;     1 processor            ; 100.0%      ;
;     2-4 processors         ;   0.0%      ;
+----------------------------+-------------+


+------------------------------------------------------------------------------------------------------------------------------------------------------------------+
; Analysis & Synthesis Source Files Read                                                                                                                           ;
+----------------------------------+-----------------+------------------------------+------------------------------------------------------------------------------+
; File Name with User-Entered Path ; Used in Netlist ; File Type                    ; File Name with Absolute Path                                                 ;
+----------------------------------+-----------------+------------------------------+------------------------------------------------------------------------------+
; g23_YMD_counter.vhd              ; yes             ; User VHDL File               ; C:/Users/cdesal/github/digital-system-design/lab4/g23_YMD_counter.vhd        ;
; g23_Seconds_to_Days.vhd          ; yes             ; User VHDL File               ; C:/Users/cdesal/github/digital-system-design/lab4/g23_Seconds_to_Days.vhd    ;
; g23_HMS_Counter.vhd              ; yes             ; User VHDL File               ; C:/Users/cdesal/github/digital-system-design/lab4/g23_HMS_Counter.vhd        ;
; g23_UTC_to_MTC.vhd               ; yes             ; User VHDL File               ; C:/Users/cdesal/github/digital-system-design/lab4/g23_UTC_to_MTC.vhd         ;
; lpm_counter.tdf                  ; yes             ; Megafunction                 ; c:/altera/91sp2/quartus/libraries/megafunctions/lpm_counter.tdf              ;
; db/cntr_22l.tdf                  ; yes             ; Auto-Generated Megafunction  ; C:/Users/cdesal/github/digital-system-design/lab4/db/cntr_22l.tdf            ;
; db/cmpr_acc.tdf                  ; yes             ; Auto-Generated Megafunction  ; C:/Users/cdesal/github/digital-system-design/lab4/db/cmpr_acc.tdf            ;
; db/cntr_12l.tdf                  ; yes             ; Auto-Generated Megafunction  ; C:/Users/cdesal/github/digital-system-design/lab4/db/cntr_12l.tdf            ;
; db/cmpr_9cc.tdf                  ; yes             ; Auto-Generated Megafunction  ; C:/Users/cdesal/github/digital-system-design/lab4/db/cmpr_9cc.tdf            ;
; db/cntr_vqk.tdf                  ; yes             ; Auto-Generated Megafunction  ; C:/Users/cdesal/github/digital-system-design/lab4/db/cntr_vqk.tdf            ;
; db/cntr_uqk.tdf                  ; yes             ; Auto-Generated Megafunction  ; C:/Users/cdesal/github/digital-system-design/lab4/db/cntr_uqk.tdf            ;
; lpm_divide.tdf                   ; yes             ; Megafunction                 ; c:/altera/91sp2/quartus/libraries/megafunctions/lpm_divide.tdf               ;
; db/lpm_divide_u7m.tdf            ; yes             ; Auto-Generated Megafunction  ; C:/Users/cdesal/github/digital-system-design/lab4/db/lpm_divide_u7m.tdf      ;
; db/sign_div_unsign_5nh.tdf       ; yes             ; Auto-Generated Megafunction  ; C:/Users/cdesal/github/digital-system-design/lab4/db/sign_div_unsign_5nh.tdf ;
; db/alt_u_div_c5f.tdf             ; yes             ; Auto-Generated Megafunction  ; C:/Users/cdesal/github/digital-system-design/lab4/db/alt_u_div_c5f.tdf       ;
; db/add_sub_lkc.tdf               ; yes             ; Auto-Generated Megafunction  ; C:/Users/cdesal/github/digital-system-design/lab4/db/add_sub_lkc.tdf         ;
; db/add_sub_mkc.tdf               ; yes             ; Auto-Generated Megafunction  ; C:/Users/cdesal/github/digital-system-design/lab4/db/add_sub_mkc.tdf         ;
+----------------------------------+-----------------+------------------------------+------------------------------------------------------------------------------+


+-----------------------------------------------------+
; Analysis & Synthesis Resource Usage Summary         ;
+---------------------------------------------+-------+
; Resource                                    ; Usage ;
+---------------------------------------------+-------+
; Estimated Total logic elements              ; 468   ;
;                                             ;       ;
; Total combinational functions               ; 468   ;
; Logic element usage by number of LUT inputs ;       ;
;     -- 4 input functions                    ; 140   ;
;     -- 3 input functions                    ; 108   ;
;     -- <=2 input functions                  ; 220   ;
;                                             ;       ;
; Logic elements by mode                      ;       ;
;     -- normal mode                          ; 313   ;
;     -- arithmetic mode                      ; 155   ;
;                                             ;       ;
; Total registers                             ; 72    ;
;     -- Dedicated logic registers            ; 72    ;
;     -- I/O registers                        ; 0     ;
;                                             ;       ;
; I/O pins                                    ; 113   ;
; Maximum fan-out node                        ; clock ;
; Maximum fan-out                             ; 73    ;
; Total fan-out                               ; 1700  ;
; Average fan-out                             ; 2.60  ;
+---------------------------------------------+-------+


+--------------------------------------------------------------------------------------------------------------------------------------------------------------------------------------------------------------------------------------------------------------------------------------------------------------------+
; Analysis & Synthesis Resource Utilization by Entity                                                                                                                                                                                                                                                                ;
+-------------------------------------------+-------------------+--------------+-------------+--------------+---------+-----------+------+--------------+---------------------------------------------------------------------------------------------------------------------------------------------+--------------+
; Compilation Hierarchy Node                ; LC Combinationals ; LC Registers ; Memory Bits ; DSP Elements ; DSP 9x9 ; DSP 18x18 ; Pins ; Virtual Pins ; Full Hierarchy Name                                                                                                                         ; Library Name ;
+-------------------------------------------+-------------------+--------------+-------------+--------------+---------+-----------+------+--------------+---------------------------------------------------------------------------------------------------------------------------------------------+--------------+
; |g23_UTC_to_MTC                           ; 468 (60)          ; 72 (0)       ; 0           ; 0            ; 0       ; 0         ; 113  ; 0            ; |g23_UTC_to_MTC                                                                                                                             ; work         ;
;    |g23_HMS_counter:HMS_counter|          ; 49 (10)           ; 17 (0)       ; 0           ; 0            ; 0       ; 0         ; 0    ; 0            ; |g23_UTC_to_MTC|g23_HMS_counter:HMS_counter                                                                                                 ;              ;
;       |lpm_counter:hours_counter|         ; 9 (0)             ; 5 (0)        ; 0           ; 0            ; 0       ; 0         ; 0    ; 0            ; |g23_UTC_to_MTC|g23_HMS_counter:HMS_counter|lpm_counter:hours_counter                                                                       ;              ;
;          |cntr_12l:auto_generated|        ; 9 (8)             ; 5 (5)        ; 0           ; 0            ; 0       ; 0         ; 0    ; 0            ; |g23_UTC_to_MTC|g23_HMS_counter:HMS_counter|lpm_counter:hours_counter|cntr_12l:auto_generated                                               ;              ;
;             |cmpr_9cc:cmpr2|              ; 1 (1)             ; 0 (0)        ; 0           ; 0            ; 0       ; 0         ; 0    ; 0            ; |g23_UTC_to_MTC|g23_HMS_counter:HMS_counter|lpm_counter:hours_counter|cntr_12l:auto_generated|cmpr_9cc:cmpr2                                ;              ;
;       |lpm_counter:minutes_counter|       ; 15 (0)            ; 6 (0)        ; 0           ; 0            ; 0       ; 0         ; 0    ; 0            ; |g23_UTC_to_MTC|g23_HMS_counter:HMS_counter|lpm_counter:minutes_counter                                                                     ;              ;
;          |cntr_22l:auto_generated|        ; 15 (13)           ; 6 (6)        ; 0           ; 0            ; 0       ; 0         ; 0    ; 0            ; |g23_UTC_to_MTC|g23_HMS_counter:HMS_counter|lpm_counter:minutes_counter|cntr_22l:auto_generated                                             ;              ;
;             |cmpr_acc:cmpr2|              ; 2 (2)             ; 0 (0)        ; 0           ; 0            ; 0       ; 0         ; 0    ; 0            ; |g23_UTC_to_MTC|g23_HMS_counter:HMS_counter|lpm_counter:minutes_counter|cntr_22l:auto_generated|cmpr_acc:cmpr2                              ;              ;
;       |lpm_counter:seconds_counter|       ; 15 (0)            ; 6 (0)        ; 0           ; 0            ; 0       ; 0         ; 0    ; 0            ; |g23_UTC_to_MTC|g23_HMS_counter:HMS_counter|lpm_counter:seconds_counter                                                                     ;              ;
;          |cntr_22l:auto_generated|        ; 15 (13)           ; 6 (6)        ; 0           ; 0            ; 0       ; 0         ; 0    ; 0            ; |g23_UTC_to_MTC|g23_HMS_counter:HMS_counter|lpm_counter:seconds_counter|cntr_22l:auto_generated                                             ;              ;
;             |cmpr_acc:cmpr2|              ; 2 (2)             ; 0 (0)        ; 0           ; 0            ; 0       ; 0         ; 0    ; 0            ; |g23_UTC_to_MTC|g23_HMS_counter:HMS_counter|lpm_counter:seconds_counter|cntr_22l:auto_generated|cmpr_acc:cmpr2                              ;              ;
;    |g23_YMD_counter:YMD_counter|          ; 324 (91)          ; 22 (22)      ; 0           ; 0            ; 0       ; 0         ; 0    ; 0            ; |g23_UTC_to_MTC|g23_YMD_counter:YMD_counter                                                                                                 ;              ;
;       |lpm_divide:Mod0|                   ; 134 (0)           ; 0 (0)        ; 0           ; 0            ; 0       ; 0         ; 0    ; 0            ; |g23_UTC_to_MTC|g23_YMD_counter:YMD_counter|lpm_divide:Mod0                                                                                 ;              ;
;          |lpm_divide_u7m:auto_generated|  ; 134 (0)           ; 0 (0)        ; 0           ; 0            ; 0       ; 0         ; 0    ; 0            ; |g23_UTC_to_MTC|g23_YMD_counter:YMD_counter|lpm_divide:Mod0|lpm_divide_u7m:auto_generated                                                   ;              ;
;             |sign_div_unsign_5nh:divider| ; 134 (0)           ; 0 (0)        ; 0           ; 0            ; 0       ; 0         ; 0    ; 0            ; |g23_UTC_to_MTC|g23_YMD_counter:YMD_counter|lpm_divide:Mod0|lpm_divide_u7m:auto_generated|sign_div_unsign_5nh:divider                       ;              ;
;                |alt_u_div_c5f:divider|    ; 134 (134)         ; 0 (0)        ; 0           ; 0            ; 0       ; 0         ; 0    ; 0            ; |g23_UTC_to_MTC|g23_YMD_counter:YMD_counter|lpm_divide:Mod0|lpm_divide_u7m:auto_generated|sign_div_unsign_5nh:divider|alt_u_div_c5f:divider ;              ;
;       |lpm_divide:Mod1|                   ; 99 (0)            ; 0 (0)        ; 0           ; 0            ; 0       ; 0         ; 0    ; 0            ; |g23_UTC_to_MTC|g23_YMD_counter:YMD_counter|lpm_divide:Mod1                                                                                 ;              ;
;          |lpm_divide_u7m:auto_generated|  ; 99 (0)            ; 0 (0)        ; 0           ; 0            ; 0       ; 0         ; 0    ; 0            ; |g23_UTC_to_MTC|g23_YMD_counter:YMD_counter|lpm_divide:Mod1|lpm_divide_u7m:auto_generated                                                   ;              ;
;             |sign_div_unsign_5nh:divider| ; 99 (0)            ; 0 (0)        ; 0           ; 0            ; 0       ; 0         ; 0    ; 0            ; |g23_UTC_to_MTC|g23_YMD_counter:YMD_counter|lpm_divide:Mod1|lpm_divide_u7m:auto_generated|sign_div_unsign_5nh:divider                       ;              ;
;                |alt_u_div_c5f:divider|    ; 99 (99)           ; 0 (0)        ; 0           ; 0            ; 0       ; 0         ; 0    ; 0            ; |g23_UTC_to_MTC|g23_YMD_counter:YMD_counter|lpm_divide:Mod1|lpm_divide_u7m:auto_generated|sign_div_unsign_5nh:divider|alt_u_div_c5f:divider ;              ;
;    |lpm_counter:days_counter|             ; 17 (0)            ; 16 (0)       ; 0           ; 0            ; 0       ; 0         ; 0    ; 0            ; |g23_UTC_to_MTC|lpm_counter:days_counter                                                                                                    ;              ;
;       |cntr_uqk:auto_generated|           ; 17 (17)           ; 16 (16)      ; 0           ; 0            ; 0       ; 0         ; 0    ; 0            ; |g23_UTC_to_MTC|lpm_counter:days_counter|cntr_uqk:auto_generated                                                                            ;              ;
;    |lpm_counter:secs_counter|             ; 18 (0)            ; 17 (0)       ; 0           ; 0            ; 0       ; 0         ; 0    ; 0            ; |g23_UTC_to_MTC|lpm_counter:secs_counter                                                                                                    ;              ;
;       |cntr_vqk:auto_generated|           ; 18 (18)           ; 17 (17)      ; 0           ; 0            ; 0       ; 0         ; 0    ; 0            ; |g23_UTC_to_MTC|lpm_counter:secs_counter|cntr_vqk:auto_generated                                                                            ;              ;
+-------------------------------------------+-------------------+--------------+-------------+--------------+---------+-----------+------+--------------+---------------------------------------------------------------------------------------------------------------------------------------------+--------------+
Note: For table entries with two numbers listed, the numbers in parentheses indicate the number of resources of the given type used by the specific entity alone. The numbers listed outside of parentheses indicate the total resources of the given type used by the specific entity and all of its sub-entities in the hierarchy.


+------------------------------------------------------+
; General Register Statistics                          ;
+----------------------------------------------+-------+
; Statistic                                    ; Value ;
+----------------------------------------------+-------+
; Total registers                              ; 72    ;
; Number of registers using Synchronous Clear  ; 0     ;
; Number of registers using Synchronous Load   ; 50    ;
; Number of registers using Asynchronous Clear ; 38    ;
; Number of registers using Asynchronous Load  ; 0     ;
; Number of registers using Clock Enable       ; 71    ;
; Number of registers using Preset             ; 0     ;
+----------------------------------------------+-------+


+--------------------------------------------------+
; Inverted Register Statistics                     ;
+----------------------------------------+---------+
; Inverted Register                      ; Fan out ;
+----------------------------------------+---------+
; g23_YMD_counter:YMD_counter|m[0]       ; 10      ;
; g23_YMD_counter:YMD_counter|d[0]       ; 5       ;
; Total number of inverted registers = 2 ;         ;
+----------------------------------------+---------+


+----------------------------------------------------------------------------------------------------------------------------------------------------------------+
; Multiplexer Restructuring Statistics (Restructuring Performed)                                                                                                 ;
+--------------------+-----------+---------------+----------------------+------------------------+------------+--------------------------------------------------+
; Multiplexer Inputs ; Bus Width ; Baseline Area ; Area if Restructured ; Saving if Restructured ; Registered ; Example Multiplexer Output                       ;
+--------------------+-----------+---------------+----------------------+------------------------+------------+--------------------------------------------------+
; 4:1                ; 12 bits   ; 24 LEs        ; 24 LEs               ; 0 LEs                  ; Yes        ; |g23_UTC_to_MTC|g23_YMD_counter:YMD_counter|y[0] ;
; 4:1                ; 3 bits    ; 6 LEs         ; 3 LEs                ; 3 LEs                  ; Yes        ; |g23_UTC_to_MTC|g23_YMD_counter:YMD_counter|m[1] ;
; 6:1                ; 4 bits    ; 16 LEs        ; 8 LEs                ; 8 LEs                  ; Yes        ; |g23_UTC_to_MTC|g23_YMD_counter:YMD_counter|d[1] ;
+--------------------+-----------+---------------+----------------------+------------------------+------------+--------------------------------------------------+


+--------------------------------------------------------------------------------+
; Source assignments for g23_HMS_counter:HMS_counter|LPM_COUNTER:seconds_counter ;
+---------------------------+-------+------+-------------------------------------+
; Assignment                ; Value ; From ; To                                  ;
+---------------------------+-------+------+-------------------------------------+
; SUPPRESS_DA_RULE_INTERNAL ; a101  ; -    ; -                                   ;
; SUPPRESS_DA_RULE_INTERNAL ; s102  ; -    ; -                                   ;
; SUPPRESS_DA_RULE_INTERNAL ; s103  ; -    ; -                                   ;
+---------------------------+-------+------+-------------------------------------+


+--------------------------------------------------------------------------------------------------------+
; Source assignments for g23_HMS_counter:HMS_counter|LPM_COUNTER:seconds_counter|cntr_22l:auto_generated ;
+---------------------------+-------+------+-------------------------------------------------------------+
; Assignment                ; Value ; From ; To                                                          ;
+---------------------------+-------+------+-------------------------------------------------------------+
; SUPPRESS_DA_RULE_INTERNAL ; a101  ; -    ; -                                                           ;
; SUPPRESS_DA_RULE_INTERNAL ; s102  ; -    ; -                                                           ;
; SUPPRESS_DA_RULE_INTERNAL ; s103  ; -    ; -                                                           ;
+---------------------------+-------+------+-------------------------------------------------------------+


+--------------------------------------------------------------------------------+
; Source assignments for g23_HMS_counter:HMS_counter|LPM_COUNTER:minutes_counter ;
+---------------------------+-------+------+-------------------------------------+
; Assignment                ; Value ; From ; To                                  ;
+---------------------------+-------+------+-------------------------------------+
; SUPPRESS_DA_RULE_INTERNAL ; a101  ; -    ; -                                   ;
; SUPPRESS_DA_RULE_INTERNAL ; s102  ; -    ; -                                   ;
; SUPPRESS_DA_RULE_INTERNAL ; s103  ; -    ; -                                   ;
+---------------------------+-------+------+-------------------------------------+


+--------------------------------------------------------------------------------------------------------+
; Source assignments for g23_HMS_counter:HMS_counter|LPM_COUNTER:minutes_counter|cntr_22l:auto_generated ;
+---------------------------+-------+------+-------------------------------------------------------------+
; Assignment                ; Value ; From ; To                                                          ;
+---------------------------+-------+------+-------------------------------------------------------------+
; SUPPRESS_DA_RULE_INTERNAL ; a101  ; -    ; -                                                           ;
; SUPPRESS_DA_RULE_INTERNAL ; s102  ; -    ; -                                                           ;
; SUPPRESS_DA_RULE_INTERNAL ; s103  ; -    ; -                                                           ;
+---------------------------+-------+------+-------------------------------------------------------------+


+------------------------------------------------------------------------------+
; Source assignments for g23_HMS_counter:HMS_counter|LPM_COUNTER:hours_counter ;
+---------------------------+-------+------+-----------------------------------+
; Assignment                ; Value ; From ; To                                ;
+---------------------------+-------+------+-----------------------------------+
; SUPPRESS_DA_RULE_INTERNAL ; a101  ; -    ; -                                 ;
; SUPPRESS_DA_RULE_INTERNAL ; s102  ; -    ; -                                 ;
; SUPPRESS_DA_RULE_INTERNAL ; s103  ; -    ; -                                 ;
+---------------------------+-------+------+-----------------------------------+


+------------------------------------------------------------------------------------------------------+
; Source assignments for g23_HMS_counter:HMS_counter|LPM_COUNTER:hours_counter|cntr_12l:auto_generated ;
+---------------------------+-------+------+-----------------------------------------------------------+
; Assignment                ; Value ; From ; To                                                        ;
+---------------------------+-------+------+-----------------------------------------------------------+
; SUPPRESS_DA_RULE_INTERNAL ; a101  ; -    ; -                                                         ;
; SUPPRESS_DA_RULE_INTERNAL ; s102  ; -    ; -                                                         ;
; SUPPRESS_DA_RULE_INTERNAL ; s103  ; -    ; -                                                         ;
+---------------------------+-------+------+-----------------------------------------------------------+


+-------------------------------------------------+
; Source assignments for LPM_COUNTER:secs_counter ;
+---------------------------+-------+------+------+
; Assignment                ; Value ; From ; To   ;
+---------------------------+-------+------+------+
; SUPPRESS_DA_RULE_INTERNAL ; a101  ; -    ; -    ;
; SUPPRESS_DA_RULE_INTERNAL ; s102  ; -    ; -    ;
; SUPPRESS_DA_RULE_INTERNAL ; s103  ; -    ; -    ;
+---------------------------+-------+------+------+


+-------------------------------------------------+
; Source assignments for LPM_COUNTER:days_counter ;
+---------------------------+-------+------+------+
; Assignment                ; Value ; From ; To   ;
+---------------------------+-------+------+------+
; SUPPRESS_DA_RULE_INTERNAL ; a101  ; -    ; -    ;
; SUPPRESS_DA_RULE_INTERNAL ; s102  ; -    ; -    ;
; SUPPRESS_DA_RULE_INTERNAL ; s103  ; -    ; -    ;
+---------------------------+-------+------+------+


+------------------------------------------------------------------------------------------------------+
; Parameter Settings for User Entity Instance: g23_HMS_counter:HMS_counter|LPM_COUNTER:seconds_counter ;
+------------------------+-------------+---------------------------------------------------------------+
; Parameter Name         ; Value       ; Type                                                          ;
+------------------------+-------------+---------------------------------------------------------------+
; AUTO_CARRY_CHAINS      ; ON          ; AUTO_CARRY                                                    ;
; IGNORE_CARRY_BUFFERS   ; OFF         ; IGNORE_CARRY                                                  ;
; AUTO_CASCADE_CHAINS    ; ON          ; AUTO_CASCADE                                                  ;
; IGNORE_CASCADE_BUFFERS ; OFF         ; IGNORE_CASCADE                                                ;
; LPM_WIDTH              ; 6           ; Signed Integer                                                ;
; LPM_DIRECTION          ; UP          ; Untyped                                                       ;
; LPM_MODULUS            ; 60          ; Signed Integer                                                ;
; LPM_AVALUE             ; UNUSED      ; Untyped                                                       ;
; LPM_SVALUE             ; UNUSED      ; Untyped                                                       ;
; LPM_PORT_UPDOWN        ; PORT_UNUSED ; Untyped                                                       ;
; DEVICE_FAMILY          ; Cyclone II  ; Untyped                                                       ;
; CARRY_CHAIN            ; MANUAL      ; Untyped                                                       ;
; CARRY_CHAIN_LENGTH     ; 48          ; CARRY_CHAIN_LENGTH                                            ;
; NOT_GATE_PUSH_BACK     ; ON          ; NOT_GATE_PUSH_BACK                                            ;
; CARRY_CNT_EN           ; SMART       ; Untyped                                                       ;
; LABWIDE_SCLR           ; ON          ; Untyped                                                       ;
; USE_NEW_VERSION        ; TRUE        ; Untyped                                                       ;
; CBXI_PARAMETER         ; cntr_22l    ; Untyped                                                       ;
+------------------------+-------------+---------------------------------------------------------------+
Note: In order to hide this table in the UI and the text report file, please set the "Show Parameter Settings Tables in Synthesis Report" option in "Analysis and Synthesis Settings -> More Settings" to "Off".


+------------------------------------------------------------------------------------------------------+
; Parameter Settings for User Entity Instance: g23_HMS_counter:HMS_counter|LPM_COUNTER:minutes_counter ;
+------------------------+-------------+---------------------------------------------------------------+
; Parameter Name         ; Value       ; Type                                                          ;
+------------------------+-------------+---------------------------------------------------------------+
; AUTO_CARRY_CHAINS      ; ON          ; AUTO_CARRY                                                    ;
; IGNORE_CARRY_BUFFERS   ; OFF         ; IGNORE_CARRY                                                  ;
; AUTO_CASCADE_CHAINS    ; ON          ; AUTO_CASCADE                                                  ;
; IGNORE_CASCADE_BUFFERS ; OFF         ; IGNORE_CASCADE                                                ;
; LPM_WIDTH              ; 6           ; Signed Integer                                                ;
; LPM_DIRECTION          ; UP          ; Untyped                                                       ;
; LPM_MODULUS            ; 60          ; Signed Integer                                                ;
; LPM_AVALUE             ; UNUSED      ; Untyped                                                       ;
; LPM_SVALUE             ; UNUSED      ; Untyped                                                       ;
; LPM_PORT_UPDOWN        ; PORT_UNUSED ; Untyped                                                       ;
; DEVICE_FAMILY          ; Cyclone II  ; Untyped                                                       ;
; CARRY_CHAIN            ; MANUAL      ; Untyped                                                       ;
; CARRY_CHAIN_LENGTH     ; 48          ; CARRY_CHAIN_LENGTH                                            ;
; NOT_GATE_PUSH_BACK     ; ON          ; NOT_GATE_PUSH_BACK                                            ;
; CARRY_CNT_EN           ; SMART       ; Untyped                                                       ;
; LABWIDE_SCLR           ; ON          ; Untyped                                                       ;
; USE_NEW_VERSION        ; TRUE        ; Untyped                                                       ;
; CBXI_PARAMETER         ; cntr_22l    ; Untyped                                                       ;
+------------------------+-------------+---------------------------------------------------------------+
Note: In order to hide this table in the UI and the text report file, please set the "Show Parameter Settings Tables in Synthesis Report" option in "Analysis and Synthesis Settings -> More Settings" to "Off".


+----------------------------------------------------------------------------------------------------+
; Parameter Settings for User Entity Instance: g23_HMS_counter:HMS_counter|LPM_COUNTER:hours_counter ;
+------------------------+-------------+-------------------------------------------------------------+
; Parameter Name         ; Value       ; Type                                                        ;
+------------------------+-------------+-------------------------------------------------------------+
; AUTO_CARRY_CHAINS      ; ON          ; AUTO_CARRY                                                  ;
; IGNORE_CARRY_BUFFERS   ; OFF         ; IGNORE_CARRY                                                ;
; AUTO_CASCADE_CHAINS    ; ON          ; AUTO_CASCADE                                                ;
; IGNORE_CASCADE_BUFFERS ; OFF         ; IGNORE_CASCADE                                              ;
; LPM_WIDTH              ; 5           ; Signed Integer                                              ;
; LPM_DIRECTION          ; UP          ; Untyped                                                     ;
; LPM_MODULUS            ; 24          ; Signed Integer                                              ;
; LPM_AVALUE             ; UNUSED      ; Untyped                                                     ;
; LPM_SVALUE             ; UNUSED      ; Untyped                                                     ;
; LPM_PORT_UPDOWN        ; PORT_UNUSED ; Untyped                                                     ;
; DEVICE_FAMILY          ; Cyclone II  ; Untyped                                                     ;
; CARRY_CHAIN            ; MANUAL      ; Untyped                                                     ;
; CARRY_CHAIN_LENGTH     ; 48          ; CARRY_CHAIN_LENGTH                                          ;
; NOT_GATE_PUSH_BACK     ; ON          ; NOT_GATE_PUSH_BACK                                          ;
; CARRY_CNT_EN           ; SMART       ; Untyped                                                     ;
; LABWIDE_SCLR           ; ON          ; Untyped                                                     ;
; USE_NEW_VERSION        ; TRUE        ; Untyped                                                     ;
; CBXI_PARAMETER         ; cntr_12l    ; Untyped                                                     ;
+------------------------+-------------+-------------------------------------------------------------+
Note: In order to hide this table in the UI and the text report file, please set the "Show Parameter Settings Tables in Synthesis Report" option in "Analysis and Synthesis Settings -> More Settings" to "Off".


+-----------------------------------------------------------------------+
; Parameter Settings for User Entity Instance: LPM_COUNTER:secs_counter ;
+------------------------+-------------------+--------------------------+
; Parameter Name         ; Value             ; Type                     ;
+------------------------+-------------------+--------------------------+
; AUTO_CARRY_CHAINS      ; ON                ; AUTO_CARRY               ;
; IGNORE_CARRY_BUFFERS   ; OFF               ; IGNORE_CARRY             ;
; AUTO_CASCADE_CHAINS    ; ON                ; AUTO_CASCADE             ;
; IGNORE_CASCADE_BUFFERS ; OFF               ; IGNORE_CASCADE           ;
; LPM_WIDTH              ; 17                ; Signed Integer           ;
; LPM_DIRECTION          ; up                ; Untyped                  ;
; LPM_MODULUS            ; 0                 ; Signed Integer           ;
; LPM_AVALUE             ; UNUSED            ; Untyped                  ;
; LPM_SVALUE             ; UNUSED            ; Untyped                  ;
; LPM_PORT_UPDOWN        ; PORT_CONNECTIVITY ; Untyped                  ;
; DEVICE_FAMILY          ; Cyclone II        ; Untyped                  ;
; CARRY_CHAIN            ; MANUAL            ; Untyped                  ;
; CARRY_CHAIN_LENGTH     ; 48                ; CARRY_CHAIN_LENGTH       ;
; NOT_GATE_PUSH_BACK     ; ON                ; NOT_GATE_PUSH_BACK       ;
; CARRY_CNT_EN           ; SMART             ; Untyped                  ;
; LABWIDE_SCLR           ; ON                ; Untyped                  ;
; USE_NEW_VERSION        ; TRUE              ; Untyped                  ;
; CBXI_PARAMETER         ; cntr_vqk          ; Untyped                  ;
+------------------------+-------------------+--------------------------+
Note: In order to hide this table in the UI and the text report file, please set the "Show Parameter Settings Tables in Synthesis Report" option in "Analysis and Synthesis Settings -> More Settings" to "Off".


+-----------------------------------------------------------------------+
; Parameter Settings for User Entity Instance: LPM_COUNTER:days_counter ;
+------------------------+-------------------+--------------------------+
; Parameter Name         ; Value             ; Type                     ;
+------------------------+-------------------+--------------------------+
; AUTO_CARRY_CHAINS      ; ON                ; AUTO_CARRY               ;
; IGNORE_CARRY_BUFFERS   ; OFF               ; IGNORE_CARRY             ;
; AUTO_CASCADE_CHAINS    ; ON                ; AUTO_CASCADE             ;
; IGNORE_CASCADE_BUFFERS ; OFF               ; IGNORE_CASCADE           ;
; LPM_WIDTH              ; 16                ; Signed Integer           ;
; LPM_DIRECTION          ; up                ; Untyped                  ;
; LPM_MODULUS            ; 0                 ; Signed Integer           ;
; LPM_AVALUE             ; UNUSED            ; Untyped                  ;
; LPM_SVALUE             ; UNUSED            ; Untyped                  ;
; LPM_PORT_UPDOWN        ; PORT_CONNECTIVITY ; Untyped                  ;
; DEVICE_FAMILY          ; Cyclone II        ; Untyped                  ;
; CARRY_CHAIN            ; MANUAL            ; Untyped                  ;
; CARRY_CHAIN_LENGTH     ; 48                ; CARRY_CHAIN_LENGTH       ;
; NOT_GATE_PUSH_BACK     ; ON                ; NOT_GATE_PUSH_BACK       ;
; CARRY_CNT_EN           ; SMART             ; Untyped                  ;
; LABWIDE_SCLR           ; ON                ; Untyped                  ;
; USE_NEW_VERSION        ; TRUE              ; Untyped                  ;
; CBXI_PARAMETER         ; cntr_uqk          ; Untyped                  ;
+------------------------+-------------------+--------------------------+
Note: In order to hide this table in the UI and the text report file, please set the "Show Parameter Settings Tables in Synthesis Report" option in "Analysis and Synthesis Settings -> More Settings" to "Off".


+----------------------------------------------------------------------------------------------+
; Parameter Settings for Inferred Entity Instance: g23_YMD_counter:YMD_counter|lpm_divide:Mod1 ;
+------------------------+----------------+----------------------------------------------------+
; Parameter Name         ; Value          ; Type                                               ;
+------------------------+----------------+----------------------------------------------------+
; LPM_WIDTHN             ; 12             ; Untyped                                            ;
; LPM_WIDTHD             ; 12             ; Untyped                                            ;
; LPM_NREPRESENTATION    ; UNSIGNED       ; Untyped                                            ;
; LPM_DREPRESENTATION    ; UNSIGNED       ; Untyped                                            ;
; LPM_PIPELINE           ; 0              ; Untyped                                            ;
; LPM_REMAINDERPOSITIVE  ; TRUE           ; Untyped                                            ;
; MAXIMIZE_SPEED         ; 5              ; Untyped                                            ;
; CBXI_PARAMETER         ; lpm_divide_u7m ; Untyped                                            ;
; CARRY_CHAIN            ; MANUAL         ; Untyped                                            ;
; OPTIMIZE_FOR_SPEED     ; 5              ; Untyped                                            ;
; AUTO_CARRY_CHAINS      ; ON             ; AUTO_CARRY                                         ;
; IGNORE_CARRY_BUFFERS   ; OFF            ; IGNORE_CARRY                                       ;
; AUTO_CASCADE_CHAINS    ; ON             ; AUTO_CASCADE                                       ;
; IGNORE_CASCADE_BUFFERS ; OFF            ; IGNORE_CASCADE                                     ;
+------------------------+----------------+----------------------------------------------------+
Note: In order to hide this table in the UI and the text report file, please set the "Show Parameter Settings Tables in Synthesis Report" option in "Analysis and Synthesis Settings -> More Settings" to "Off".


+----------------------------------------------------------------------------------------------+
; Parameter Settings for Inferred Entity Instance: g23_YMD_counter:YMD_counter|lpm_divide:Mod0 ;
+------------------------+----------------+----------------------------------------------------+
; Parameter Name         ; Value          ; Type                                               ;
+------------------------+----------------+----------------------------------------------------+
; LPM_WIDTHN             ; 12             ; Untyped                                            ;
; LPM_WIDTHD             ; 12             ; Untyped                                            ;
; LPM_NREPRESENTATION    ; UNSIGNED       ; Untyped                                            ;
; LPM_DREPRESENTATION    ; UNSIGNED       ; Untyped                                            ;
; LPM_PIPELINE           ; 0              ; Untyped                                            ;
; LPM_REMAINDERPOSITIVE  ; TRUE           ; Untyped                                            ;
; MAXIMIZE_SPEED         ; 5              ; Untyped                                            ;
; CBXI_PARAMETER         ; lpm_divide_u7m ; Untyped                                            ;
; CARRY_CHAIN            ; MANUAL         ; Untyped                                            ;
; OPTIMIZE_FOR_SPEED     ; 5              ; Untyped                                            ;
; AUTO_CARRY_CHAINS      ; ON             ; AUTO_CARRY                                         ;
; IGNORE_CARRY_BUFFERS   ; OFF            ; IGNORE_CARRY                                       ;
; AUTO_CASCADE_CHAINS    ; ON             ; AUTO_CASCADE                                       ;
; IGNORE_CASCADE_BUFFERS ; OFF            ; IGNORE_CASCADE                                     ;
+------------------------+----------------+----------------------------------------------------+
Note: In order to hide this table in the UI and the text report file, please set the "Show Parameter Settings Tables in Synthesis Report" option in "Analysis and Synthesis Settings -> More Settings" to "Off".


+------------------------------------------------------------------------------------------------------------------------+
; Port Connectivity Checks: "g23_Seconds_to_Days:seconds_to_days"                                                        ;
+--------------+--------+----------+-------------------------------------------------------------------------------------+
; Port         ; Type   ; Severity ; Details                                                                             ;
+--------------+--------+----------+-------------------------------------------------------------------------------------+
; day_fraction ; Output ; Info     ; Connected to dangling logic. Logic that only feeds a dangling port will be removed. ;
+--------------+--------+----------+-------------------------------------------------------------------------------------+


+---------------------------------------------------------+
; Port Connectivity Checks: "g23_HMS_counter:HMS_counter" ;
+-------+-------+----------+------------------------------+
; Port  ; Type  ; Severity ; Details                      ;
+-------+-------+----------+------------------------------+
; h_set ; Input ; Info     ; Stuck at GND                 ;
; m_set ; Input ; Info     ; Stuck at GND                 ;
; s_set ; Input ; Info     ; Stuck at GND                 ;
+-------+-------+----------+------------------------------+


+---------------------------------------------------------+
; Port Connectivity Checks: "g23_YMD_counter:YMD_counter" ;
+--------------+-------+----------+-----------------------+
; Port         ; Type  ; Severity ; Details               ;
+--------------+-------+----------+-----------------------+
; y_set[10..6] ; Input ; Info     ; Stuck at VCC          ;
; y_set[3..0]  ; Input ; Info     ; Stuck at GND          ;
; y_set[11]    ; Input ; Info     ; Stuck at GND          ;
; y_set[5]     ; Input ; Info     ; Stuck at GND          ;
; y_set[4]     ; Input ; Info     ; Stuck at VCC          ;
; m_set[3..1]  ; Input ; Info     ; Stuck at GND          ;
; m_set[0]     ; Input ; Info     ; Stuck at VCC          ;
; d_set[2..1]  ; Input ; Info     ; Stuck at VCC          ;
; d_set[4..3]  ; Input ; Info     ; Stuck at GND          ;
; d_set[0]     ; Input ; Info     ; Stuck at GND          ;
+--------------+-------+----------+-----------------------+


+-------------------------------+
; Analysis & Synthesis Messages ;
+-------------------------------+
Info: *******************************************************************
Info: Running Quartus II Analysis & Synthesis
    Info: Version 9.1 Build 350 03/24/2010 Service Pack 2 SJ Full Version
    Info: Processing started: Fri Mar 28 17:20:46 2014
Info: Command: quartus_map --read_settings_files=on --write_settings_files=off g23_lab4 -c g23_lab4
Info: Parallel compilation is enabled and will use 4 of the 4 processors detected
Info: Found 2 design units, including 1 entities, in source file g23_ymd_counter.vhd
    Info: Found design unit 1: g23_YMD_counter-alpha
    Info: Found entity 1: g23_YMD_counter
Info: Found 2 design units, including 1 entities, in source file g23_ymd_testbed.vhd
    Info: Found design unit 1: g23_YMD_testbed-alpha
    Info: Found entity 1: g23_YMD_testbed
Info: Found 2 design units, including 1 entities, in source file g23_basic_timer.vhd
    Info: Found design unit 1: g23_basic_timer-alpha
    Info: Found entity 1: g23_basic_timer
Info: Found 2 design units, including 1 entities, in source file g23_7_segment_decoder.vhd
    Info: Found design unit 1: g23_7_segment_decoder-alpha
    Info: Found entity 1: g23_7_segment_decoder
Info: Found 2 design units, including 1 entities, in source file g23_binary_to_bcd.vhd
    Info: Found design unit 1: g23_binary_to_BCD-look_up_table
    Info: Found entity 1: g23_binary_to_BCD
Info: Found 1 design units, including 1 entities, in source file testbed_block.bdf
    Info: Found entity 1: testbed_block
Info: Found 2 design units, including 1 entities, in source file g23_generic_timer.vhd
    Info: Found design unit 1: g23_generic_timer-alpha
    Info: Found entity 1: g23_generic_timer
Info: Found 2 design units, including 1 entities, in source file g23_seconds_to_days.vhd
    Info: Found design unit 1: g23_Seconds_to_Days-cascading
    Info: Found entity 1: g23_Seconds_to_Days
Info: Found 2 design units, including 1 entities, in source file g23_hms_counter.vhd
    Info: Found design unit 1: g23_HMS_counter-alpha
    Info: Found entity 1: g23_HMS_counter
Info: Found 2 design units, including 1 entities, in source file g23_utc_to_mtc.vhd
    Info: Found design unit 1: g23_UTC_to_MTC-cascading
    Info: Found entity 1: g23_UTC_to_MTC
Info: Elaborating entity "g23_UTC_to_MTC" for the top level hierarchy
Warning (10541): VHDL Signal Declaration warning at g23_UTC_to_MTC.vhd(40): used implicit default value for signal "Mars_hours" because signal was never assigned a value or an explicit default value. Use of implicit default value may introduce unintended design optimizations.
Warning (10541): VHDL Signal Declaration warning at g23_UTC_to_MTC.vhd(41): used implicit default value for signal "Mars_minutes" because signal was never assigned a value or an explicit default value. Use of implicit default value may introduce unintended design optimizations.
Warning (10541): VHDL Signal Declaration warning at g23_UTC_to_MTC.vhd(42): used implicit default value for signal "Mars_seconds" because signal was never assigned a value or an explicit default value. Use of implicit default value may introduce unintended design optimizations.
Warning (10036): Verilog HDL or VHDL warning at g23_UTC_to_MTC.vhd(110): object "day_frac" assigned a value but never read
Info: Elaborating entity "g23_YMD_counter" for hierarchy "g23_YMD_counter:YMD_counter"
Info: Elaborating entity "g23_HMS_counter" for hierarchy "g23_HMS_counter:HMS_counter"
Info: Elaborating entity "LPM_COUNTER" for hierarchy "g23_HMS_counter:HMS_counter|LPM_COUNTER:seconds_counter"
Info: Elaborated megafunction instantiation "g23_HMS_counter:HMS_counter|LPM_COUNTER:seconds_counter"
Info: Instantiated megafunction "g23_HMS_counter:HMS_counter|LPM_COUNTER:seconds_counter" with the following parameter:
    Info: Parameter "LPM_WIDTH" = "6"
    Info: Parameter "LPM_MODULUS" = "60"
    Info: Parameter "LPM_DIRECTION" = "UP"
    Info: Parameter "LPM_AVALUE" = "UNUSED"
    Info: Parameter "LPM_SVALUE" = "UNUSED"
    Info: Parameter "LPM_PORT_UPDOWN" = "PORT_UNUSED"
    Info: Parameter "LPM_PVALUE" = "UNUSED"
    Info: Parameter "LPM_TYPE" = "LPM_COUNTER"
    Info: Parameter "LPM_HINT" = "UNUSED"
Warning: Assertion warning: Counter will power up to an undefined state.  An asynchronous signal should be asserted before the counter reaches a known state.
Info: Found 1 design units, including 1 entities, in source file db/cntr_22l.tdf
    Info: Found entity 1: cntr_22l
Info: Elaborating entity "cntr_22l" for hierarchy "g23_HMS_counter:HMS_counter|LPM_COUNTER:seconds_counter|cntr_22l:auto_generated"
Info: Found 1 design units, including 1 entities, in source file db/cmpr_acc.tdf
    Info: Found entity 1: cmpr_acc
Info: Elaborating entity "cmpr_acc" for hierarchy "g23_HMS_counter:HMS_counter|LPM_COUNTER:seconds_counter|cntr_22l:auto_generated|cmpr_acc:cmpr2"
Info: Elaborating entity "LPM_COUNTER" for hierarchy "g23_HMS_counter:HMS_counter|LPM_COUNTER:hours_counter"
Info: Elaborated megafunction instantiation "g23_HMS_counter:HMS_counter|LPM_COUNTER:hours_counter"
Info: Instantiated megafunction "g23_HMS_counter:HMS_counter|LPM_COUNTER:hours_counter" with the following parameter:
    Info: Parameter "LPM_WIDTH" = "5"
    Info: Parameter "LPM_MODULUS" = "24"
    Info: Parameter "LPM_DIRECTION" = "UP"
    Info: Parameter "LPM_AVALUE" = "UNUSED"
    Info: Parameter "LPM_SVALUE" = "UNUSED"
    Info: Parameter "LPM_PORT_UPDOWN" = "PORT_UNUSED"
    Info: Parameter "LPM_PVALUE" = "UNUSED"
    Info: Parameter "LPM_TYPE" = "LPM_COUNTER"
    Info: Parameter "LPM_HINT" = "UNUSED"
Warning: Assertion warning: Counter will power up to an undefined state.  An asynchronous signal should be asserted before the counter reaches a known state.
Info: Found 1 design units, including 1 entities, in source file db/cntr_12l.tdf
    Info: Found entity 1: cntr_12l
Info: Elaborating entity "cntr_12l" for hierarchy "g23_HMS_counter:HMS_counter|LPM_COUNTER:hours_counter|cntr_12l:auto_generated"
Info: Found 1 design units, including 1 entities, in source file db/cmpr_9cc.tdf
    Info: Found entity 1: cmpr_9cc
Info: Elaborating entity "cmpr_9cc" for hierarchy "g23_HMS_counter:HMS_counter|LPM_COUNTER:hours_counter|cntr_12l:auto_generated|cmpr_9cc:cmpr2"
Info: Elaborating entity "LPM_COUNTER" for hierarchy "LPM_COUNTER:secs_counter"
Warning: Assertion warning: Either aload or sload is used without the data[] port connected or the data[] port is connected to ground
Info: Elaborated megafunction instantiation "LPM_COUNTER:secs_counter"
Info: Instantiated megafunction "LPM_COUNTER:secs_counter" with the following parameter:
    Info: Parameter "LPM_WIDTH" = "17"
    Info: Parameter "LPM_MODULUS" = "0"
    Info: Parameter "LPM_DIRECTION" = "up"
    Info: Parameter "LPM_AVALUE" = "UNUSED"
    Info: Parameter "LPM_SVALUE" = "UNUSED"
    Info: Parameter "LPM_PORT_UPDOWN" = "PORT_CONNECTIVITY"
    Info: Parameter "LPM_PVALUE" = "UNUSED"
    Info: Parameter "LPM_TYPE" = "LPM_COUNTER"
    Info: Parameter "LPM_HINT" = "UNUSED"
Warning: Assertion warning: The data port is not connected or grounded when SLOAD is used
Info: Found 1 design units, including 1 entities, in source file db/cntr_vqk.tdf
    Info: Found entity 1: cntr_vqk
Info: Elaborating entity "cntr_vqk" for hierarchy "LPM_COUNTER:secs_counter|cntr_vqk:auto_generated"
Info: Elaborating entity "LPM_COUNTER" for hierarchy "LPM_COUNTER:days_counter"
Warning: Assertion warning: Either aload or sload is used without the data[] port connected or the data[] port is connected to ground
Info: Elaborated megafunction instantiation "LPM_COUNTER:days_counter"
Info: Instantiated megafunction "LPM_COUNTER:days_counter" with the following parameter:
    Info: Parameter "LPM_WIDTH" = "16"
    Info: Parameter "LPM_MODULUS" = "0"
    Info: Parameter "LPM_DIRECTION" = "up"
    Info: Parameter "LPM_AVALUE" = "UNUSED"
    Info: Parameter "LPM_SVALUE" = "UNUSED"
    Info: Parameter "LPM_PORT_UPDOWN" = "PORT_CONNECTIVITY"
    Info: Parameter "LPM_PVALUE" = "UNUSED"
    Info: Parameter "LPM_TYPE" = "LPM_COUNTER"
    Info: Parameter "LPM_HINT" = "UNUSED"
Warning: Assertion warning: The data port is not connected or grounded when SLOAD is used
Info: Found 1 design units, including 1 entities, in source file db/cntr_uqk.tdf
    Info: Found entity 1: cntr_uqk
Info: Elaborating entity "cntr_uqk" for hierarchy "LPM_COUNTER:days_counter|cntr_uqk:auto_generated"
Info: Elaborating entity "g23_Seconds_to_Days" for hierarchy "g23_Seconds_to_Days:seconds_to_days"
Info: Inferred 2 megafunctions from design logic
    Info: Inferred divider/modulo megafunction ("lpm_divide") from the following logic: "g23_YMD_counter:YMD_counter|Mod1"
    Info: Inferred divider/modulo megafunction ("lpm_divide") from the following logic: "g23_YMD_counter:YMD_counter|Mod0"
Info: Elaborated megafunction instantiation "g23_YMD_counter:YMD_counter|lpm_divide:Mod1"
Info: Instantiated megafunction "g23_YMD_counter:YMD_counter|lpm_divide:Mod1" with the following parameter:
    Info: Parameter "LPM_WIDTHN" = "12"
    Info: Parameter "LPM_WIDTHD" = "12"
    Info: Parameter "LPM_NREPRESENTATION" = "UNSIGNED"
    Info: Parameter "LPM_DREPRESENTATION" = "UNSIGNED"
Info: Found 1 design units, including 1 entities, in source file db/lpm_divide_u7m.tdf
    Info: Found entity 1: lpm_divide_u7m
Info: Found 1 design units, including 1 entities, in source file db/sign_div_unsign_5nh.tdf
    Info: Found entity 1: sign_div_unsign_5nh
Info: Found 1 design units, including 1 entities, in source file db/alt_u_div_c5f.tdf
    Info: Found entity 1: alt_u_div_c5f
Info: Found 1 design units, including 1 entities, in source file db/add_sub_lkc.tdf
    Info: Found entity 1: add_sub_lkc
Info: Found 1 design units, including 1 entities, in source file db/add_sub_mkc.tdf
    Info: Found entity 1: add_sub_mkc
Info: Elaborated megafunction instantiation "g23_YMD_counter:YMD_counter|lpm_divide:Mod0"
Info: Instantiated megafunction "g23_YMD_counter:YMD_counter|lpm_divide:Mod0" with the following parameter:
    Info: Parameter "LPM_WIDTHN" = "12"
    Info: Parameter "LPM_WIDTHD" = "12"
    Info: Parameter "LPM_NREPRESENTATION" = "UNSIGNED"
    Info: Parameter "LPM_DREPRESENTATION" = "UNSIGNED"
Info: Registers with preset signals will power-up high
Info: DEV_CLRn pin will set, and not reset, register with preset signal due to NOT Gate Push-Back
Warning: Output pins are stuck at VCC or GND
    Warning (13410): Pin "Mars_hours[0]" is stuck at GND
    Warning (13410): Pin "Mars_hours[1]" is stuck at GND
    Warning (13410): Pin "Mars_hours[2]" is stuck at GND
    Warning (13410): Pin "Mars_hours[3]" is stuck at GND
    Warning (13410): Pin "Mars_hours[4]" is stuck at GND
    Warning (13410): Pin "Mars_minutes[0]" is stuck at GND
    Warning (13410): Pin "Mars_minutes[1]" is stuck at GND
    Warning (13410): Pin "Mars_minutes[2]" is stuck at GND
    Warning (13410): Pin "Mars_minutes[3]" is stuck at GND
    Warning (13410): Pin "Mars_minutes[4]" is stuck at GND
    Warning (13410): Pin "Mars_minutes[5]" is stuck at GND
    Warning (13410): Pin "Mars_seconds[0]" is stuck at GND
    Warning (13410): Pin "Mars_seconds[1]" is stuck at GND
    Warning (13410): Pin "Mars_seconds[2]" is stuck at GND
    Warning (13410): Pin "Mars_seconds[3]" is stuck at GND
    Warning (13410): Pin "Mars_seconds[4]" is stuck at GND
    Warning (13410): Pin "Mars_seconds[5]" is stuck at GND
Info: Implemented 581 device resources after synthesis - the final resource count might be different
    Info: Implemented 41 input pins
    Info: Implemented 72 output pins
    Info: Implemented 468 logic cells
Info: Quartus II Analysis & Synthesis was successful. 0 errors, 28 warnings
    Info: Peak virtual memory: 245 megabytes
    Info: Processing ended: Fri Mar 28 17:20:49 2014
    Info: Elapsed time: 00:00:03
    Info: Total CPU time (on all processors): 00:00:03


