Analysis & Synthesis report for g23_lab5
Wed Apr 09 14:10:30 2014
Quartus II 64-Bit Version 9.1 Build 350 03/24/2010 Service Pack 2 SJ Full Version


---------------------
; Table of Contents ;
---------------------
  1. Legal Notice
  2. Analysis & Synthesis Summary
  3. Analysis & Synthesis Settings
  4. Parallel Compilation
  5. Analysis & Synthesis Source Files Read
  6. Analysis & Synthesis Resource Usage Summary
  7. Analysis & Synthesis Resource Utilization by Entity
  8. General Register Statistics
  9. Parameter Settings for Inferred Entity Instance: lpm_divide:Div0
 10. Parameter Settings for Inferred Entity Instance: lpm_mult:Mult0
 11. Parameter Settings for Inferred Entity Instance: lpm_divide:Div1
 12. Parameter Settings for Inferred Entity Instance: lpm_mult:Mult1
 13. Parameter Settings for Inferred Entity Instance: lpm_divide:Div2
 14. lpm_mult Parameter Settings by Entity Instance
 15. Analysis & Synthesis Messages



----------------
; Legal Notice ;
----------------
Copyright (C) 1991-2010 Altera Corporation
Your use of Altera Corporation's design tools, logic functions 
and other software and tools, and its AMPP partner logic 
functions, and any output files from any of the foregoing 
(including device programming or simulation files), and any 
associated documentation or information are expressly subject 
to the terms and conditions of the Altera Program License 
Subscription Agreement, Altera MegaCore Function License 
Agreement, or other applicable license agreement, including, 
without limitation, that your use is for the sole purpose of 
programming logic devices manufactured by Altera and sold by 
Altera or its authorized distributors.  Please refer to the 
applicable agreement for further details.



+-------------------------------------------------------------------------------+
; Analysis & Synthesis Summary                                                  ;
+-------------------------------+-----------------------------------------------+
; Analysis & Synthesis Status   ; Successful - Wed Apr 09 14:10:30 2014         ;
; Quartus II 64-Bit Version     ; 9.1 Build 350 03/24/2010 SP 2 SJ Full Version ;
; Revision Name                 ; g23_lab5                                      ;
; Top-level Entity Name         ; g23_12_to_BCD                                 ;
; Family                        ; Stratix II                                    ;
; Logic utilization             ; N/A                                           ;
;     Combinational ALUTs       ; 551                                           ;
;     Dedicated logic registers ; 0                                             ;
; Total registers               ; 0                                             ;
; Total pins                    ; 28                                            ;
; Total virtual pins            ; 0                                             ;
; Total block memory bits       ; 0                                             ;
; DSP block 9-bit elements      ; 0                                             ;
; Total PLLs                    ; 0                                             ;
; Total DLLs                    ; 0                                             ;
+-------------------------------+-----------------------------------------------+


+----------------------------------------------------------------------------------------------------------------------+
; Analysis & Synthesis Settings                                                                                        ;
+----------------------------------------------------------------------------+--------------------+--------------------+
; Option                                                                     ; Setting            ; Default Value      ;
+----------------------------------------------------------------------------+--------------------+--------------------+
; Top-level entity name                                                      ; g23_12_to_BCD      ; g23_lab5           ;
; Family name                                                                ; Stratix II         ; Stratix II         ;
; Use Generated Physical Constraints File                                    ; Off                ;                    ;
; Use smart compilation                                                      ; Off                ; Off                ;
; Enable parallel Assembler and TimeQuest Timing Analyzer during compilation ; On                 ; On                 ;
; Enable compact report table                                                ; Off                ; Off                ;
; Restructure Multiplexers                                                   ; Auto               ; Auto               ;
; Create Debugging Nodes for IP Cores                                        ; Off                ; Off                ;
; Preserve fewer node names                                                  ; On                 ; On                 ;
; Disable OpenCore Plus hardware evaluation                                  ; Off                ; Off                ;
; Verilog Version                                                            ; Verilog_2001       ; Verilog_2001       ;
; VHDL Version                                                               ; VHDL_1993          ; VHDL_1993          ;
; State Machine Processing                                                   ; Auto               ; Auto               ;
; Safe State Machine                                                         ; Off                ; Off                ;
; Extract Verilog State Machines                                             ; On                 ; On                 ;
; Extract VHDL State Machines                                                ; On                 ; On                 ;
; Ignore Verilog initial constructs                                          ; Off                ; Off                ;
; Iteration limit for constant Verilog loops                                 ; 5000               ; 5000               ;
; Iteration limit for non-constant Verilog loops                             ; 250                ; 250                ;
; Add Pass-Through Logic to Inferred RAMs                                    ; On                 ; On                 ;
; Parallel Synthesis                                                         ; On                 ; On                 ;
; DSP Block Balancing                                                        ; Auto               ; Auto               ;
; NOT Gate Push-Back                                                         ; On                 ; On                 ;
; Power-Up Don't Care                                                        ; On                 ; On                 ;
; Remove Redundant Logic Cells                                               ; Off                ; Off                ;
; Remove Duplicate Registers                                                 ; On                 ; On                 ;
; Ignore CARRY Buffers                                                       ; Off                ; Off                ;
; Ignore CASCADE Buffers                                                     ; Off                ; Off                ;
; Ignore GLOBAL Buffers                                                      ; Off                ; Off                ;
; Ignore ROW GLOBAL Buffers                                                  ; Off                ; Off                ;
; Ignore LCELL Buffers                                                       ; Off                ; Off                ;
; Ignore SOFT Buffers                                                        ; On                 ; On                 ;
; Limit AHDL Integers to 32 Bits                                             ; Off                ; Off                ;
; Optimization Technique                                                     ; Balanced           ; Balanced           ;
; Carry Chain Length                                                         ; 70                 ; 70                 ;
; Auto Carry Chains                                                          ; On                 ; On                 ;
; Auto Open-Drain Pins                                                       ; On                 ; On                 ;
; Perform WYSIWYG Primitive Resynthesis                                      ; Off                ; Off                ;
; Auto ROM Replacement                                                       ; On                 ; On                 ;
; Auto RAM Replacement                                                       ; On                 ; On                 ;
; Auto DSP Block Replacement                                                 ; On                 ; On                 ;
; Auto Shift Register Replacement                                            ; Auto               ; Auto               ;
; Auto Clock Enable Replacement                                              ; On                 ; On                 ;
; Strict RAM Replacement                                                     ; Off                ; Off                ;
; Allow Synchronous Control Signals                                          ; On                 ; On                 ;
; Force Use of Synchronous Clear Signals                                     ; Off                ; Off                ;
; Auto RAM Block Balancing                                                   ; On                 ; On                 ;
; Auto RAM to Logic Cell Conversion                                          ; Off                ; Off                ;
; Auto Resource Sharing                                                      ; Off                ; Off                ;
; Allow Any RAM Size For Recognition                                         ; Off                ; Off                ;
; Allow Any ROM Size For Recognition                                         ; Off                ; Off                ;
; Allow Any Shift Register Size For Recognition                              ; Off                ; Off                ;
; Use LogicLock Constraints during Resource Balancing                        ; On                 ; On                 ;
; Ignore translate_off and synthesis_off directives                          ; Off                ; Off                ;
; Timing-Driven Synthesis                                                    ; Off                ; Off                ;
; Show Parameter Settings Tables in Synthesis Report                         ; On                 ; On                 ;
; Ignore Maximum Fan-Out Assignments                                         ; Off                ; Off                ;
; Synchronization Register Chain Length                                      ; 2                  ; 2                  ;
; PowerPlay Power Optimization                                               ; Normal compilation ; Normal compilation ;
; HDL message level                                                          ; Level2             ; Level2             ;
; Suppress Register Optimization Related Messages                            ; Off                ; Off                ;
; Number of Removed Registers Reported in Synthesis Report                   ; 5000               ; 5000               ;
; Number of Inverted Registers Reported in Synthesis Report                  ; 100                ; 100                ;
; Clock MUX Protection                                                       ; On                 ; On                 ;
; Auto Gated Clock Conversion                                                ; Off                ; Off                ;
; Block Design Naming                                                        ; Auto               ; Auto               ;
; SDC constraint protection                                                  ; Off                ; Off                ;
; Synthesis Effort                                                           ; Auto               ; Auto               ;
; Shift Register Replacement - Allow Asynchronous Clear Signal               ; On                 ; On                 ;
; Analysis & Synthesis Message Level                                         ; Medium             ; Medium             ;
; Disable Register Merging Across Hierarchies                                ; Auto               ; Auto               ;
; Resource Aware Inference For Block RAM                                     ; On                 ; On                 ;
+----------------------------------------------------------------------------+--------------------+--------------------+


+------------------------------------------+
; Parallel Compilation                     ;
+----------------------------+-------------+
; Processors                 ; Number      ;
+----------------------------+-------------+
; Number detected on machine ; 4           ;
; Maximum allowed            ; 4           ;
;                            ;             ;
; Average used               ; 1.00        ;
; Maximum used               ; 1           ;
;                            ;             ;
; Usage by Processor         ; % Time Used ;
;     1 processor            ; 100.0%      ;
;     2-4 processors         ;   0.0%      ;
+----------------------------+-------------+


+-----------------------------------------------------------------------------------------------------------------------------------------------------------+
; Analysis & Synthesis Source Files Read                                                                                                                    ;
+----------------------------------+-----------------+------------------------------+-----------------------------------------------------------------------+
; File Name with User-Entered Path ; Used in Netlist ; File Type                    ; File Name with Absolute Path                                          ;
+----------------------------------+-----------------+------------------------------+-----------------------------------------------------------------------+
; g23_12_to_BCD.vhd                ; yes             ; User VHDL File               ; C:/Users/gludwi/digital-system-design/lab5/g23_12_to_BCD.vhd          ;
; lpm_divide.tdf                   ; yes             ; Megafunction                 ; c:/altera/91sp2/quartus/libraries/megafunctions/lpm_divide.tdf        ;
; db/lpm_divide_rgm.tdf            ; yes             ; Auto-Generated Megafunction  ; C:/Users/gludwi/digital-system-design/lab5/db/lpm_divide_rgm.tdf      ;
; db/sign_div_unsign_3nh.tdf       ; yes             ; Auto-Generated Megafunction  ; C:/Users/gludwi/digital-system-design/lab5/db/sign_div_unsign_3nh.tdf ;
; db/alt_u_div_a6f.tdf             ; yes             ; Auto-Generated Megafunction  ; C:/Users/gludwi/digital-system-design/lab5/db/alt_u_div_a6f.tdf       ;
; lpm_mult.tdf                     ; yes             ; Megafunction                 ; c:/altera/91sp2/quartus/libraries/megafunctions/lpm_mult.tdf          ;
; multcore.tdf                     ; yes             ; Megafunction                 ; c:/altera/91sp2/quartus/libraries/megafunctions/multcore.tdf          ;
; mpar_add.tdf                     ; yes             ; Megafunction                 ; c:/altera/91sp2/quartus/libraries/megafunctions/mpar_add.tdf          ;
; altshift.tdf                     ; yes             ; Megafunction                 ; c:/altera/91sp2/quartus/libraries/megafunctions/altshift.tdf          ;
; db/lpm_divide_eto.tdf            ; yes             ; Auto-Generated Megafunction  ; C:/Users/gludwi/digital-system-design/lab5/db/lpm_divide_eto.tdf      ;
; db/abs_divider_pbg.tdf           ; yes             ; Auto-Generated Megafunction  ; C:/Users/gludwi/digital-system-design/lab5/db/abs_divider_pbg.tdf     ;
; db/alt_u_div_04f.tdf             ; yes             ; Auto-Generated Megafunction  ; C:/Users/gludwi/digital-system-design/lab5/db/alt_u_div_04f.tdf       ;
; db/lpm_abs_lr9.tdf               ; yes             ; Auto-Generated Megafunction  ; C:/Users/gludwi/digital-system-design/lab5/db/lpm_abs_lr9.tdf         ;
; db/lpm_abs_4t9.tdf               ; yes             ; Auto-Generated Megafunction  ; C:/Users/gludwi/digital-system-design/lab5/db/lpm_abs_4t9.tdf         ;
; db/lpm_divide_cto.tdf            ; yes             ; Auto-Generated Megafunction  ; C:/Users/gludwi/digital-system-design/lab5/db/lpm_divide_cto.tdf      ;
; db/abs_divider_nbg.tdf           ; yes             ; Auto-Generated Megafunction  ; C:/Users/gludwi/digital-system-design/lab5/db/abs_divider_nbg.tdf     ;
; db/alt_u_div_s3f.tdf             ; yes             ; Auto-Generated Megafunction  ; C:/Users/gludwi/digital-system-design/lab5/db/alt_u_div_s3f.tdf       ;
; db/lpm_abs_ir9.tdf               ; yes             ; Auto-Generated Megafunction  ; C:/Users/gludwi/digital-system-design/lab5/db/lpm_abs_ir9.tdf         ;
; db/lpm_abs_5t9.tdf               ; yes             ; Auto-Generated Megafunction  ; C:/Users/gludwi/digital-system-design/lab5/db/lpm_abs_5t9.tdf         ;
+----------------------------------+-----------------+------------------------------+-----------------------------------------------------------------------+


+-----------------------------------------------------------------------------------------------------------------------------------------------------------------------------+
; Analysis & Synthesis Resource Usage Summary                                                                                                                                 ;
+-----------------------------------------------+-----------------------------------------------------------------------------------------------------------------------------+
; Resource                                      ; Usage                                                                                                                       ;
+-----------------------------------------------+-----------------------------------------------------------------------------------------------------------------------------+
; Estimated ALUTs Used                          ; 551                                                                                                                         ;
; Dedicated logic registers                     ; 0                                                                                                                           ;
;                                               ;                                                                                                                             ;
; Estimated ALUTs Unavailable                   ; 2                                                                                                                           ;
;                                               ;                                                                                                                             ;
; Total combinational functions                 ; 551                                                                                                                         ;
; Combinational ALUT usage by number of inputs  ;                                                                                                                             ;
;     -- 7 input functions                      ; 1                                                                                                                           ;
;     -- 6 input functions                      ; 1                                                                                                                           ;
;     -- 5 input functions                      ; 1                                                                                                                           ;
;     -- 4 input functions                      ; 110                                                                                                                         ;
;     -- <=3 input functions                    ; 438                                                                                                                         ;
;                                               ;                                                                                                                             ;
; Combinational ALUTs by mode                   ;                                                                                                                             ;
;     -- normal mode                            ; 224                                                                                                                         ;
;     -- extended LUT mode                      ; 1                                                                                                                           ;
;     -- arithmetic mode                        ; 267                                                                                                                         ;
;     -- shared arithmetic mode                 ; 59                                                                                                                          ;
;                                               ;                                                                                                                             ;
; Estimated ALUT/register pairs used            ; 553                                                                                                                         ;
;                                               ;                                                                                                                             ;
; Total registers                               ; 0                                                                                                                           ;
;     -- Dedicated logic registers              ; 0                                                                                                                           ;
;     -- I/O registers                          ; 0                                                                                                                           ;
;                                               ;                                                                                                                             ;
; Estimated ALMs:  partially or completely used ; 277                                                                                                                         ;
;                                               ;                                                                                                                             ;
; I/O pins                                      ; 28                                                                                                                          ;
; Maximum fan-out node                          ; lpm_divide:Div0|lpm_divide_rgm:auto_generated|sign_div_unsign_3nh:divider|alt_u_div_a6f:divider|add_sub_9_result_int[10]~41 ;
; Maximum fan-out                               ; 36                                                                                                                          ;
; Total fan-out                                 ; 1571                                                                                                                        ;
; Average fan-out                               ; 2.71                                                                                                                        ;
+-----------------------------------------------+-----------------------------------------------------------------------------------------------------------------------------+


+------------------------------------------------------------------------------------------------------------------------------------------------------------------------------------------------------------------------------------------------------------------------------------------------------+
; Analysis & Synthesis Resource Utilization by Entity                                                                                                                                                                                                                                                  ;
+----------------------------------------+-------------------+--------------+-------------------+--------------+---------+-----------+-----------+------+--------------+----------------------------------------------------------------------------------------------------------------+--------------+
; Compilation Hierarchy Node             ; LC Combinationals ; LC Registers ; Block Memory Bits ; DSP Elements ; DSP 9x9 ; DSP 18x18 ; DSP 36x36 ; Pins ; Virtual Pins ; Full Hierarchy Name                                                                                            ; Library Name ;
+----------------------------------------+-------------------+--------------+-------------------+--------------+---------+-----------+-----------+------+--------------+----------------------------------------------------------------------------------------------------------------+--------------+
; |g23_12_to_BCD                         ; 551 (35)          ; 0 (0)        ; 0                 ; 0            ; 0       ; 0         ; 0         ; 28   ; 0            ; |g23_12_to_BCD                                                                                                 ; work         ;
;    |lpm_divide:Div0|                   ; 60 (0)            ; 0 (0)        ; 0                 ; 0            ; 0       ; 0         ; 0         ; 0    ; 0            ; |g23_12_to_BCD|lpm_divide:Div0                                                                                 ;              ;
;       |lpm_divide_rgm:auto_generated|  ; 60 (0)            ; 0 (0)        ; 0                 ; 0            ; 0       ; 0         ; 0         ; 0    ; 0            ; |g23_12_to_BCD|lpm_divide:Div0|lpm_divide_rgm:auto_generated                                                   ;              ;
;          |sign_div_unsign_3nh:divider| ; 60 (0)            ; 0 (0)        ; 0                 ; 0            ; 0       ; 0         ; 0         ; 0    ; 0            ; |g23_12_to_BCD|lpm_divide:Div0|lpm_divide_rgm:auto_generated|sign_div_unsign_3nh:divider                       ;              ;
;             |alt_u_div_a6f:divider|    ; 60 (60)           ; 0 (0)        ; 0                 ; 0            ; 0       ; 0         ; 0         ; 0    ; 0            ; |g23_12_to_BCD|lpm_divide:Div0|lpm_divide_rgm:auto_generated|sign_div_unsign_3nh:divider|alt_u_div_a6f:divider ; work         ;
;    |lpm_divide:Div1|                   ; 221 (0)           ; 0 (0)        ; 0                 ; 0            ; 0       ; 0         ; 0         ; 0    ; 0            ; |g23_12_to_BCD|lpm_divide:Div1                                                                                 ;              ;
;       |lpm_divide_eto:auto_generated|  ; 221 (0)           ; 0 (0)        ; 0                 ; 0            ; 0       ; 0         ; 0         ; 0    ; 0            ; |g23_12_to_BCD|lpm_divide:Div1|lpm_divide_eto:auto_generated                                                   ; work         ;
;          |abs_divider_pbg:divider|     ; 221 (8)           ; 0 (0)        ; 0                 ; 0            ; 0       ; 0         ; 0         ; 0    ; 0            ; |g23_12_to_BCD|lpm_divide:Div1|lpm_divide_eto:auto_generated|abs_divider_pbg:divider                           ;              ;
;             |alt_u_div_04f:divider|    ; 198 (198)         ; 0 (0)        ; 0                 ; 0            ; 0       ; 0         ; 0         ; 0    ; 0            ; |g23_12_to_BCD|lpm_divide:Div1|lpm_divide_eto:auto_generated|abs_divider_pbg:divider|alt_u_div_04f:divider     ; work         ;
;             |lpm_abs_4t9:my_abs_num|   ; 15 (15)           ; 0 (0)        ; 0                 ; 0            ; 0       ; 0         ; 0         ; 0    ; 0            ; |g23_12_to_BCD|lpm_divide:Div1|lpm_divide_eto:auto_generated|abs_divider_pbg:divider|lpm_abs_4t9:my_abs_num    ;              ;
;    |lpm_divide:Div2|                   ; 221 (0)           ; 0 (0)        ; 0                 ; 0            ; 0       ; 0         ; 0         ; 0    ; 0            ; |g23_12_to_BCD|lpm_divide:Div2                                                                                 ;              ;
;       |lpm_divide_cto:auto_generated|  ; 221 (0)           ; 0 (0)        ; 0                 ; 0            ; 0       ; 0         ; 0         ; 0    ; 0            ; |g23_12_to_BCD|lpm_divide:Div2|lpm_divide_cto:auto_generated                                                   ; work         ;
;          |abs_divider_nbg:divider|     ; 221 (10)          ; 0 (0)        ; 0                 ; 0            ; 0       ; 0         ; 0         ; 0    ; 0            ; |g23_12_to_BCD|lpm_divide:Div2|lpm_divide_cto:auto_generated|abs_divider_nbg:divider                           ;              ;
;             |alt_u_div_s3f:divider|    ; 194 (194)         ; 0 (0)        ; 0                 ; 0            ; 0       ; 0         ; 0         ; 0    ; 0            ; |g23_12_to_BCD|lpm_divide:Div2|lpm_divide_cto:auto_generated|abs_divider_nbg:divider|alt_u_div_s3f:divider     ; work         ;
;             |lpm_abs_5t9:my_abs_num|   ; 17 (17)           ; 0 (0)        ; 0                 ; 0            ; 0       ; 0         ; 0         ; 0    ; 0            ; |g23_12_to_BCD|lpm_divide:Div2|lpm_divide_cto:auto_generated|abs_divider_nbg:divider|lpm_abs_5t9:my_abs_num    ;              ;
;    |lpm_mult:Mult0|                    ; 7 (0)             ; 0 (0)        ; 0                 ; 0            ; 0       ; 0         ; 0         ; 0    ; 0            ; |g23_12_to_BCD|lpm_mult:Mult0                                                                                  ;              ;
;       |multcore:mult_core|             ; 7 (7)             ; 0 (0)        ; 0                 ; 0            ; 0       ; 0         ; 0         ; 0    ; 0            ; |g23_12_to_BCD|lpm_mult:Mult0|multcore:mult_core                                                               ; work         ;
;    |lpm_mult:Mult1|                    ; 7 (0)             ; 0 (0)        ; 0                 ; 0            ; 0       ; 0         ; 0         ; 0    ; 0            ; |g23_12_to_BCD|lpm_mult:Mult1                                                                                  ;              ;
;       |multcore:mult_core|             ; 7 (7)             ; 0 (0)        ; 0                 ; 0            ; 0       ; 0         ; 0         ; 0    ; 0            ; |g23_12_to_BCD|lpm_mult:Mult1|multcore:mult_core                                                               ;              ;
+----------------------------------------+-------------------+--------------+-------------------+--------------+---------+-----------+-----------+------+--------------+----------------------------------------------------------------------------------------------------------------+--------------+
Note: For table entries with two numbers listed, the numbers in parentheses indicate the number of resources of the given type used by the specific entity alone. The numbers listed outside of parentheses indicate the total resources of the given type used by the specific entity and all of its sub-entities in the hierarchy.


+------------------------------------------------------+
; General Register Statistics                          ;
+----------------------------------------------+-------+
; Statistic                                    ; Value ;
+----------------------------------------------+-------+
; Total registers                              ; 0     ;
; Number of registers using Synchronous Clear  ; 0     ;
; Number of registers using Synchronous Load   ; 0     ;
; Number of registers using Asynchronous Clear ; 0     ;
; Number of registers using Asynchronous Load  ; 0     ;
; Number of registers using Clock Enable       ; 0     ;
; Number of registers using Preset             ; 0     ;
+----------------------------------------------+-------+


+------------------------------------------------------------------+
; Parameter Settings for Inferred Entity Instance: lpm_divide:Div0 ;
+------------------------+----------------+------------------------+
; Parameter Name         ; Value          ; Type                   ;
+------------------------+----------------+------------------------+
; LPM_WIDTHN             ; 12             ; Untyped                ;
; LPM_WIDTHD             ; 10             ; Untyped                ;
; LPM_NREPRESENTATION    ; UNSIGNED       ; Untyped                ;
; LPM_DREPRESENTATION    ; UNSIGNED       ; Untyped                ;
; LPM_PIPELINE           ; 0              ; Untyped                ;
; LPM_REMAINDERPOSITIVE  ; TRUE           ; Untyped                ;
; MAXIMIZE_SPEED         ; 5              ; Untyped                ;
; CBXI_PARAMETER         ; lpm_divide_rgm ; Untyped                ;
; CARRY_CHAIN            ; MANUAL         ; Untyped                ;
; OPTIMIZE_FOR_SPEED     ; 5              ; Untyped                ;
; AUTO_CARRY_CHAINS      ; ON             ; AUTO_CARRY             ;
; IGNORE_CARRY_BUFFERS   ; OFF            ; IGNORE_CARRY           ;
; AUTO_CASCADE_CHAINS    ; ON             ; AUTO_CASCADE           ;
; IGNORE_CASCADE_BUFFERS ; OFF            ; IGNORE_CASCADE         ;
+------------------------+----------------+------------------------+
Note: In order to hide this table in the UI and the text report file, please set the "Show Parameter Settings Tables in Synthesis Report" option in "Analysis and Synthesis Settings -> More Settings" to "Off".


+-----------------------------------------------------------------------------------+
; Parameter Settings for Inferred Entity Instance: lpm_mult:Mult0                   ;
+------------------------------------------------+------------+---------------------+
; Parameter Name                                 ; Value      ; Type                ;
+------------------------------------------------+------------+---------------------+
; AUTO_CARRY_CHAINS                              ; ON         ; AUTO_CARRY          ;
; IGNORE_CARRY_BUFFERS                           ; OFF        ; IGNORE_CARRY        ;
; AUTO_CASCADE_CHAINS                            ; ON         ; AUTO_CASCADE        ;
; IGNORE_CASCADE_BUFFERS                         ; OFF        ; IGNORE_CASCADE      ;
; LPM_WIDTHA                                     ; 4          ; Untyped             ;
; LPM_WIDTHB                                     ; 10         ; Untyped             ;
; LPM_WIDTHP                                     ; 14         ; Untyped             ;
; LPM_WIDTHR                                     ; 14         ; Untyped             ;
; LPM_WIDTHS                                     ; 1          ; Untyped             ;
; LPM_REPRESENTATION                             ; UNSIGNED   ; Untyped             ;
; LPM_PIPELINE                                   ; 0          ; Untyped             ;
; LATENCY                                        ; 0          ; Untyped             ;
; INPUT_A_IS_CONSTANT                            ; NO         ; Untyped             ;
; INPUT_B_IS_CONSTANT                            ; YES        ; Untyped             ;
; USE_EAB                                        ; OFF        ; Untyped             ;
; MAXIMIZE_SPEED                                 ; 6          ; Untyped             ;
; DEVICE_FAMILY                                  ; Stratix II ; Untyped             ;
; CARRY_CHAIN                                    ; MANUAL     ; Untyped             ;
; APEX20K_TECHNOLOGY_MAPPER                      ; LUT        ; TECH_MAPPER_APEX20K ;
; DEDICATED_MULTIPLIER_CIRCUITRY                 ; AUTO       ; Untyped             ;
; DEDICATED_MULTIPLIER_MIN_INPUT_WIDTH_FOR_AUTO  ; 0          ; Untyped             ;
; DEDICATED_MULTIPLIER_MIN_OUTPUT_WIDTH_FOR_AUTO ; 0          ; Untyped             ;
; CBXI_PARAMETER                                 ; NOTHING    ; Untyped             ;
; INPUT_A_FIXED_VALUE                            ; Bx         ; Untyped             ;
; INPUT_B_FIXED_VALUE                            ; Bx         ; Untyped             ;
; USE_AHDL_IMPLEMENTATION                        ; OFF        ; Untyped             ;
+------------------------------------------------+------------+---------------------+
Note: In order to hide this table in the UI and the text report file, please set the "Show Parameter Settings Tables in Synthesis Report" option in "Analysis and Synthesis Settings -> More Settings" to "Off".


+------------------------------------------------------------------+
; Parameter Settings for Inferred Entity Instance: lpm_divide:Div1 ;
+------------------------+----------------+------------------------+
; Parameter Name         ; Value          ; Type                   ;
+------------------------+----------------+------------------------+
; LPM_WIDTHN             ; 16             ; Untyped                ;
; LPM_WIDTHD             ; 8              ; Untyped                ;
; LPM_NREPRESENTATION    ; SIGNED         ; Untyped                ;
; LPM_DREPRESENTATION    ; SIGNED         ; Untyped                ;
; LPM_PIPELINE           ; 0              ; Untyped                ;
; LPM_REMAINDERPOSITIVE  ; FALSE          ; Untyped                ;
; MAXIMIZE_SPEED         ; 5              ; Untyped                ;
; CBXI_PARAMETER         ; lpm_divide_eto ; Untyped                ;
; CARRY_CHAIN            ; MANUAL         ; Untyped                ;
; OPTIMIZE_FOR_SPEED     ; 5              ; Untyped                ;
; AUTO_CARRY_CHAINS      ; ON             ; AUTO_CARRY             ;
; IGNORE_CARRY_BUFFERS   ; OFF            ; IGNORE_CARRY           ;
; AUTO_CASCADE_CHAINS    ; ON             ; AUTO_CASCADE           ;
; IGNORE_CASCADE_BUFFERS ; OFF            ; IGNORE_CASCADE         ;
+------------------------+----------------+------------------------+
Note: In order to hide this table in the UI and the text report file, please set the "Show Parameter Settings Tables in Synthesis Report" option in "Analysis and Synthesis Settings -> More Settings" to "Off".


+-----------------------------------------------------------------------------------+
; Parameter Settings for Inferred Entity Instance: lpm_mult:Mult1                   ;
+------------------------------------------------+------------+---------------------+
; Parameter Name                                 ; Value      ; Type                ;
+------------------------------------------------+------------+---------------------+
; AUTO_CARRY_CHAINS                              ; ON         ; AUTO_CARRY          ;
; IGNORE_CARRY_BUFFERS                           ; OFF        ; IGNORE_CARRY        ;
; AUTO_CASCADE_CHAINS                            ; ON         ; AUTO_CASCADE        ;
; IGNORE_CASCADE_BUFFERS                         ; OFF        ; IGNORE_CASCADE      ;
; LPM_WIDTHA                                     ; 4          ; Untyped             ;
; LPM_WIDTHB                                     ; 7          ; Untyped             ;
; LPM_WIDTHP                                     ; 11         ; Untyped             ;
; LPM_WIDTHR                                     ; 11         ; Untyped             ;
; LPM_WIDTHS                                     ; 1          ; Untyped             ;
; LPM_REPRESENTATION                             ; UNSIGNED   ; Untyped             ;
; LPM_PIPELINE                                   ; 0          ; Untyped             ;
; LATENCY                                        ; 0          ; Untyped             ;
; INPUT_A_IS_CONSTANT                            ; NO         ; Untyped             ;
; INPUT_B_IS_CONSTANT                            ; YES        ; Untyped             ;
; USE_EAB                                        ; OFF        ; Untyped             ;
; MAXIMIZE_SPEED                                 ; 5          ; Untyped             ;
; DEVICE_FAMILY                                  ; Stratix II ; Untyped             ;
; CARRY_CHAIN                                    ; MANUAL     ; Untyped             ;
; APEX20K_TECHNOLOGY_MAPPER                      ; LUT        ; TECH_MAPPER_APEX20K ;
; DEDICATED_MULTIPLIER_CIRCUITRY                 ; AUTO       ; Untyped             ;
; DEDICATED_MULTIPLIER_MIN_INPUT_WIDTH_FOR_AUTO  ; 0          ; Untyped             ;
; DEDICATED_MULTIPLIER_MIN_OUTPUT_WIDTH_FOR_AUTO ; 0          ; Untyped             ;
; CBXI_PARAMETER                                 ; NOTHING    ; Untyped             ;
; INPUT_A_FIXED_VALUE                            ; Bx         ; Untyped             ;
; INPUT_B_FIXED_VALUE                            ; Bx         ; Untyped             ;
; USE_AHDL_IMPLEMENTATION                        ; OFF        ; Untyped             ;
+------------------------------------------------+------------+---------------------+
Note: In order to hide this table in the UI and the text report file, please set the "Show Parameter Settings Tables in Synthesis Report" option in "Analysis and Synthesis Settings -> More Settings" to "Off".


+------------------------------------------------------------------+
; Parameter Settings for Inferred Entity Instance: lpm_divide:Div2 ;
+------------------------+----------------+------------------------+
; Parameter Name         ; Value          ; Type                   ;
+------------------------+----------------+------------------------+
; LPM_WIDTHN             ; 17             ; Untyped                ;
; LPM_WIDTHD             ; 5              ; Untyped                ;
; LPM_NREPRESENTATION    ; SIGNED         ; Untyped                ;
; LPM_DREPRESENTATION    ; SIGNED         ; Untyped                ;
; LPM_PIPELINE           ; 0              ; Untyped                ;
; LPM_REMAINDERPOSITIVE  ; FALSE          ; Untyped                ;
; MAXIMIZE_SPEED         ; 5              ; Untyped                ;
; CBXI_PARAMETER         ; lpm_divide_cto ; Untyped                ;
; CARRY_CHAIN            ; MANUAL         ; Untyped                ;
; OPTIMIZE_FOR_SPEED     ; 5              ; Untyped                ;
; AUTO_CARRY_CHAINS      ; ON             ; AUTO_CARRY             ;
; IGNORE_CARRY_BUFFERS   ; OFF            ; IGNORE_CARRY           ;
; AUTO_CASCADE_CHAINS    ; ON             ; AUTO_CASCADE           ;
; IGNORE_CASCADE_BUFFERS ; OFF            ; IGNORE_CASCADE         ;
+------------------------+----------------+------------------------+
Note: In order to hide this table in the UI and the text report file, please set the "Show Parameter Settings Tables in Synthesis Report" option in "Analysis and Synthesis Settings -> More Settings" to "Off".


+--------------------------------------------------------+
; lpm_mult Parameter Settings by Entity Instance         ;
+---------------------------------------+----------------+
; Name                                  ; Value          ;
+---------------------------------------+----------------+
; Number of entity instances            ; 2              ;
; Entity Instance                       ; lpm_mult:Mult0 ;
;     -- LPM_WIDTHA                     ; 4              ;
;     -- LPM_WIDTHB                     ; 10             ;
;     -- LPM_WIDTHP                     ; 14             ;
;     -- LPM_REPRESENTATION             ; UNSIGNED       ;
;     -- INPUT_A_IS_CONSTANT            ; NO             ;
;     -- INPUT_B_IS_CONSTANT            ; YES            ;
;     -- USE_EAB                        ; OFF            ;
;     -- DEDICATED_MULTIPLIER_CIRCUITRY ; AUTO           ;
;     -- INPUT_A_FIXED_VALUE            ; Bx             ;
;     -- INPUT_B_FIXED_VALUE            ; Bx             ;
; Entity Instance                       ; lpm_mult:Mult1 ;
;     -- LPM_WIDTHA                     ; 4              ;
;     -- LPM_WIDTHB                     ; 7              ;
;     -- LPM_WIDTHP                     ; 11             ;
;     -- LPM_REPRESENTATION             ; UNSIGNED       ;
;     -- INPUT_A_IS_CONSTANT            ; NO             ;
;     -- INPUT_B_IS_CONSTANT            ; YES            ;
;     -- USE_EAB                        ; OFF            ;
;     -- DEDICATED_MULTIPLIER_CIRCUITRY ; AUTO           ;
;     -- INPUT_A_FIXED_VALUE            ; Bx             ;
;     -- INPUT_B_FIXED_VALUE            ; Bx             ;
+---------------------------------------+----------------+


+-------------------------------+
; Analysis & Synthesis Messages ;
+-------------------------------+
Info: *******************************************************************
Info: Running Quartus II 64-Bit Analysis & Synthesis
    Info: Version 9.1 Build 350 03/24/2010 Service Pack 2 SJ Full Version
    Info: Processing started: Wed Apr 09 14:10:25 2014
Info: Command: quartus_map --read_settings_files=on --write_settings_files=off g23_lab5 -c g23_lab5
Info: Parallel compilation is enabled and will use 4 of the 4 processors detected
Info: Found 2 design units, including 1 entities, in source file g23_7_segment_decoder.vhd
    Info: Found design unit 1: g23_7_segment_decoder-alpha
    Info: Found entity 1: g23_7_segment_decoder
Info: Found 2 design units, including 1 entities, in source file g23_binary_to_bcd.vhd
    Info: Found design unit 1: g23_binary_to_BCD-look_up_table
    Info: Found entity 1: g23_binary_to_BCD
Info: Found 2 design units, including 1 entities, in source file g23_dayfrac_to_mtc.vhd
    Info: Found design unit 1: g23_dayfrac_to_MTC-cascading
    Info: Found entity 1: g23_dayfrac_to_MTC
Info: Found 2 design units, including 1 entities, in source file g23_generic_timer.vhd
    Info: Found design unit 1: g23_generic_timer-alpha
    Info: Found entity 1: g23_generic_timer
Info: Found 2 design units, including 1 entities, in source file g23_hms_counter.vhd
    Info: Found design unit 1: g23_HMS_counter-alpha
    Info: Found entity 1: g23_HMS_counter
Info: Found 2 design units, including 1 entities, in source file g23_seconds_to_days.vhd
    Info: Found design unit 1: g23_Seconds_to_Days-cascading
    Info: Found entity 1: g23_Seconds_to_Days
Info: Found 2 design units, including 1 entities, in source file g23_utc_to_mtc.vhd
    Info: Found design unit 1: g23_UTC_to_MTC-cascading
    Info: Found entity 1: g23_UTC_to_MTC
Info: Found 2 design units, including 1 entities, in source file g23_ymd_counter.vhd
    Info: Found design unit 1: g23_YMD_counter-alpha
    Info: Found entity 1: g23_YMD_counter
Info: Found 2 design units, including 1 entities, in source file g23_ymd_testbed.vhd
    Info: Found design unit 1: g23_YMD_testbed-alpha
    Info: Found entity 1: g23_YMD_testbed
Info: Found 2 design units, including 1 entities, in source file g23_lab5_testbed.vhd
    Info: Found design unit 1: g23_lab5_testbed-alpha
    Info: Found entity 1: g23_lab5_testbed
Info: Found 2 design units, including 1 entities, in source file g23_12_to_bcd.vhd
    Info: Found design unit 1: g23_12_to_BCD-alpha
    Info: Found entity 1: g23_12_to_BCD
Info: Elaborating entity "g23_12_to_BCD" for the top level hierarchy
Info: Inferred 5 megafunctions from design logic
    Info: Inferred divider/modulo megafunction ("lpm_divide") from the following logic: "Div0"
    Info: Inferred multiplier megafunction ("lpm_mult") from the following logic: "Mult0"
    Info: Inferred divider/modulo megafunction ("lpm_divide") from the following logic: "Div1"
    Info: Inferred multiplier megafunction ("lpm_mult") from the following logic: "Mult1"
    Info: Inferred divider/modulo megafunction ("lpm_divide") from the following logic: "Div2"
Info: Elaborated megafunction instantiation "lpm_divide:Div0"
Info: Instantiated megafunction "lpm_divide:Div0" with the following parameter:
    Info: Parameter "LPM_WIDTHN" = "12"
    Info: Parameter "LPM_WIDTHD" = "10"
    Info: Parameter "LPM_NREPRESENTATION" = "UNSIGNED"
    Info: Parameter "LPM_DREPRESENTATION" = "UNSIGNED"
Info: Found 1 design units, including 1 entities, in source file db/lpm_divide_rgm.tdf
    Info: Found entity 1: lpm_divide_rgm
Info: Found 1 design units, including 1 entities, in source file db/sign_div_unsign_3nh.tdf
    Info: Found entity 1: sign_div_unsign_3nh
Info: Found 1 design units, including 1 entities, in source file db/alt_u_div_a6f.tdf
    Info: Found entity 1: alt_u_div_a6f
Info: Elaborated megafunction instantiation "lpm_mult:Mult0"
Info: Instantiated megafunction "lpm_mult:Mult0" with the following parameter:
    Info: Parameter "LPM_WIDTHA" = "4"
    Info: Parameter "LPM_WIDTHB" = "10"
    Info: Parameter "LPM_WIDTHP" = "14"
    Info: Parameter "LPM_WIDTHR" = "14"
    Info: Parameter "LPM_WIDTHS" = "1"
    Info: Parameter "LPM_REPRESENTATION" = "UNSIGNED"
    Info: Parameter "INPUT_A_IS_CONSTANT" = "NO"
    Info: Parameter "INPUT_B_IS_CONSTANT" = "YES"
    Info: Parameter "MAXIMIZE_SPEED" = "6"
Info: Elaborated megafunction instantiation "lpm_mult:Mult0|multcore:mult_core", which is child of megafunction instantiation "lpm_mult:Mult0"
Info: Elaborated megafunction instantiation "lpm_mult:Mult0|multcore:mult_core|mpar_add:padder", which is child of megafunction instantiation "lpm_mult:Mult0"
Info: Elaborated megafunction instantiation "lpm_mult:Mult0|altshift:external_latency_ffs", which is child of megafunction instantiation "lpm_mult:Mult0"
Info: Elaborated megafunction instantiation "lpm_divide:Div1"
Info: Instantiated megafunction "lpm_divide:Div1" with the following parameter:
    Info: Parameter "LPM_WIDTHN" = "16"
    Info: Parameter "LPM_WIDTHD" = "8"
    Info: Parameter "LPM_NREPRESENTATION" = "SIGNED"
    Info: Parameter "LPM_DREPRESENTATION" = "SIGNED"
    Info: Parameter "LPM_HINT" = "LPM_REMAINDERPOSITIVE=FALSE"
Info: Found 1 design units, including 1 entities, in source file db/lpm_divide_eto.tdf
    Info: Found entity 1: lpm_divide_eto
Info: Found 1 design units, including 1 entities, in source file db/abs_divider_pbg.tdf
    Info: Found entity 1: abs_divider_pbg
Info: Found 1 design units, including 1 entities, in source file db/alt_u_div_04f.tdf
    Info: Found entity 1: alt_u_div_04f
Info: Found 1 design units, including 1 entities, in source file db/lpm_abs_lr9.tdf
    Info: Found entity 1: lpm_abs_lr9
Info: Found 1 design units, including 1 entities, in source file db/lpm_abs_4t9.tdf
    Info: Found entity 1: lpm_abs_4t9
Info: Elaborated megafunction instantiation "lpm_mult:Mult1"
Info: Instantiated megafunction "lpm_mult:Mult1" with the following parameter:
    Info: Parameter "LPM_WIDTHA" = "4"
    Info: Parameter "LPM_WIDTHB" = "7"
    Info: Parameter "LPM_WIDTHP" = "11"
    Info: Parameter "LPM_WIDTHR" = "11"
    Info: Parameter "LPM_WIDTHS" = "1"
    Info: Parameter "LPM_REPRESENTATION" = "UNSIGNED"
    Info: Parameter "INPUT_A_IS_CONSTANT" = "NO"
    Info: Parameter "INPUT_B_IS_CONSTANT" = "YES"
    Info: Parameter "MAXIMIZE_SPEED" = "5"
Info: Elaborated megafunction instantiation "lpm_mult:Mult1|multcore:mult_core", which is child of megafunction instantiation "lpm_mult:Mult1"
Info: Elaborated megafunction instantiation "lpm_mult:Mult1|multcore:mult_core|mpar_add:padder", which is child of megafunction instantiation "lpm_mult:Mult1"
Info: Elaborated megafunction instantiation "lpm_mult:Mult1|altshift:external_latency_ffs", which is child of megafunction instantiation "lpm_mult:Mult1"
Info: Elaborated megafunction instantiation "lpm_divide:Div2"
Info: Instantiated megafunction "lpm_divide:Div2" with the following parameter:
    Info: Parameter "LPM_WIDTHN" = "17"
    Info: Parameter "LPM_WIDTHD" = "5"
    Info: Parameter "LPM_NREPRESENTATION" = "SIGNED"
    Info: Parameter "LPM_DREPRESENTATION" = "SIGNED"
    Info: Parameter "LPM_HINT" = "LPM_REMAINDERPOSITIVE=FALSE"
Info: Found 1 design units, including 1 entities, in source file db/lpm_divide_cto.tdf
    Info: Found entity 1: lpm_divide_cto
Info: Found 1 design units, including 1 entities, in source file db/abs_divider_nbg.tdf
    Info: Found entity 1: abs_divider_nbg
Info: Found 1 design units, including 1 entities, in source file db/alt_u_div_s3f.tdf
    Info: Found entity 1: alt_u_div_s3f
Info: Found 1 design units, including 1 entities, in source file db/lpm_abs_ir9.tdf
    Info: Found entity 1: lpm_abs_ir9
Info: Found 1 design units, including 1 entities, in source file db/lpm_abs_5t9.tdf
    Info: Found entity 1: lpm_abs_5t9
Warning: Output pins are stuck at VCC or GND
    Warning (13410): Pin "output[15]" is stuck at GND
Info: Implemented 579 device resources after synthesis - the final resource count might be different
    Info: Implemented 12 input pins
    Info: Implemented 16 output pins
    Info: Implemented 551 logic cells
Info: Quartus II 64-Bit Analysis & Synthesis was successful. 0 errors, 2 warnings
    Info: Peak virtual memory: 335 megabytes
    Info: Processing ended: Wed Apr 09 14:10:30 2014
    Info: Elapsed time: 00:00:05
    Info: Total CPU time (on all processors): 00:00:04


