Analysis & Synthesis report for g23_lab2
Tue Feb 11 17:42:56 2014
Quartus II 64-Bit Version 9.1 Build 350 03/24/2010 Service Pack 2 SJ Full Version


---------------------
; Table of Contents ;
---------------------
  1. Legal Notice
  2. Analysis & Synthesis Summary
  3. Analysis & Synthesis Settings
  4. Parallel Compilation
  5. Analysis & Synthesis Source Files Read
  6. Analysis & Synthesis Resource Usage Summary
  7. Analysis & Synthesis Resource Utilization by Entity
  8. Analysis & Synthesis RAM Summary
  9. General Register Statistics
 10. Source assignments for LPM_ROM:b2BCD_table|altrom:srom|altsyncram:rom_block|altsyncram_5311:auto_generated
 11. Parameter Settings for User Entity Instance: LPM_ROM:b2BCD_table
 12. Analysis & Synthesis Messages



----------------
; Legal Notice ;
----------------
Copyright (C) 1991-2010 Altera Corporation
Your use of Altera Corporation's design tools, logic functions 
and other software and tools, and its AMPP partner logic 
functions, and any output files from any of the foregoing 
(including device programming or simulation files), and any 
associated documentation or information are expressly subject 
to the terms and conditions of the Altera Program License 
Subscription Agreement, Altera MegaCore Function License 
Agreement, or other applicable license agreement, including, 
without limitation, that your use is for the sole purpose of 
programming logic devices manufactured by Altera and sold by 
Altera or its authorized distributors.  Please refer to the 
applicable agreement for further details.



+-------------------------------------------------------------------------------+
; Analysis & Synthesis Summary                                                  ;
+-------------------------------+-----------------------------------------------+
; Analysis & Synthesis Status   ; Successful - Tue Feb 11 17:42:55 2014         ;
; Quartus II 64-Bit Version     ; 9.1 Build 350 03/24/2010 SP 2 SJ Full Version ;
; Revision Name                 ; g23_lab2                                      ;
; Top-level Entity Name         ; g23_binary_to_BCD                             ;
; Family                        ; Stratix II                                    ;
; Logic utilization             ; N/A                                           ;
;     Combinational ALUTs       ; 0                                             ;
;     Dedicated logic registers ; 0                                             ;
; Total registers               ; 0                                             ;
; Total pins                    ; 15                                            ;
; Total virtual pins            ; 0                                             ;
; Total block memory bits       ; 512                                           ;
; DSP block 9-bit elements      ; 0                                             ;
; Total PLLs                    ; 0                                             ;
; Total DLLs                    ; 0                                             ;
+-------------------------------+-----------------------------------------------+


+----------------------------------------------------------------------------------------------------------------------+
; Analysis & Synthesis Settings                                                                                        ;
+----------------------------------------------------------------------------+--------------------+--------------------+
; Option                                                                     ; Setting            ; Default Value      ;
+----------------------------------------------------------------------------+--------------------+--------------------+
; Top-level entity name                                                      ; g23_binary_to_BCD  ; g23_lab2           ;
; Family name                                                                ; Stratix II         ; Stratix II         ;
; Use Generated Physical Constraints File                                    ; Off                ;                    ;
; Use smart compilation                                                      ; Off                ; Off                ;
; Enable parallel Assembler and TimeQuest Timing Analyzer during compilation ; On                 ; On                 ;
; Enable compact report table                                                ; Off                ; Off                ;
; Restructure Multiplexers                                                   ; Auto               ; Auto               ;
; Create Debugging Nodes for IP Cores                                        ; Off                ; Off                ;
; Preserve fewer node names                                                  ; On                 ; On                 ;
; Disable OpenCore Plus hardware evaluation                                  ; Off                ; Off                ;
; Verilog Version                                                            ; Verilog_2001       ; Verilog_2001       ;
; VHDL Version                                                               ; VHDL_1993          ; VHDL_1993          ;
; State Machine Processing                                                   ; Auto               ; Auto               ;
; Safe State Machine                                                         ; Off                ; Off                ;
; Extract Verilog State Machines                                             ; On                 ; On                 ;
; Extract VHDL State Machines                                                ; On                 ; On                 ;
; Ignore Verilog initial constructs                                          ; Off                ; Off                ;
; Iteration limit for constant Verilog loops                                 ; 5000               ; 5000               ;
; Iteration limit for non-constant Verilog loops                             ; 250                ; 250                ;
; Add Pass-Through Logic to Inferred RAMs                                    ; On                 ; On                 ;
; Parallel Synthesis                                                         ; On                 ; On                 ;
; DSP Block Balancing                                                        ; Auto               ; Auto               ;
; NOT Gate Push-Back                                                         ; On                 ; On                 ;
; Power-Up Don't Care                                                        ; On                 ; On                 ;
; Remove Redundant Logic Cells                                               ; Off                ; Off                ;
; Remove Duplicate Registers                                                 ; On                 ; On                 ;
; Ignore CARRY Buffers                                                       ; Off                ; Off                ;
; Ignore CASCADE Buffers                                                     ; Off                ; Off                ;
; Ignore GLOBAL Buffers                                                      ; Off                ; Off                ;
; Ignore ROW GLOBAL Buffers                                                  ; Off                ; Off                ;
; Ignore LCELL Buffers                                                       ; Off                ; Off                ;
; Ignore SOFT Buffers                                                        ; On                 ; On                 ;
; Limit AHDL Integers to 32 Bits                                             ; Off                ; Off                ;
; Optimization Technique                                                     ; Balanced           ; Balanced           ;
; Carry Chain Length                                                         ; 70                 ; 70                 ;
; Auto Carry Chains                                                          ; On                 ; On                 ;
; Auto Open-Drain Pins                                                       ; On                 ; On                 ;
; Perform WYSIWYG Primitive Resynthesis                                      ; Off                ; Off                ;
; Auto ROM Replacement                                                       ; On                 ; On                 ;
; Auto RAM Replacement                                                       ; On                 ; On                 ;
; Auto DSP Block Replacement                                                 ; On                 ; On                 ;
; Auto Shift Register Replacement                                            ; Auto               ; Auto               ;
; Auto Clock Enable Replacement                                              ; On                 ; On                 ;
; Strict RAM Replacement                                                     ; Off                ; Off                ;
; Allow Synchronous Control Signals                                          ; On                 ; On                 ;
; Force Use of Synchronous Clear Signals                                     ; Off                ; Off                ;
; Auto RAM Block Balancing                                                   ; On                 ; On                 ;
; Auto RAM to Logic Cell Conversion                                          ; Off                ; Off                ;
; Auto Resource Sharing                                                      ; Off                ; Off                ;
; Allow Any RAM Size For Recognition                                         ; Off                ; Off                ;
; Allow Any ROM Size For Recognition                                         ; Off                ; Off                ;
; Allow Any Shift Register Size For Recognition                              ; Off                ; Off                ;
; Use LogicLock Constraints during Resource Balancing                        ; On                 ; On                 ;
; Ignore translate_off and synthesis_off directives                          ; Off                ; Off                ;
; Timing-Driven Synthesis                                                    ; Off                ; Off                ;
; Show Parameter Settings Tables in Synthesis Report                         ; On                 ; On                 ;
; Ignore Maximum Fan-Out Assignments                                         ; Off                ; Off                ;
; Synchronization Register Chain Length                                      ; 2                  ; 2                  ;
; PowerPlay Power Optimization                                               ; Normal compilation ; Normal compilation ;
; HDL message level                                                          ; Level2             ; Level2             ;
; Suppress Register Optimization Related Messages                            ; Off                ; Off                ;
; Number of Removed Registers Reported in Synthesis Report                   ; 5000               ; 5000               ;
; Number of Inverted Registers Reported in Synthesis Report                  ; 100                ; 100                ;
; Clock MUX Protection                                                       ; On                 ; On                 ;
; Auto Gated Clock Conversion                                                ; Off                ; Off                ;
; Block Design Naming                                                        ; Auto               ; Auto               ;
; SDC constraint protection                                                  ; Off                ; Off                ;
; Synthesis Effort                                                           ; Auto               ; Auto               ;
; Shift Register Replacement - Allow Asynchronous Clear Signal               ; On                 ; On                 ;
; Analysis & Synthesis Message Level                                         ; Medium             ; Medium             ;
; Disable Register Merging Across Hierarchies                                ; Auto               ; Auto               ;
; Resource Aware Inference For Block RAM                                     ; On                 ; On                 ;
+----------------------------------------------------------------------------+--------------------+--------------------+


+------------------------------------------+
; Parallel Compilation                     ;
+----------------------------+-------------+
; Processors                 ; Number      ;
+----------------------------+-------------+
; Number detected on machine ; 4           ;
; Maximum allowed            ; 4           ;
;                            ;             ;
; Average used               ; 1.00        ;
; Maximum used               ; 1           ;
;                            ;             ;
; Usage by Processor         ; % Time Used ;
;     1 processor            ; 100.0%      ;
;     2-4 processors         ;   0.0%      ;
+----------------------------+-------------+


+--------------------------------------------------------------------------------------------------------------------------------------------------------+
; Analysis & Synthesis Source Files Read                                                                                                                 ;
+----------------------------------+-----------------+----------------------------------+----------------------------------------------------------------+
; File Name with User-Entered Path ; Used in Netlist ; File Type                        ; File Name with Absolute Path                                   ;
+----------------------------------+-----------------+----------------------------------+----------------------------------------------------------------+
; g23_binary_to_BCD.vhd            ; yes             ; User VHDL File                   ; P:/Apps/digital-system-design/lab2/g23_binary_to_BCD.vhd       ;
; g23_binary_to_BCD.mif            ; yes             ; User Memory Initialization File  ; P:/Apps/digital-system-design/lab2/g23_binary_to_BCD.mif       ;
; lpm_rom.tdf                      ; yes             ; Megafunction                     ; c:/altera/91sp2/quartus/libraries/megafunctions/lpm_rom.tdf    ;
; altrom.tdf                       ; yes             ; Megafunction                     ; c:/altera/91sp2/quartus/libraries/megafunctions/altrom.tdf     ;
; altsyncram.tdf                   ; yes             ; Megafunction                     ; c:/altera/91sp2/quartus/libraries/megafunctions/altsyncram.tdf ;
; db/altsyncram_5311.tdf           ; yes             ; Auto-Generated Megafunction      ; P:/Apps/digital-system-design/lab2/db/altsyncram_5311.tdf      ;
+----------------------------------+-----------------+----------------------------------+----------------------------------------------------------------+


+------------------------------------------------------+
; Analysis & Synthesis Resource Usage Summary          ;
+----------------------------------------------+-------+
; Resource                                     ; Usage ;
+----------------------------------------------+-------+
; Estimated ALUTs Used                         ; 0     ;
; Dedicated logic registers                    ; 0     ;
;                                              ;       ;
; Estimated ALUTs Unavailable                  ; 0     ;
;                                              ;       ;
; Total combinational functions                ; 0     ;
; Combinational ALUT usage by number of inputs ;       ;
;     -- 7 input functions                     ; 0     ;
;     -- 6 input functions                     ; 0     ;
;     -- 5 input functions                     ; 0     ;
;     -- 4 input functions                     ; 0     ;
;     -- <=3 input functions                   ; 0     ;
;                                              ;       ;
; Combinational ALUTs by mode                  ;       ;
;     -- normal mode                           ; 0     ;
;     -- extended LUT mode                     ; 0     ;
;     -- arithmetic mode                       ; 0     ;
;     -- shared arithmetic mode                ; 0     ;
;                                              ;       ;
; Estimated ALUT/register pairs used           ; 0     ;
;                                              ;       ;
; Total registers                              ; 0     ;
;     -- Dedicated logic registers             ; 0     ;
;     -- I/O registers                         ; 0     ;
;                                              ;       ;
;                                              ;       ;
; I/O pins                                     ; 15    ;
; Total block memory bits                      ; 512   ;
; Maximum fan-out node                         ; clock ;
; Maximum fan-out                              ; 8     ;
; Total fan-out                                ; 64    ;
; Average fan-out                              ; 2.78  ;
+----------------------------------------------+-------+


+----------------------------------------------------------------------------------------------------------------------------------------------------------------------------------------------------------------------------------------------------------------------------------------------------+
; Analysis & Synthesis Resource Utilization by Entity                                                                                                                                                                                                                                                ;
+----------------------------------------------+-------------------+--------------+-------------------+--------------+---------+-----------+-----------+------+--------------+--------------------------------------------------------------------------------------------------------+--------------+
; Compilation Hierarchy Node                   ; LC Combinationals ; LC Registers ; Block Memory Bits ; DSP Elements ; DSP 9x9 ; DSP 18x18 ; DSP 36x36 ; Pins ; Virtual Pins ; Full Hierarchy Name                                                                                    ; Library Name ;
+----------------------------------------------+-------------------+--------------+-------------------+--------------+---------+-----------+-----------+------+--------------+--------------------------------------------------------------------------------------------------------+--------------+
; |g23_binary_to_BCD                           ; 0 (0)             ; 0 (0)        ; 512               ; 0            ; 0       ; 0         ; 0         ; 15   ; 0            ; |g23_binary_to_BCD                                                                                     ; work         ;
;    |lpm_rom:b2BCD_table|                     ; 0 (0)             ; 0 (0)        ; 512               ; 0            ; 0       ; 0         ; 0         ; 0    ; 0            ; |g23_binary_to_BCD|lpm_rom:b2BCD_table                                                                 ;              ;
;       |altrom:srom|                          ; 0 (0)             ; 0 (0)        ; 512               ; 0            ; 0       ; 0         ; 0         ; 0    ; 0            ; |g23_binary_to_BCD|lpm_rom:b2BCD_table|altrom:srom                                                     ;              ;
;          |altsyncram:rom_block|              ; 0 (0)             ; 0 (0)        ; 512               ; 0            ; 0       ; 0         ; 0         ; 0    ; 0            ; |g23_binary_to_BCD|lpm_rom:b2BCD_table|altrom:srom|altsyncram:rom_block                                ; work         ;
;             |altsyncram_5311:auto_generated| ; 0 (0)             ; 0 (0)        ; 512               ; 0            ; 0       ; 0         ; 0         ; 0    ; 0            ; |g23_binary_to_BCD|lpm_rom:b2BCD_table|altrom:srom|altsyncram:rom_block|altsyncram_5311:auto_generated ;              ;
+----------------------------------------------+-------------------+--------------+-------------------+--------------+---------+-----------+-----------+------+--------------+--------------------------------------------------------------------------------------------------------+--------------+
Note: For table entries with two numbers listed, the numbers in parentheses indicate the number of resources of the given type used by the specific entity alone. The numbers listed outside of parentheses indicate the total resources of the given type used by the specific entity and all of its sub-entities in the hierarchy.


+---------------------------------------------------------------------------------------------------------------------------------------------------------------------------------------------------------+
; Analysis & Synthesis RAM Summary                                                                                                                                                                        ;
+------------------------------------------------------------------------------------------------+------+------+--------------+--------------+--------------+--------------+------+-----------------------+
; Name                                                                                           ; Type ; Mode ; Port A Depth ; Port A Width ; Port B Depth ; Port B Width ; Size ; MIF                   ;
+------------------------------------------------------------------------------------------------+------+------+--------------+--------------+--------------+--------------+------+-----------------------+
; lpm_rom:b2BCD_table|altrom:srom|altsyncram:rom_block|altsyncram_5311:auto_generated|ALTSYNCRAM ; AUTO ; ROM  ; 64           ; 8            ; --           ; --           ; 512  ; g23_binary_to_BCD.mif ;
+------------------------------------------------------------------------------------------------+------+------+--------------+--------------+--------------+--------------+------+-----------------------+


+------------------------------------------------------+
; General Register Statistics                          ;
+----------------------------------------------+-------+
; Statistic                                    ; Value ;
+----------------------------------------------+-------+
; Total registers                              ; 0     ;
; Number of registers using Synchronous Clear  ; 0     ;
; Number of registers using Synchronous Load   ; 0     ;
; Number of registers using Asynchronous Clear ; 0     ;
; Number of registers using Asynchronous Load  ; 0     ;
; Number of registers using Clock Enable       ; 0     ;
; Number of registers using Preset             ; 0     ;
+----------------------------------------------+-------+


+------------------------------------------------------------------------------------------------------------+
; Source assignments for LPM_ROM:b2BCD_table|altrom:srom|altsyncram:rom_block|altsyncram_5311:auto_generated ;
+---------------------------------+--------------------+------+----------------------------------------------+
; Assignment                      ; Value              ; From ; To                                           ;
+---------------------------------+--------------------+------+----------------------------------------------+
; OPTIMIZE_POWER_DURING_SYNTHESIS ; NORMAL_COMPILATION ; -    ; -                                            ;
+---------------------------------+--------------------+------+----------------------------------------------+


+------------------------------------------------------------------+
; Parameter Settings for User Entity Instance: LPM_ROM:b2BCD_table ;
+------------------------+-----------------------+-----------------+
; Parameter Name         ; Value                 ; Type            ;
+------------------------+-----------------------+-----------------+
; LPM_WIDTH              ; 8                     ; Signed Integer  ;
; LPM_WIDTHAD            ; 6                     ; Signed Integer  ;
; LPM_NUMWORDS           ; 64                    ; Signed Integer  ;
; LPM_ADDRESS_CONTROL    ; REGISTERED            ; Untyped         ;
; LPM_OUTDATA            ; UNREGISTERED          ; Untyped         ;
; LPM_FILE               ; g23_binary_to_BCD.mif ; Untyped         ;
; DEVICE_FAMILY          ; Stratix II            ; Untyped         ;
; AUTO_CARRY_CHAINS      ; ON                    ; AUTO_CARRY      ;
; IGNORE_CARRY_BUFFERS   ; OFF                   ; IGNORE_CARRY    ;
; AUTO_CASCADE_CHAINS    ; ON                    ; AUTO_CASCADE    ;
; IGNORE_CASCADE_BUFFERS ; OFF                   ; IGNORE_CASCADE  ;
+------------------------+-----------------------+-----------------+
Note: In order to hide this table in the UI and the text report file, please set the "Show Parameter Settings Tables in Synthesis Report" option in "Analysis and Synthesis Settings -> More Settings" to "Off".


+-------------------------------+
; Analysis & Synthesis Messages ;
+-------------------------------+
Info: *******************************************************************
Info: Running Quartus II 64-Bit Analysis & Synthesis
    Info: Version 9.1 Build 350 03/24/2010 Service Pack 2 SJ Full Version
    Info: Processing started: Tue Feb 11 17:42:53 2014
Info: Command: quartus_map --read_settings_files=on --write_settings_files=off g23_lab2 -c g23_lab2
Info: Parallel compilation is enabled and will use 4 of the 4 processors detected
Info: Found 2 design units, including 1 entities, in source file g23_dayseconds.vhd
    Info: Found design unit 1: g23_dayseconds-cascading
    Info: Found entity 1: g23_dayseconds
Info: Found 2 design units, including 1 entities, in source file mult.vhd
    Info: Found design unit 1: mult-SYN
    Info: Found entity 1: mult
Info: Found 2 design units, including 1 entities, in source file add.vhd
    Info: Found design unit 1: add-SYN
    Info: Found entity 1: add
Info: Found 2 design units, including 1 entities, in source file g23_binary_to_bcd.vhd
    Info: Found design unit 1: g23_binary_to_BCD-look_up_table
    Info: Found entity 1: g23_binary_to_BCD
Info: Elaborating entity "g23_binary_to_BCD" for the top level hierarchy
Info: Elaborating entity "LPM_ROM" for hierarchy "LPM_ROM:b2BCD_table"
Info: Elaborated megafunction instantiation "LPM_ROM:b2BCD_table"
Info: Instantiated megafunction "LPM_ROM:b2BCD_table" with the following parameter:
    Info: Parameter "LPM_WIDTH" = "8"
    Info: Parameter "LPM_WIDTHAD" = "6"
    Info: Parameter "LPM_NUMWORDS" = "64"
    Info: Parameter "LPM_ADDRESS_CONTROL" = "REGISTERED"
    Info: Parameter "LPM_OUTDATA" = "UNREGISTERED"
    Info: Parameter "LPM_FILE" = "g23_binary_to_BCD.mif"
    Info: Parameter "LPM_TYPE" = "LPM_ROM"
    Info: Parameter "INTENDED_DEVICE_FAMILY" = "UNUSED"
    Info: Parameter "LPM_HINT" = "UNUSED"
Info: Elaborating entity "altrom" for hierarchy "LPM_ROM:b2BCD_table|altrom:srom"
Info: Elaborated megafunction instantiation "LPM_ROM:b2BCD_table|altrom:srom", which is child of megafunction instantiation "LPM_ROM:b2BCD_table"
Info: Elaborating entity "altsyncram" for hierarchy "LPM_ROM:b2BCD_table|altrom:srom|altsyncram:rom_block"
Info: Elaborated megafunction instantiation "LPM_ROM:b2BCD_table|altrom:srom|altsyncram:rom_block", which is child of megafunction instantiation "LPM_ROM:b2BCD_table"
Info: Found 1 design units, including 1 entities, in source file db/altsyncram_5311.tdf
    Info: Found entity 1: altsyncram_5311
Info: Elaborating entity "altsyncram_5311" for hierarchy "LPM_ROM:b2BCD_table|altrom:srom|altsyncram:rom_block|altsyncram_5311:auto_generated"
Warning: Always-enabled tri-state buffer(s) removed
    Warning: Converted the fanout from the always-enabled tri-state buffer "lpm_rom:b2BCD_table|otri[0]" to the node "BCD[0]" into a wire
    Warning: Converted the fanout from the always-enabled tri-state buffer "lpm_rom:b2BCD_table|otri[1]" to the node "BCD[1]" into a wire
    Warning: Converted the fanout from the always-enabled tri-state buffer "lpm_rom:b2BCD_table|otri[2]" to the node "BCD[2]" into a wire
    Warning: Converted the fanout from the always-enabled tri-state buffer "lpm_rom:b2BCD_table|otri[3]" to the node "BCD[3]" into a wire
    Warning: Converted the fanout from the always-enabled tri-state buffer "lpm_rom:b2BCD_table|otri[4]" to the node "BCD[4]" into a wire
    Warning: Converted the fanout from the always-enabled tri-state buffer "lpm_rom:b2BCD_table|otri[5]" to the node "BCD[5]" into a wire
    Warning: Converted the fanout from the always-enabled tri-state buffer "lpm_rom:b2BCD_table|otri[6]" to the node "BCD[6]" into a wire
    Warning: Converted the fanout from the always-enabled tri-state buffer "lpm_rom:b2BCD_table|otri[7]" to the node "BCD[7]" into a wire
Info: Implemented 23 device resources after synthesis - the final resource count might be different
    Info: Implemented 7 input pins
    Info: Implemented 8 output pins
    Info: Implemented 8 RAM segments
Info: Quartus II 64-Bit Analysis & Synthesis was successful. 0 errors, 9 warnings
    Info: Peak virtual memory: 322 megabytes
    Info: Processing ended: Tue Feb 11 17:42:56 2014
    Info: Elapsed time: 00:00:03
    Info: Total CPU time (on all processors): 00:00:02


