Simulator report for g23_lab2
Tue Feb 04 18:46:46 2014
Quartus II 64-Bit Version 9.1 Build 350 03/24/2010 Service Pack 2 SJ Full Version


---------------------
; Table of Contents ;
---------------------
  1. Legal Notice
  2. Simulator Summary
  3. Simulator Settings
  4. Simulation Waveforms
  5. Coverage Summary
  6. Complete 1/0-Value Coverage
  7. Missing 1-Value Coverage
  8. Missing 0-Value Coverage
  9. Simulator INI Usage
 10. Simulator Messages



----------------
; Legal Notice ;
----------------
Copyright (C) 1991-2010 Altera Corporation
Your use of Altera Corporation's design tools, logic functions 
and other software and tools, and its AMPP partner logic 
functions, and any output files from any of the foregoing 
(including device programming or simulation files), and any 
associated documentation or information are expressly subject 
to the terms and conditions of the Altera Program License 
Subscription Agreement, Altera MegaCore Function License 
Agreement, or other applicable license agreement, including, 
without limitation, that your use is for the sole purpose of 
programming logic devices manufactured by Altera and sold by 
Altera or its authorized distributors.  Please refer to the 
applicable agreement for further details.



+--------------------------------------------+
; Simulator Summary                          ;
+-----------------------------+--------------+
; Type                        ; Value        ;
+-----------------------------+--------------+
; Simulation Start Time       ; 0 ps         ;
; Simulation End Time         ; 1.0 us       ;
; Simulation Netlist Size     ; 244 nodes    ;
; Simulation Coverage         ;      99.59 % ;
; Total Number of Transitions ; 4636046      ;
; Simulation Breakpoints      ; 0            ;
; Family                      ; Stratix II   ;
+-----------------------------+--------------+


+--------------------------------------------------------------------------------------------------------------------------------------+
; Simulator Settings                                                                                                                   ;
+--------------------------------------------------------------------------------------------+-------------------------+---------------+
; Option                                                                                     ; Setting                 ; Default Value ;
+--------------------------------------------------------------------------------------------+-------------------------+---------------+
; Simulation mode                                                                            ; Functional              ; Timing        ;
; Start time                                                                                 ; 0 ns                    ; 0 ns          ;
; Simulation results format                                                                  ; CVWF                    ;               ;
; Vector input source                                                                        ; g23_lab2_DaySeconds.vwf ;               ;
; Add pins automatically to simulation output waveforms                                      ; On                      ; On            ;
; Check outputs                                                                              ; Off                     ; Off           ;
; Report simulation coverage                                                                 ; On                      ; On            ;
; Display complete 1/0 value coverage report                                                 ; On                      ; On            ;
; Display missing 1-value coverage report                                                    ; On                      ; On            ;
; Display missing 0-value coverage report                                                    ; On                      ; On            ;
; Detect setup and hold time violations                                                      ; Off                     ; Off           ;
; Detect glitches                                                                            ; Off                     ; Off           ;
; Disable timing delays in Timing Simulation                                                 ; Off                     ; Off           ;
; Generate Signal Activity File                                                              ; Off                     ; Off           ;
; Generate VCD File for PowerPlay Power Analyzer                                             ; Off                     ; Off           ;
; Group bus channels in simulation results                                                   ; Off                     ; Off           ;
; Preserve fewer signal transitions to reduce memory requirements                            ; On                      ; On            ;
; Trigger vector comparison with the specified mode                                          ; INPUT_EDGE              ; INPUT_EDGE    ;
; Disable setup and hold time violations detection in input registers of bi-directional pins ; Off                     ; Off           ;
; Overwrite Waveform Inputs With Simulation Outputs                                          ; On                      ;               ;
; Perform Glitch Filtering in Timing Simulation                                              ; Auto                    ; Auto          ;
+--------------------------------------------------------------------------------------------+-------------------------+---------------+


+----------------------+
; Simulation Waveforms ;
+----------------------+
Waveform report data cannot be output to ASCII.
Please use Quartus II 64-Bit to view the waveform report data.


+--------------------------------------------------------------------+
; Coverage Summary                                                   ;
+-----------------------------------------------------+--------------+
; Type                                                ; Value        ;
+-----------------------------------------------------+--------------+
; Total coverage as a percentage                      ;      99.59 % ;
; Total nodes checked                                 ; 244          ;
; Total output ports checked                          ; 244          ;
; Total output ports with complete 1/0-value coverage ; 243          ;
; Total output ports with no 1/0-value coverage       ; 1            ;
; Total output ports with no 1-value coverage         ; 1            ;
; Total output ports with no 0-value coverage         ; 1            ;
+-----------------------------------------------------+--------------+


The following table displays output ports that toggle between 1 and 0 during simulation.
+--------------------------------------------------------------------------------------------------------------------------------------------------------------------------------------------------------------------------------------------------------------------------------------------------------------------------------------------------+
; Complete 1/0-Value Coverage                                                                                                                                                                                                                                                                                                                      ;
+---------------------------------------------------------------------------------------------------------------------------------------------------------------+---------------------------------------------------------------------------------------------------------------------------------------------------------------+------------------+
; Node Name                                                                                                                                                     ; Output Port Name                                                                                                                                              ; Output Port Type ;
+---------------------------------------------------------------------------------------------------------------------------------------------------------------+---------------------------------------------------------------------------------------------------------------------------------------------------------------+------------------+
; |g23_dayseconds|Hours[0]                                                                                                                                      ; |g23_dayseconds|Hours[0]                                                                                                                                      ; out              ;
; |g23_dayseconds|Hours[1]                                                                                                                                      ; |g23_dayseconds|Hours[1]                                                                                                                                      ; out              ;
; |g23_dayseconds|Hours[2]                                                                                                                                      ; |g23_dayseconds|Hours[2]                                                                                                                                      ; out              ;
; |g23_dayseconds|Hours[3]                                                                                                                                      ; |g23_dayseconds|Hours[3]                                                                                                                                      ; out              ;
; |g23_dayseconds|Hours[4]                                                                                                                                      ; |g23_dayseconds|Hours[4]                                                                                                                                      ; out              ;
; |g23_dayseconds|Minutes[0]                                                                                                                                    ; |g23_dayseconds|Minutes[0]                                                                                                                                    ; out              ;
; |g23_dayseconds|Minutes[1]                                                                                                                                    ; |g23_dayseconds|Minutes[1]                                                                                                                                    ; out              ;
; |g23_dayseconds|Minutes[2]                                                                                                                                    ; |g23_dayseconds|Minutes[2]                                                                                                                                    ; out              ;
; |g23_dayseconds|Minutes[3]                                                                                                                                    ; |g23_dayseconds|Minutes[3]                                                                                                                                    ; out              ;
; |g23_dayseconds|Minutes[4]                                                                                                                                    ; |g23_dayseconds|Minutes[4]                                                                                                                                    ; out              ;
; |g23_dayseconds|Minutes[5]                                                                                                                                    ; |g23_dayseconds|Minutes[5]                                                                                                                                    ; out              ;
; |g23_dayseconds|Seconds[0]                                                                                                                                    ; |g23_dayseconds|Seconds[0]                                                                                                                                    ; out              ;
; |g23_dayseconds|Seconds[1]                                                                                                                                    ; |g23_dayseconds|Seconds[1]                                                                                                                                    ; out              ;
; |g23_dayseconds|Seconds[2]                                                                                                                                    ; |g23_dayseconds|Seconds[2]                                                                                                                                    ; out              ;
; |g23_dayseconds|Seconds[3]                                                                                                                                    ; |g23_dayseconds|Seconds[3]                                                                                                                                    ; out              ;
; |g23_dayseconds|Seconds[4]                                                                                                                                    ; |g23_dayseconds|Seconds[4]                                                                                                                                    ; out              ;
; |g23_dayseconds|Seconds[5]                                                                                                                                    ; |g23_dayseconds|Seconds[5]                                                                                                                                    ; out              ;
; |g23_dayseconds|DaySeconds[0]                                                                                                                                 ; |g23_dayseconds|DaySeconds[0]                                                                                                                                 ; pin_out          ;
; |g23_dayseconds|DaySeconds[1]                                                                                                                                 ; |g23_dayseconds|DaySeconds[1]                                                                                                                                 ; pin_out          ;
; |g23_dayseconds|DaySeconds[2]                                                                                                                                 ; |g23_dayseconds|DaySeconds[2]                                                                                                                                 ; pin_out          ;
; |g23_dayseconds|DaySeconds[3]                                                                                                                                 ; |g23_dayseconds|DaySeconds[3]                                                                                                                                 ; pin_out          ;
; |g23_dayseconds|DaySeconds[4]                                                                                                                                 ; |g23_dayseconds|DaySeconds[4]                                                                                                                                 ; pin_out          ;
; |g23_dayseconds|DaySeconds[5]                                                                                                                                 ; |g23_dayseconds|DaySeconds[5]                                                                                                                                 ; pin_out          ;
; |g23_dayseconds|DaySeconds[6]                                                                                                                                 ; |g23_dayseconds|DaySeconds[6]                                                                                                                                 ; pin_out          ;
; |g23_dayseconds|DaySeconds[7]                                                                                                                                 ; |g23_dayseconds|DaySeconds[7]                                                                                                                                 ; pin_out          ;
; |g23_dayseconds|DaySeconds[8]                                                                                                                                 ; |g23_dayseconds|DaySeconds[8]                                                                                                                                 ; pin_out          ;
; |g23_dayseconds|DaySeconds[9]                                                                                                                                 ; |g23_dayseconds|DaySeconds[9]                                                                                                                                 ; pin_out          ;
; |g23_dayseconds|DaySeconds[10]                                                                                                                                ; |g23_dayseconds|DaySeconds[10]                                                                                                                                ; pin_out          ;
; |g23_dayseconds|DaySeconds[11]                                                                                                                                ; |g23_dayseconds|DaySeconds[11]                                                                                                                                ; pin_out          ;
; |g23_dayseconds|DaySeconds[12]                                                                                                                                ; |g23_dayseconds|DaySeconds[12]                                                                                                                                ; pin_out          ;
; |g23_dayseconds|DaySeconds[13]                                                                                                                                ; |g23_dayseconds|DaySeconds[13]                                                                                                                                ; pin_out          ;
; |g23_dayseconds|DaySeconds[14]                                                                                                                                ; |g23_dayseconds|DaySeconds[14]                                                                                                                                ; pin_out          ;
; |g23_dayseconds|DaySeconds[15]                                                                                                                                ; |g23_dayseconds|DaySeconds[15]                                                                                                                                ; pin_out          ;
; |g23_dayseconds|DaySeconds[16]                                                                                                                                ; |g23_dayseconds|DaySeconds[16]                                                                                                                                ; pin_out          ;
; |g23_dayseconds|lpm_mult:lpm_mult_component_2|multcore:mult_core|_~6                                                                                          ; |g23_dayseconds|lpm_mult:lpm_mult_component_2|multcore:mult_core|_~6                                                                                          ; out0             ;
; |g23_dayseconds|lpm_mult:lpm_mult_component_2|multcore:mult_core|romout[0][9]                                                                                 ; |g23_dayseconds|lpm_mult:lpm_mult_component_2|multcore:mult_core|romout[0][9]                                                                                 ; out0             ;
; |g23_dayseconds|lpm_mult:lpm_mult_component_2|multcore:mult_core|romout[0][8]                                                                                 ; |g23_dayseconds|lpm_mult:lpm_mult_component_2|multcore:mult_core|romout[0][8]                                                                                 ; out0             ;
; |g23_dayseconds|lpm_mult:lpm_mult_component_2|multcore:mult_core|romout[0][7]                                                                                 ; |g23_dayseconds|lpm_mult:lpm_mult_component_2|multcore:mult_core|romout[0][7]                                                                                 ; out0             ;
; |g23_dayseconds|lpm_mult:lpm_mult_component_2|multcore:mult_core|romout[0][6]                                                                                 ; |g23_dayseconds|lpm_mult:lpm_mult_component_2|multcore:mult_core|romout[0][6]                                                                                 ; out0             ;
; |g23_dayseconds|lpm_mult:lpm_mult_component_2|multcore:mult_core|romout[0][5]                                                                                 ; |g23_dayseconds|lpm_mult:lpm_mult_component_2|multcore:mult_core|romout[0][5]                                                                                 ; out0             ;
; |g23_dayseconds|lpm_mult:lpm_mult_component_2|multcore:mult_core|romout[0][4]                                                                                 ; |g23_dayseconds|lpm_mult:lpm_mult_component_2|multcore:mult_core|romout[0][4]                                                                                 ; out0             ;
; |g23_dayseconds|lpm_mult:lpm_mult_component_2|multcore:mult_core|romout[0][3]                                                                                 ; |g23_dayseconds|lpm_mult:lpm_mult_component_2|multcore:mult_core|romout[0][3]                                                                                 ; out0             ;
; |g23_dayseconds|lpm_mult:lpm_mult_component_2|multcore:mult_core|romout[0][2]                                                                                 ; |g23_dayseconds|lpm_mult:lpm_mult_component_2|multcore:mult_core|romout[0][2]                                                                                 ; out0             ;
; |g23_dayseconds|lpm_mult:lpm_mult_component_2|multcore:mult_core|_~10                                                                                         ; |g23_dayseconds|lpm_mult:lpm_mult_component_2|multcore:mult_core|_~10                                                                                         ; out0             ;
; |g23_dayseconds|lpm_mult:lpm_mult_component_2|multcore:mult_core|_~14                                                                                         ; |g23_dayseconds|lpm_mult:lpm_mult_component_2|multcore:mult_core|_~14                                                                                         ; out0             ;
; |g23_dayseconds|lpm_mult:lpm_mult_component_2|multcore:mult_core|_~17                                                                                         ; |g23_dayseconds|lpm_mult:lpm_mult_component_2|multcore:mult_core|_~17                                                                                         ; out0             ;
; |g23_dayseconds|lpm_mult:lpm_mult_component_2|multcore:mult_core|_~21                                                                                         ; |g23_dayseconds|lpm_mult:lpm_mult_component_2|multcore:mult_core|_~21                                                                                         ; out0             ;
; |g23_dayseconds|lpm_mult:lpm_mult_component_2|multcore:mult_core|_~24                                                                                         ; |g23_dayseconds|lpm_mult:lpm_mult_component_2|multcore:mult_core|_~24                                                                                         ; out0             ;
; |g23_dayseconds|lpm_mult:lpm_mult_component_2|multcore:mult_core|_~27                                                                                         ; |g23_dayseconds|lpm_mult:lpm_mult_component_2|multcore:mult_core|_~27                                                                                         ; out0             ;
; |g23_dayseconds|lpm_mult:lpm_mult_component_2|multcore:mult_core|_~29                                                                                         ; |g23_dayseconds|lpm_mult:lpm_mult_component_2|multcore:mult_core|_~29                                                                                         ; out0             ;
; |g23_dayseconds|lpm_mult:lpm_mult_component_2|multcore:mult_core|_~33                                                                                         ; |g23_dayseconds|lpm_mult:lpm_mult_component_2|multcore:mult_core|_~33                                                                                         ; out0             ;
; |g23_dayseconds|lpm_mult:lpm_mult_component_2|multcore:mult_core|_~36                                                                                         ; |g23_dayseconds|lpm_mult:lpm_mult_component_2|multcore:mult_core|_~36                                                                                         ; out0             ;
; |g23_dayseconds|lpm_mult:lpm_mult_component_2|multcore:mult_core|_~39                                                                                         ; |g23_dayseconds|lpm_mult:lpm_mult_component_2|multcore:mult_core|_~39                                                                                         ; out0             ;
; |g23_dayseconds|lpm_mult:lpm_mult_component_2|multcore:mult_core|_~41                                                                                         ; |g23_dayseconds|lpm_mult:lpm_mult_component_2|multcore:mult_core|_~41                                                                                         ; out0             ;
; |g23_dayseconds|lpm_mult:lpm_mult_component_2|multcore:mult_core|_~44                                                                                         ; |g23_dayseconds|lpm_mult:lpm_mult_component_2|multcore:mult_core|_~44                                                                                         ; out0             ;
; |g23_dayseconds|lpm_mult:lpm_mult_component_2|multcore:mult_core|_~46                                                                                         ; |g23_dayseconds|lpm_mult:lpm_mult_component_2|multcore:mult_core|_~46                                                                                         ; out0             ;
; |g23_dayseconds|lpm_mult:lpm_mult_component_2|multcore:mult_core|_~48                                                                                         ; |g23_dayseconds|lpm_mult:lpm_mult_component_2|multcore:mult_core|_~48                                                                                         ; out0             ;
; |g23_dayseconds|lpm_mult:lpm_mult_component_2|multcore:mult_core|_~54                                                                                         ; |g23_dayseconds|lpm_mult:lpm_mult_component_2|multcore:mult_core|_~54                                                                                         ; out0             ;
; |g23_dayseconds|lpm_mult:lpm_mult_component_2|multcore:mult_core|romout[1][9]                                                                                 ; |g23_dayseconds|lpm_mult:lpm_mult_component_2|multcore:mult_core|romout[1][9]                                                                                 ; out0             ;
; |g23_dayseconds|lpm_mult:lpm_mult_component_2|multcore:mult_core|romout[1][8]                                                                                 ; |g23_dayseconds|lpm_mult:lpm_mult_component_2|multcore:mult_core|romout[1][8]                                                                                 ; out0             ;
; |g23_dayseconds|lpm_mult:lpm_mult_component_2|multcore:mult_core|romout[1][7]                                                                                 ; |g23_dayseconds|lpm_mult:lpm_mult_component_2|multcore:mult_core|romout[1][7]                                                                                 ; out0             ;
; |g23_dayseconds|lpm_mult:lpm_mult_component_2|multcore:mult_core|romout[1][6]                                                                                 ; |g23_dayseconds|lpm_mult:lpm_mult_component_2|multcore:mult_core|romout[1][6]                                                                                 ; out0             ;
; |g23_dayseconds|lpm_mult:lpm_mult_component_2|multcore:mult_core|romout[1][5]                                                                                 ; |g23_dayseconds|lpm_mult:lpm_mult_component_2|multcore:mult_core|romout[1][5]                                                                                 ; out0             ;
; |g23_dayseconds|lpm_mult:lpm_mult_component_2|multcore:mult_core|romout[1][4]                                                                                 ; |g23_dayseconds|lpm_mult:lpm_mult_component_2|multcore:mult_core|romout[1][4]                                                                                 ; out0             ;
; |g23_dayseconds|lpm_mult:lpm_mult_component_2|multcore:mult_core|romout[1][3]                                                                                 ; |g23_dayseconds|lpm_mult:lpm_mult_component_2|multcore:mult_core|romout[1][3]                                                                                 ; out0             ;
; |g23_dayseconds|lpm_mult:lpm_mult_component_2|multcore:mult_core|romout[1][2]                                                                                 ; |g23_dayseconds|lpm_mult:lpm_mult_component_2|multcore:mult_core|romout[1][2]                                                                                 ; out0             ;
; |g23_dayseconds|lpm_mult:lpm_mult_component_2|multcore:mult_core|_~58                                                                                         ; |g23_dayseconds|lpm_mult:lpm_mult_component_2|multcore:mult_core|_~58                                                                                         ; out0             ;
; |g23_dayseconds|lpm_mult:lpm_mult_component_2|multcore:mult_core|_~62                                                                                         ; |g23_dayseconds|lpm_mult:lpm_mult_component_2|multcore:mult_core|_~62                                                                                         ; out0             ;
; |g23_dayseconds|lpm_mult:lpm_mult_component_2|multcore:mult_core|_~65                                                                                         ; |g23_dayseconds|lpm_mult:lpm_mult_component_2|multcore:mult_core|_~65                                                                                         ; out0             ;
; |g23_dayseconds|lpm_mult:lpm_mult_component_2|multcore:mult_core|_~69                                                                                         ; |g23_dayseconds|lpm_mult:lpm_mult_component_2|multcore:mult_core|_~69                                                                                         ; out0             ;
; |g23_dayseconds|lpm_mult:lpm_mult_component_2|multcore:mult_core|_~72                                                                                         ; |g23_dayseconds|lpm_mult:lpm_mult_component_2|multcore:mult_core|_~72                                                                                         ; out0             ;
; |g23_dayseconds|lpm_mult:lpm_mult_component_2|multcore:mult_core|_~75                                                                                         ; |g23_dayseconds|lpm_mult:lpm_mult_component_2|multcore:mult_core|_~75                                                                                         ; out0             ;
; |g23_dayseconds|lpm_mult:lpm_mult_component_2|multcore:mult_core|_~77                                                                                         ; |g23_dayseconds|lpm_mult:lpm_mult_component_2|multcore:mult_core|_~77                                                                                         ; out0             ;
; |g23_dayseconds|lpm_mult:lpm_mult_component_2|multcore:mult_core|_~81                                                                                         ; |g23_dayseconds|lpm_mult:lpm_mult_component_2|multcore:mult_core|_~81                                                                                         ; out0             ;
; |g23_dayseconds|lpm_mult:lpm_mult_component_2|multcore:mult_core|_~84                                                                                         ; |g23_dayseconds|lpm_mult:lpm_mult_component_2|multcore:mult_core|_~84                                                                                         ; out0             ;
; |g23_dayseconds|lpm_mult:lpm_mult_component_2|multcore:mult_core|_~87                                                                                         ; |g23_dayseconds|lpm_mult:lpm_mult_component_2|multcore:mult_core|_~87                                                                                         ; out0             ;
; |g23_dayseconds|lpm_mult:lpm_mult_component_2|multcore:mult_core|_~89                                                                                         ; |g23_dayseconds|lpm_mult:lpm_mult_component_2|multcore:mult_core|_~89                                                                                         ; out0             ;
; |g23_dayseconds|lpm_mult:lpm_mult_component_2|multcore:mult_core|_~92                                                                                         ; |g23_dayseconds|lpm_mult:lpm_mult_component_2|multcore:mult_core|_~92                                                                                         ; out0             ;
; |g23_dayseconds|lpm_mult:lpm_mult_component_2|multcore:mult_core|_~94                                                                                         ; |g23_dayseconds|lpm_mult:lpm_mult_component_2|multcore:mult_core|_~94                                                                                         ; out0             ;
; |g23_dayseconds|lpm_mult:lpm_mult_component_2|multcore:mult_core|_~96                                                                                         ; |g23_dayseconds|lpm_mult:lpm_mult_component_2|multcore:mult_core|_~96                                                                                         ; out0             ;
; |g23_dayseconds|lpm_mult:lpm_mult_component_2|multcore:mult_core|_~102                                                                                        ; |g23_dayseconds|lpm_mult:lpm_mult_component_2|multcore:mult_core|_~102                                                                                        ; out0             ;
; |g23_dayseconds|lpm_mult:lpm_mult_component_2|multcore:mult_core|romout[2][8]                                                                                 ; |g23_dayseconds|lpm_mult:lpm_mult_component_2|multcore:mult_core|romout[2][8]                                                                                 ; out0             ;
; |g23_dayseconds|lpm_mult:lpm_mult_component_2|multcore:mult_core|romout[2][7]                                                                                 ; |g23_dayseconds|lpm_mult:lpm_mult_component_2|multcore:mult_core|romout[2][7]                                                                                 ; out0             ;
; |g23_dayseconds|lpm_mult:lpm_mult_component_2|multcore:mult_core|romout[2][6]                                                                                 ; |g23_dayseconds|lpm_mult:lpm_mult_component_2|multcore:mult_core|romout[2][6]                                                                                 ; out0             ;
; |g23_dayseconds|lpm_mult:lpm_mult_component_2|multcore:mult_core|romout[2][5]                                                                                 ; |g23_dayseconds|lpm_mult:lpm_mult_component_2|multcore:mult_core|romout[2][5]                                                                                 ; out0             ;
; |g23_dayseconds|lpm_mult:lpm_mult_component_2|multcore:mult_core|romout[2][4]                                                                                 ; |g23_dayseconds|lpm_mult:lpm_mult_component_2|multcore:mult_core|romout[2][4]                                                                                 ; out0             ;
; |g23_dayseconds|lpm_mult:lpm_mult_component_2|multcore:mult_core|romout[2][3]                                                                                 ; |g23_dayseconds|lpm_mult:lpm_mult_component_2|multcore:mult_core|romout[2][3]                                                                                 ; out0             ;
; |g23_dayseconds|lpm_mult:lpm_mult_component_2|multcore:mult_core|romout[2][2]                                                                                 ; |g23_dayseconds|lpm_mult:lpm_mult_component_2|multcore:mult_core|romout[2][2]                                                                                 ; out0             ;
; |g23_dayseconds|lpm_mult:lpm_mult_component_2|multcore:mult_core|_~106                                                                                        ; |g23_dayseconds|lpm_mult:lpm_mult_component_2|multcore:mult_core|_~106                                                                                        ; out0             ;
; |g23_dayseconds|lpm_mult:lpm_mult_component_2|multcore:mult_core|_~110                                                                                        ; |g23_dayseconds|lpm_mult:lpm_mult_component_2|multcore:mult_core|_~110                                                                                        ; out0             ;
; |g23_dayseconds|lpm_mult:lpm_mult_component_2|multcore:mult_core|_~113                                                                                        ; |g23_dayseconds|lpm_mult:lpm_mult_component_2|multcore:mult_core|_~113                                                                                        ; out0             ;
; |g23_dayseconds|lpm_mult:lpm_mult_component_2|multcore:mult_core|_~117                                                                                        ; |g23_dayseconds|lpm_mult:lpm_mult_component_2|multcore:mult_core|_~117                                                                                        ; out0             ;
; |g23_dayseconds|lpm_mult:lpm_mult_component_2|multcore:mult_core|_~120                                                                                        ; |g23_dayseconds|lpm_mult:lpm_mult_component_2|multcore:mult_core|_~120                                                                                        ; out0             ;
; |g23_dayseconds|lpm_mult:lpm_mult_component_2|multcore:mult_core|_~123                                                                                        ; |g23_dayseconds|lpm_mult:lpm_mult_component_2|multcore:mult_core|_~123                                                                                        ; out0             ;
; |g23_dayseconds|lpm_mult:lpm_mult_component|multcore:mult_core|_~6                                                                                            ; |g23_dayseconds|lpm_mult:lpm_mult_component|multcore:mult_core|_~6                                                                                            ; out0             ;
; |g23_dayseconds|lpm_mult:lpm_mult_component|multcore:mult_core|romout[0][9]                                                                                   ; |g23_dayseconds|lpm_mult:lpm_mult_component|multcore:mult_core|romout[0][9]                                                                                   ; out0             ;
; |g23_dayseconds|lpm_mult:lpm_mult_component|multcore:mult_core|romout[0][8]                                                                                   ; |g23_dayseconds|lpm_mult:lpm_mult_component|multcore:mult_core|romout[0][8]                                                                                   ; out0             ;
; |g23_dayseconds|lpm_mult:lpm_mult_component|multcore:mult_core|romout[0][7]                                                                                   ; |g23_dayseconds|lpm_mult:lpm_mult_component|multcore:mult_core|romout[0][7]                                                                                   ; out0             ;
; |g23_dayseconds|lpm_mult:lpm_mult_component|multcore:mult_core|romout[0][6]                                                                                   ; |g23_dayseconds|lpm_mult:lpm_mult_component|multcore:mult_core|romout[0][6]                                                                                   ; out0             ;
; |g23_dayseconds|lpm_mult:lpm_mult_component|multcore:mult_core|romout[0][5]                                                                                   ; |g23_dayseconds|lpm_mult:lpm_mult_component|multcore:mult_core|romout[0][5]                                                                                   ; out0             ;
; |g23_dayseconds|lpm_mult:lpm_mult_component|multcore:mult_core|romout[0][4]                                                                                   ; |g23_dayseconds|lpm_mult:lpm_mult_component|multcore:mult_core|romout[0][4]                                                                                   ; out0             ;
; |g23_dayseconds|lpm_mult:lpm_mult_component|multcore:mult_core|romout[0][3]                                                                                   ; |g23_dayseconds|lpm_mult:lpm_mult_component|multcore:mult_core|romout[0][3]                                                                                   ; out0             ;
; |g23_dayseconds|lpm_mult:lpm_mult_component|multcore:mult_core|romout[0][2]                                                                                   ; |g23_dayseconds|lpm_mult:lpm_mult_component|multcore:mult_core|romout[0][2]                                                                                   ; out0             ;
; |g23_dayseconds|lpm_mult:lpm_mult_component|multcore:mult_core|_~10                                                                                           ; |g23_dayseconds|lpm_mult:lpm_mult_component|multcore:mult_core|_~10                                                                                           ; out0             ;
; |g23_dayseconds|lpm_mult:lpm_mult_component|multcore:mult_core|_~14                                                                                           ; |g23_dayseconds|lpm_mult:lpm_mult_component|multcore:mult_core|_~14                                                                                           ; out0             ;
; |g23_dayseconds|lpm_mult:lpm_mult_component|multcore:mult_core|_~17                                                                                           ; |g23_dayseconds|lpm_mult:lpm_mult_component|multcore:mult_core|_~17                                                                                           ; out0             ;
; |g23_dayseconds|lpm_mult:lpm_mult_component|multcore:mult_core|_~21                                                                                           ; |g23_dayseconds|lpm_mult:lpm_mult_component|multcore:mult_core|_~21                                                                                           ; out0             ;
; |g23_dayseconds|lpm_mult:lpm_mult_component|multcore:mult_core|_~24                                                                                           ; |g23_dayseconds|lpm_mult:lpm_mult_component|multcore:mult_core|_~24                                                                                           ; out0             ;
; |g23_dayseconds|lpm_mult:lpm_mult_component|multcore:mult_core|_~27                                                                                           ; |g23_dayseconds|lpm_mult:lpm_mult_component|multcore:mult_core|_~27                                                                                           ; out0             ;
; |g23_dayseconds|lpm_mult:lpm_mult_component|multcore:mult_core|_~29                                                                                           ; |g23_dayseconds|lpm_mult:lpm_mult_component|multcore:mult_core|_~29                                                                                           ; out0             ;
; |g23_dayseconds|lpm_mult:lpm_mult_component|multcore:mult_core|_~33                                                                                           ; |g23_dayseconds|lpm_mult:lpm_mult_component|multcore:mult_core|_~33                                                                                           ; out0             ;
; |g23_dayseconds|lpm_mult:lpm_mult_component|multcore:mult_core|_~36                                                                                           ; |g23_dayseconds|lpm_mult:lpm_mult_component|multcore:mult_core|_~36                                                                                           ; out0             ;
; |g23_dayseconds|lpm_mult:lpm_mult_component|multcore:mult_core|_~39                                                                                           ; |g23_dayseconds|lpm_mult:lpm_mult_component|multcore:mult_core|_~39                                                                                           ; out0             ;
; |g23_dayseconds|lpm_mult:lpm_mult_component|multcore:mult_core|_~41                                                                                           ; |g23_dayseconds|lpm_mult:lpm_mult_component|multcore:mult_core|_~41                                                                                           ; out0             ;
; |g23_dayseconds|lpm_mult:lpm_mult_component|multcore:mult_core|_~44                                                                                           ; |g23_dayseconds|lpm_mult:lpm_mult_component|multcore:mult_core|_~44                                                                                           ; out0             ;
; |g23_dayseconds|lpm_mult:lpm_mult_component|multcore:mult_core|_~46                                                                                           ; |g23_dayseconds|lpm_mult:lpm_mult_component|multcore:mult_core|_~46                                                                                           ; out0             ;
; |g23_dayseconds|lpm_mult:lpm_mult_component|multcore:mult_core|_~48                                                                                           ; |g23_dayseconds|lpm_mult:lpm_mult_component|multcore:mult_core|_~48                                                                                           ; out0             ;
; |g23_dayseconds|lpm_add_sub:lpm_add_sub_component_2|add_sub_93j:auto_generated|op_1~0                                                                         ; |g23_dayseconds|lpm_add_sub:lpm_add_sub_component_2|add_sub_93j:auto_generated|op_1~0                                                                         ; out0             ;
; |g23_dayseconds|lpm_add_sub:lpm_add_sub_component_2|add_sub_93j:auto_generated|op_1~1                                                                         ; |g23_dayseconds|lpm_add_sub:lpm_add_sub_component_2|add_sub_93j:auto_generated|op_1~1                                                                         ; out0             ;
; |g23_dayseconds|lpm_add_sub:lpm_add_sub_component_2|add_sub_93j:auto_generated|op_1~2                                                                         ; |g23_dayseconds|lpm_add_sub:lpm_add_sub_component_2|add_sub_93j:auto_generated|op_1~2                                                                         ; out0             ;
; |g23_dayseconds|lpm_add_sub:lpm_add_sub_component_2|add_sub_93j:auto_generated|op_1~3                                                                         ; |g23_dayseconds|lpm_add_sub:lpm_add_sub_component_2|add_sub_93j:auto_generated|op_1~3                                                                         ; out0             ;
; |g23_dayseconds|lpm_add_sub:lpm_add_sub_component_2|add_sub_93j:auto_generated|op_1~4                                                                         ; |g23_dayseconds|lpm_add_sub:lpm_add_sub_component_2|add_sub_93j:auto_generated|op_1~4                                                                         ; out0             ;
; |g23_dayseconds|lpm_add_sub:lpm_add_sub_component_2|add_sub_93j:auto_generated|op_1~5                                                                         ; |g23_dayseconds|lpm_add_sub:lpm_add_sub_component_2|add_sub_93j:auto_generated|op_1~5                                                                         ; out0             ;
; |g23_dayseconds|lpm_add_sub:lpm_add_sub_component_2|add_sub_93j:auto_generated|op_1~6                                                                         ; |g23_dayseconds|lpm_add_sub:lpm_add_sub_component_2|add_sub_93j:auto_generated|op_1~6                                                                         ; out0             ;
; |g23_dayseconds|lpm_add_sub:lpm_add_sub_component_2|add_sub_93j:auto_generated|op_1~7                                                                         ; |g23_dayseconds|lpm_add_sub:lpm_add_sub_component_2|add_sub_93j:auto_generated|op_1~7                                                                         ; out0             ;
; |g23_dayseconds|lpm_add_sub:lpm_add_sub_component_2|add_sub_93j:auto_generated|op_1~8                                                                         ; |g23_dayseconds|lpm_add_sub:lpm_add_sub_component_2|add_sub_93j:auto_generated|op_1~8                                                                         ; out0             ;
; |g23_dayseconds|lpm_add_sub:lpm_add_sub_component_2|add_sub_93j:auto_generated|op_1~9                                                                         ; |g23_dayseconds|lpm_add_sub:lpm_add_sub_component_2|add_sub_93j:auto_generated|op_1~9                                                                         ; out0             ;
; |g23_dayseconds|lpm_add_sub:lpm_add_sub_component_2|add_sub_93j:auto_generated|op_1~10                                                                        ; |g23_dayseconds|lpm_add_sub:lpm_add_sub_component_2|add_sub_93j:auto_generated|op_1~10                                                                        ; out0             ;
; |g23_dayseconds|lpm_add_sub:lpm_add_sub_component_2|add_sub_93j:auto_generated|op_1~11                                                                        ; |g23_dayseconds|lpm_add_sub:lpm_add_sub_component_2|add_sub_93j:auto_generated|op_1~11                                                                        ; out0             ;
; |g23_dayseconds|lpm_add_sub:lpm_add_sub_component_2|add_sub_93j:auto_generated|op_1~12                                                                        ; |g23_dayseconds|lpm_add_sub:lpm_add_sub_component_2|add_sub_93j:auto_generated|op_1~12                                                                        ; out0             ;
; |g23_dayseconds|lpm_add_sub:lpm_add_sub_component_2|add_sub_93j:auto_generated|op_1~13                                                                        ; |g23_dayseconds|lpm_add_sub:lpm_add_sub_component_2|add_sub_93j:auto_generated|op_1~13                                                                        ; out0             ;
; |g23_dayseconds|lpm_add_sub:lpm_add_sub_component_2|add_sub_93j:auto_generated|op_1~14                                                                        ; |g23_dayseconds|lpm_add_sub:lpm_add_sub_component_2|add_sub_93j:auto_generated|op_1~14                                                                        ; out0             ;
; |g23_dayseconds|lpm_add_sub:lpm_add_sub_component_2|add_sub_93j:auto_generated|op_1~15                                                                        ; |g23_dayseconds|lpm_add_sub:lpm_add_sub_component_2|add_sub_93j:auto_generated|op_1~15                                                                        ; out0             ;
; |g23_dayseconds|lpm_add_sub:lpm_add_sub_component_2|add_sub_93j:auto_generated|op_1~16                                                                        ; |g23_dayseconds|lpm_add_sub:lpm_add_sub_component_2|add_sub_93j:auto_generated|op_1~16                                                                        ; out0             ;
; |g23_dayseconds|lpm_add_sub:lpm_add_sub_component_2|add_sub_93j:auto_generated|op_1~17                                                                        ; |g23_dayseconds|lpm_add_sub:lpm_add_sub_component_2|add_sub_93j:auto_generated|op_1~17                                                                        ; out0             ;
; |g23_dayseconds|lpm_add_sub:lpm_add_sub_component_2|add_sub_93j:auto_generated|op_1~18                                                                        ; |g23_dayseconds|lpm_add_sub:lpm_add_sub_component_2|add_sub_93j:auto_generated|op_1~18                                                                        ; out0             ;
; |g23_dayseconds|lpm_add_sub:lpm_add_sub_component_2|add_sub_93j:auto_generated|op_1~19                                                                        ; |g23_dayseconds|lpm_add_sub:lpm_add_sub_component_2|add_sub_93j:auto_generated|op_1~19                                                                        ; out0             ;
; |g23_dayseconds|lpm_add_sub:lpm_add_sub_component_2|add_sub_93j:auto_generated|op_1~20                                                                        ; |g23_dayseconds|lpm_add_sub:lpm_add_sub_component_2|add_sub_93j:auto_generated|op_1~20                                                                        ; out0             ;
; |g23_dayseconds|lpm_add_sub:lpm_add_sub_component_2|add_sub_93j:auto_generated|op_1~21                                                                        ; |g23_dayseconds|lpm_add_sub:lpm_add_sub_component_2|add_sub_93j:auto_generated|op_1~21                                                                        ; out0             ;
; |g23_dayseconds|lpm_add_sub:lpm_add_sub_component_2|add_sub_93j:auto_generated|op_1~22                                                                        ; |g23_dayseconds|lpm_add_sub:lpm_add_sub_component_2|add_sub_93j:auto_generated|op_1~22                                                                        ; out0             ;
; |g23_dayseconds|lpm_add_sub:lpm_add_sub_component_2|add_sub_93j:auto_generated|op_1~23                                                                        ; |g23_dayseconds|lpm_add_sub:lpm_add_sub_component_2|add_sub_93j:auto_generated|op_1~23                                                                        ; out0             ;
; |g23_dayseconds|lpm_add_sub:lpm_add_sub_component_2|add_sub_93j:auto_generated|op_1~24                                                                        ; |g23_dayseconds|lpm_add_sub:lpm_add_sub_component_2|add_sub_93j:auto_generated|op_1~24                                                                        ; out0             ;
; |g23_dayseconds|lpm_add_sub:lpm_add_sub_component_2|add_sub_93j:auto_generated|op_1~25                                                                        ; |g23_dayseconds|lpm_add_sub:lpm_add_sub_component_2|add_sub_93j:auto_generated|op_1~25                                                                        ; out0             ;
; |g23_dayseconds|lpm_add_sub:lpm_add_sub_component_2|add_sub_93j:auto_generated|op_1~26                                                                        ; |g23_dayseconds|lpm_add_sub:lpm_add_sub_component_2|add_sub_93j:auto_generated|op_1~26                                                                        ; out0             ;
; |g23_dayseconds|lpm_add_sub:lpm_add_sub_component_2|add_sub_93j:auto_generated|op_1~27                                                                        ; |g23_dayseconds|lpm_add_sub:lpm_add_sub_component_2|add_sub_93j:auto_generated|op_1~27                                                                        ; out0             ;
; |g23_dayseconds|lpm_add_sub:lpm_add_sub_component_2|add_sub_93j:auto_generated|op_1~28                                                                        ; |g23_dayseconds|lpm_add_sub:lpm_add_sub_component_2|add_sub_93j:auto_generated|op_1~28                                                                        ; out0             ;
; |g23_dayseconds|lpm_add_sub:lpm_add_sub_component_2|add_sub_93j:auto_generated|op_1~29                                                                        ; |g23_dayseconds|lpm_add_sub:lpm_add_sub_component_2|add_sub_93j:auto_generated|op_1~29                                                                        ; out0             ;
; |g23_dayseconds|lpm_add_sub:lpm_add_sub_component_2|add_sub_93j:auto_generated|op_1~30                                                                        ; |g23_dayseconds|lpm_add_sub:lpm_add_sub_component_2|add_sub_93j:auto_generated|op_1~30                                                                        ; out0             ;
; |g23_dayseconds|lpm_add_sub:lpm_add_sub_component_2|add_sub_93j:auto_generated|op_1~31                                                                        ; |g23_dayseconds|lpm_add_sub:lpm_add_sub_component_2|add_sub_93j:auto_generated|op_1~31                                                                        ; out0             ;
; |g23_dayseconds|lpm_add_sub:lpm_add_sub_component_2|add_sub_93j:auto_generated|op_1~32                                                                        ; |g23_dayseconds|lpm_add_sub:lpm_add_sub_component_2|add_sub_93j:auto_generated|op_1~32                                                                        ; out0             ;
; |g23_dayseconds|lpm_add_sub:lpm_add_sub_component_2|add_sub_93j:auto_generated|op_1~33                                                                        ; |g23_dayseconds|lpm_add_sub:lpm_add_sub_component_2|add_sub_93j:auto_generated|op_1~33                                                                        ; out0             ;
; |g23_dayseconds|lpm_add_sub:lpm_add_sub_component_2|add_sub_93j:auto_generated|op_1~34                                                                        ; |g23_dayseconds|lpm_add_sub:lpm_add_sub_component_2|add_sub_93j:auto_generated|op_1~34                                                                        ; out0             ;
; |g23_dayseconds|lpm_add_sub:lpm_add_sub_component_2|add_sub_93j:auto_generated|op_1~35                                                                        ; |g23_dayseconds|lpm_add_sub:lpm_add_sub_component_2|add_sub_93j:auto_generated|op_1~35                                                                        ; out0             ;
; |g23_dayseconds|lpm_add_sub:lpm_add_sub_component_2|add_sub_93j:auto_generated|op_1~36                                                                        ; |g23_dayseconds|lpm_add_sub:lpm_add_sub_component_2|add_sub_93j:auto_generated|op_1~36                                                                        ; out0             ;
; |g23_dayseconds|lpm_add_sub:lpm_add_sub_component_2|add_sub_93j:auto_generated|op_1~37                                                                        ; |g23_dayseconds|lpm_add_sub:lpm_add_sub_component_2|add_sub_93j:auto_generated|op_1~37                                                                        ; out0             ;
; |g23_dayseconds|lpm_mult:lpm_mult_component_2|multcore:mult_core|mpar_add:padder|mpar_add:sub_par_add|lpm_add_sub:adder[0]|add_sub_7dh:auto_generated|op_1~0  ; |g23_dayseconds|lpm_mult:lpm_mult_component_2|multcore:mult_core|mpar_add:padder|mpar_add:sub_par_add|lpm_add_sub:adder[0]|add_sub_7dh:auto_generated|op_1~0  ; out0             ;
; |g23_dayseconds|lpm_mult:lpm_mult_component_2|multcore:mult_core|mpar_add:padder|mpar_add:sub_par_add|lpm_add_sub:adder[0]|add_sub_7dh:auto_generated|op_1~1  ; |g23_dayseconds|lpm_mult:lpm_mult_component_2|multcore:mult_core|mpar_add:padder|mpar_add:sub_par_add|lpm_add_sub:adder[0]|add_sub_7dh:auto_generated|op_1~1  ; out0             ;
; |g23_dayseconds|lpm_mult:lpm_mult_component_2|multcore:mult_core|mpar_add:padder|mpar_add:sub_par_add|lpm_add_sub:adder[0]|add_sub_7dh:auto_generated|op_1~2  ; |g23_dayseconds|lpm_mult:lpm_mult_component_2|multcore:mult_core|mpar_add:padder|mpar_add:sub_par_add|lpm_add_sub:adder[0]|add_sub_7dh:auto_generated|op_1~2  ; out0             ;
; |g23_dayseconds|lpm_mult:lpm_mult_component_2|multcore:mult_core|mpar_add:padder|mpar_add:sub_par_add|lpm_add_sub:adder[0]|add_sub_7dh:auto_generated|op_1~3  ; |g23_dayseconds|lpm_mult:lpm_mult_component_2|multcore:mult_core|mpar_add:padder|mpar_add:sub_par_add|lpm_add_sub:adder[0]|add_sub_7dh:auto_generated|op_1~3  ; out0             ;
; |g23_dayseconds|lpm_mult:lpm_mult_component_2|multcore:mult_core|mpar_add:padder|mpar_add:sub_par_add|lpm_add_sub:adder[0]|add_sub_7dh:auto_generated|op_1~4  ; |g23_dayseconds|lpm_mult:lpm_mult_component_2|multcore:mult_core|mpar_add:padder|mpar_add:sub_par_add|lpm_add_sub:adder[0]|add_sub_7dh:auto_generated|op_1~4  ; out0             ;
; |g23_dayseconds|lpm_mult:lpm_mult_component_2|multcore:mult_core|mpar_add:padder|mpar_add:sub_par_add|lpm_add_sub:adder[0]|add_sub_7dh:auto_generated|op_1~5  ; |g23_dayseconds|lpm_mult:lpm_mult_component_2|multcore:mult_core|mpar_add:padder|mpar_add:sub_par_add|lpm_add_sub:adder[0]|add_sub_7dh:auto_generated|op_1~5  ; out0             ;
; |g23_dayseconds|lpm_mult:lpm_mult_component_2|multcore:mult_core|mpar_add:padder|mpar_add:sub_par_add|lpm_add_sub:adder[0]|add_sub_7dh:auto_generated|op_1~6  ; |g23_dayseconds|lpm_mult:lpm_mult_component_2|multcore:mult_core|mpar_add:padder|mpar_add:sub_par_add|lpm_add_sub:adder[0]|add_sub_7dh:auto_generated|op_1~6  ; out0             ;
; |g23_dayseconds|lpm_mult:lpm_mult_component_2|multcore:mult_core|mpar_add:padder|mpar_add:sub_par_add|lpm_add_sub:adder[0]|add_sub_7dh:auto_generated|op_1~7  ; |g23_dayseconds|lpm_mult:lpm_mult_component_2|multcore:mult_core|mpar_add:padder|mpar_add:sub_par_add|lpm_add_sub:adder[0]|add_sub_7dh:auto_generated|op_1~7  ; out0             ;
; |g23_dayseconds|lpm_mult:lpm_mult_component_2|multcore:mult_core|mpar_add:padder|mpar_add:sub_par_add|lpm_add_sub:adder[0]|add_sub_7dh:auto_generated|op_1~8  ; |g23_dayseconds|lpm_mult:lpm_mult_component_2|multcore:mult_core|mpar_add:padder|mpar_add:sub_par_add|lpm_add_sub:adder[0]|add_sub_7dh:auto_generated|op_1~8  ; out0             ;
; |g23_dayseconds|lpm_mult:lpm_mult_component_2|multcore:mult_core|mpar_add:padder|mpar_add:sub_par_add|lpm_add_sub:adder[0]|add_sub_7dh:auto_generated|op_1~9  ; |g23_dayseconds|lpm_mult:lpm_mult_component_2|multcore:mult_core|mpar_add:padder|mpar_add:sub_par_add|lpm_add_sub:adder[0]|add_sub_7dh:auto_generated|op_1~9  ; out0             ;
; |g23_dayseconds|lpm_mult:lpm_mult_component_2|multcore:mult_core|mpar_add:padder|mpar_add:sub_par_add|lpm_add_sub:adder[0]|add_sub_7dh:auto_generated|op_1~10 ; |g23_dayseconds|lpm_mult:lpm_mult_component_2|multcore:mult_core|mpar_add:padder|mpar_add:sub_par_add|lpm_add_sub:adder[0]|add_sub_7dh:auto_generated|op_1~10 ; out0             ;
; |g23_dayseconds|lpm_mult:lpm_mult_component_2|multcore:mult_core|mpar_add:padder|mpar_add:sub_par_add|lpm_add_sub:adder[0]|add_sub_7dh:auto_generated|op_1~11 ; |g23_dayseconds|lpm_mult:lpm_mult_component_2|multcore:mult_core|mpar_add:padder|mpar_add:sub_par_add|lpm_add_sub:adder[0]|add_sub_7dh:auto_generated|op_1~11 ; out0             ;
; |g23_dayseconds|lpm_mult:lpm_mult_component_2|multcore:mult_core|mpar_add:padder|mpar_add:sub_par_add|lpm_add_sub:adder[0]|add_sub_7dh:auto_generated|op_1~12 ; |g23_dayseconds|lpm_mult:lpm_mult_component_2|multcore:mult_core|mpar_add:padder|mpar_add:sub_par_add|lpm_add_sub:adder[0]|add_sub_7dh:auto_generated|op_1~12 ; out0             ;
; |g23_dayseconds|lpm_mult:lpm_mult_component_2|multcore:mult_core|mpar_add:padder|mpar_add:sub_par_add|lpm_add_sub:adder[0]|add_sub_7dh:auto_generated|op_1~13 ; |g23_dayseconds|lpm_mult:lpm_mult_component_2|multcore:mult_core|mpar_add:padder|mpar_add:sub_par_add|lpm_add_sub:adder[0]|add_sub_7dh:auto_generated|op_1~13 ; out0             ;
; |g23_dayseconds|lpm_mult:lpm_mult_component_2|multcore:mult_core|mpar_add:padder|mpar_add:sub_par_add|lpm_add_sub:adder[0]|add_sub_7dh:auto_generated|op_1~14 ; |g23_dayseconds|lpm_mult:lpm_mult_component_2|multcore:mult_core|mpar_add:padder|mpar_add:sub_par_add|lpm_add_sub:adder[0]|add_sub_7dh:auto_generated|op_1~14 ; out0             ;
; |g23_dayseconds|lpm_mult:lpm_mult_component_2|multcore:mult_core|mpar_add:padder|mpar_add:sub_par_add|lpm_add_sub:adder[0]|add_sub_7dh:auto_generated|op_1~15 ; |g23_dayseconds|lpm_mult:lpm_mult_component_2|multcore:mult_core|mpar_add:padder|mpar_add:sub_par_add|lpm_add_sub:adder[0]|add_sub_7dh:auto_generated|op_1~15 ; out0             ;
; |g23_dayseconds|lpm_mult:lpm_mult_component_2|multcore:mult_core|mpar_add:padder|mpar_add:sub_par_add|lpm_add_sub:adder[0]|add_sub_7dh:auto_generated|op_1~16 ; |g23_dayseconds|lpm_mult:lpm_mult_component_2|multcore:mult_core|mpar_add:padder|mpar_add:sub_par_add|lpm_add_sub:adder[0]|add_sub_7dh:auto_generated|op_1~16 ; out0             ;
; |g23_dayseconds|lpm_mult:lpm_mult_component_2|multcore:mult_core|mpar_add:padder|mpar_add:sub_par_add|lpm_add_sub:adder[0]|add_sub_7dh:auto_generated|op_1~17 ; |g23_dayseconds|lpm_mult:lpm_mult_component_2|multcore:mult_core|mpar_add:padder|mpar_add:sub_par_add|lpm_add_sub:adder[0]|add_sub_7dh:auto_generated|op_1~17 ; out0             ;
; |g23_dayseconds|lpm_mult:lpm_mult_component_2|multcore:mult_core|mpar_add:padder|mpar_add:sub_par_add|lpm_add_sub:adder[0]|add_sub_7dh:auto_generated|op_1~18 ; |g23_dayseconds|lpm_mult:lpm_mult_component_2|multcore:mult_core|mpar_add:padder|mpar_add:sub_par_add|lpm_add_sub:adder[0]|add_sub_7dh:auto_generated|op_1~18 ; out0             ;
; |g23_dayseconds|lpm_mult:lpm_mult_component_2|multcore:mult_core|mpar_add:padder|mpar_add:sub_par_add|lpm_add_sub:adder[0]|add_sub_7dh:auto_generated|op_1~19 ; |g23_dayseconds|lpm_mult:lpm_mult_component_2|multcore:mult_core|mpar_add:padder|mpar_add:sub_par_add|lpm_add_sub:adder[0]|add_sub_7dh:auto_generated|op_1~19 ; out0             ;
; |g23_dayseconds|lpm_mult:lpm_mult_component_2|multcore:mult_core|mpar_add:padder|mpar_add:sub_par_add|lpm_add_sub:adder[0]|add_sub_7dh:auto_generated|op_1~20 ; |g23_dayseconds|lpm_mult:lpm_mult_component_2|multcore:mult_core|mpar_add:padder|mpar_add:sub_par_add|lpm_add_sub:adder[0]|add_sub_7dh:auto_generated|op_1~20 ; out0             ;
; |g23_dayseconds|lpm_mult:lpm_mult_component_2|multcore:mult_core|mpar_add:padder|mpar_add:sub_par_add|lpm_add_sub:adder[0]|add_sub_7dh:auto_generated|op_1~21 ; |g23_dayseconds|lpm_mult:lpm_mult_component_2|multcore:mult_core|mpar_add:padder|mpar_add:sub_par_add|lpm_add_sub:adder[0]|add_sub_7dh:auto_generated|op_1~21 ; out0             ;
; |g23_dayseconds|lpm_mult:lpm_mult_component_2|multcore:mult_core|mpar_add:padder|lpm_add_sub:adder[0]|add_sub_3dh:auto_generated|op_1~0                       ; |g23_dayseconds|lpm_mult:lpm_mult_component_2|multcore:mult_core|mpar_add:padder|lpm_add_sub:adder[0]|add_sub_3dh:auto_generated|op_1~0                       ; out0             ;
; |g23_dayseconds|lpm_mult:lpm_mult_component_2|multcore:mult_core|mpar_add:padder|lpm_add_sub:adder[0]|add_sub_3dh:auto_generated|op_1~1                       ; |g23_dayseconds|lpm_mult:lpm_mult_component_2|multcore:mult_core|mpar_add:padder|lpm_add_sub:adder[0]|add_sub_3dh:auto_generated|op_1~1                       ; out0             ;
; |g23_dayseconds|lpm_mult:lpm_mult_component_2|multcore:mult_core|mpar_add:padder|lpm_add_sub:adder[0]|add_sub_3dh:auto_generated|op_1~2                       ; |g23_dayseconds|lpm_mult:lpm_mult_component_2|multcore:mult_core|mpar_add:padder|lpm_add_sub:adder[0]|add_sub_3dh:auto_generated|op_1~2                       ; out0             ;
; |g23_dayseconds|lpm_mult:lpm_mult_component_2|multcore:mult_core|mpar_add:padder|lpm_add_sub:adder[0]|add_sub_3dh:auto_generated|op_1~3                       ; |g23_dayseconds|lpm_mult:lpm_mult_component_2|multcore:mult_core|mpar_add:padder|lpm_add_sub:adder[0]|add_sub_3dh:auto_generated|op_1~3                       ; out0             ;
; |g23_dayseconds|lpm_mult:lpm_mult_component_2|multcore:mult_core|mpar_add:padder|lpm_add_sub:adder[0]|add_sub_3dh:auto_generated|op_1~4                       ; |g23_dayseconds|lpm_mult:lpm_mult_component_2|multcore:mult_core|mpar_add:padder|lpm_add_sub:adder[0]|add_sub_3dh:auto_generated|op_1~4                       ; out0             ;
; |g23_dayseconds|lpm_mult:lpm_mult_component_2|multcore:mult_core|mpar_add:padder|lpm_add_sub:adder[0]|add_sub_3dh:auto_generated|op_1~5                       ; |g23_dayseconds|lpm_mult:lpm_mult_component_2|multcore:mult_core|mpar_add:padder|lpm_add_sub:adder[0]|add_sub_3dh:auto_generated|op_1~5                       ; out0             ;
; |g23_dayseconds|lpm_mult:lpm_mult_component_2|multcore:mult_core|mpar_add:padder|lpm_add_sub:adder[0]|add_sub_3dh:auto_generated|op_1~6                       ; |g23_dayseconds|lpm_mult:lpm_mult_component_2|multcore:mult_core|mpar_add:padder|lpm_add_sub:adder[0]|add_sub_3dh:auto_generated|op_1~6                       ; out0             ;
; |g23_dayseconds|lpm_mult:lpm_mult_component_2|multcore:mult_core|mpar_add:padder|lpm_add_sub:adder[0]|add_sub_3dh:auto_generated|op_1~7                       ; |g23_dayseconds|lpm_mult:lpm_mult_component_2|multcore:mult_core|mpar_add:padder|lpm_add_sub:adder[0]|add_sub_3dh:auto_generated|op_1~7                       ; out0             ;
; |g23_dayseconds|lpm_mult:lpm_mult_component_2|multcore:mult_core|mpar_add:padder|lpm_add_sub:adder[0]|add_sub_3dh:auto_generated|op_1~8                       ; |g23_dayseconds|lpm_mult:lpm_mult_component_2|multcore:mult_core|mpar_add:padder|lpm_add_sub:adder[0]|add_sub_3dh:auto_generated|op_1~8                       ; out0             ;
; |g23_dayseconds|lpm_mult:lpm_mult_component_2|multcore:mult_core|mpar_add:padder|lpm_add_sub:adder[0]|add_sub_3dh:auto_generated|op_1~9                       ; |g23_dayseconds|lpm_mult:lpm_mult_component_2|multcore:mult_core|mpar_add:padder|lpm_add_sub:adder[0]|add_sub_3dh:auto_generated|op_1~9                       ; out0             ;
; |g23_dayseconds|lpm_mult:lpm_mult_component_2|multcore:mult_core|mpar_add:padder|lpm_add_sub:adder[0]|add_sub_3dh:auto_generated|op_1~10                      ; |g23_dayseconds|lpm_mult:lpm_mult_component_2|multcore:mult_core|mpar_add:padder|lpm_add_sub:adder[0]|add_sub_3dh:auto_generated|op_1~10                      ; out0             ;
; |g23_dayseconds|lpm_mult:lpm_mult_component_2|multcore:mult_core|mpar_add:padder|lpm_add_sub:adder[0]|add_sub_3dh:auto_generated|op_1~11                      ; |g23_dayseconds|lpm_mult:lpm_mult_component_2|multcore:mult_core|mpar_add:padder|lpm_add_sub:adder[0]|add_sub_3dh:auto_generated|op_1~11                      ; out0             ;
; |g23_dayseconds|lpm_mult:lpm_mult_component_2|multcore:mult_core|mpar_add:padder|lpm_add_sub:adder[0]|add_sub_3dh:auto_generated|op_1~12                      ; |g23_dayseconds|lpm_mult:lpm_mult_component_2|multcore:mult_core|mpar_add:padder|lpm_add_sub:adder[0]|add_sub_3dh:auto_generated|op_1~12                      ; out0             ;
; |g23_dayseconds|lpm_mult:lpm_mult_component_2|multcore:mult_core|mpar_add:padder|lpm_add_sub:adder[0]|add_sub_3dh:auto_generated|op_1~13                      ; |g23_dayseconds|lpm_mult:lpm_mult_component_2|multcore:mult_core|mpar_add:padder|lpm_add_sub:adder[0]|add_sub_3dh:auto_generated|op_1~13                      ; out0             ;
; |g23_dayseconds|lpm_mult:lpm_mult_component_2|multcore:mult_core|mpar_add:padder|lpm_add_sub:adder[0]|add_sub_3dh:auto_generated|op_1~14                      ; |g23_dayseconds|lpm_mult:lpm_mult_component_2|multcore:mult_core|mpar_add:padder|lpm_add_sub:adder[0]|add_sub_3dh:auto_generated|op_1~14                      ; out0             ;
; |g23_dayseconds|lpm_mult:lpm_mult_component_2|multcore:mult_core|mpar_add:padder|lpm_add_sub:adder[0]|add_sub_3dh:auto_generated|op_1~15                      ; |g23_dayseconds|lpm_mult:lpm_mult_component_2|multcore:mult_core|mpar_add:padder|lpm_add_sub:adder[0]|add_sub_3dh:auto_generated|op_1~15                      ; out0             ;
; |g23_dayseconds|lpm_mult:lpm_mult_component_2|multcore:mult_core|mpar_add:padder|lpm_add_sub:adder[0]|add_sub_3dh:auto_generated|op_1~16                      ; |g23_dayseconds|lpm_mult:lpm_mult_component_2|multcore:mult_core|mpar_add:padder|lpm_add_sub:adder[0]|add_sub_3dh:auto_generated|op_1~16                      ; out0             ;
; |g23_dayseconds|lpm_mult:lpm_mult_component_2|multcore:mult_core|mpar_add:padder|lpm_add_sub:adder[0]|add_sub_3dh:auto_generated|op_1~17                      ; |g23_dayseconds|lpm_mult:lpm_mult_component_2|multcore:mult_core|mpar_add:padder|lpm_add_sub:adder[0]|add_sub_3dh:auto_generated|op_1~17                      ; out0             ;
; |g23_dayseconds|lpm_mult:lpm_mult_component_2|multcore:mult_core|mpar_add:padder|lpm_add_sub:adder[0]|add_sub_3dh:auto_generated|op_1~18                      ; |g23_dayseconds|lpm_mult:lpm_mult_component_2|multcore:mult_core|mpar_add:padder|lpm_add_sub:adder[0]|add_sub_3dh:auto_generated|op_1~18                      ; out0             ;
; |g23_dayseconds|lpm_mult:lpm_mult_component_2|multcore:mult_core|mpar_add:padder|lpm_add_sub:adder[0]|add_sub_3dh:auto_generated|op_1~19                      ; |g23_dayseconds|lpm_mult:lpm_mult_component_2|multcore:mult_core|mpar_add:padder|lpm_add_sub:adder[0]|add_sub_3dh:auto_generated|op_1~19                      ; out0             ;
; |g23_dayseconds|lpm_mult:lpm_mult_component_2|multcore:mult_core|mpar_add:padder|lpm_add_sub:adder[0]|add_sub_3dh:auto_generated|op_1~20                      ; |g23_dayseconds|lpm_mult:lpm_mult_component_2|multcore:mult_core|mpar_add:padder|lpm_add_sub:adder[0]|add_sub_3dh:auto_generated|op_1~20                      ; out0             ;
; |g23_dayseconds|lpm_mult:lpm_mult_component_2|multcore:mult_core|mpar_add:padder|lpm_add_sub:adder[0]|add_sub_3dh:auto_generated|op_1~21                      ; |g23_dayseconds|lpm_mult:lpm_mult_component_2|multcore:mult_core|mpar_add:padder|lpm_add_sub:adder[0]|add_sub_3dh:auto_generated|op_1~21                      ; out0             ;
; |g23_dayseconds|lpm_mult:lpm_mult_component_2|multcore:mult_core|mpar_add:padder|lpm_add_sub:adder[0]|add_sub_3dh:auto_generated|op_1~22                      ; |g23_dayseconds|lpm_mult:lpm_mult_component_2|multcore:mult_core|mpar_add:padder|lpm_add_sub:adder[0]|add_sub_3dh:auto_generated|op_1~22                      ; out0             ;
; |g23_dayseconds|lpm_mult:lpm_mult_component_2|multcore:mult_core|mpar_add:padder|lpm_add_sub:adder[0]|add_sub_3dh:auto_generated|op_1~23                      ; |g23_dayseconds|lpm_mult:lpm_mult_component_2|multcore:mult_core|mpar_add:padder|lpm_add_sub:adder[0]|add_sub_3dh:auto_generated|op_1~23                      ; out0             ;
; |g23_dayseconds|lpm_add_sub:lpm_add_sub_component|add_sub_33j:auto_generated|op_1~0                                                                           ; |g23_dayseconds|lpm_add_sub:lpm_add_sub_component|add_sub_33j:auto_generated|op_1~0                                                                           ; out0             ;
; |g23_dayseconds|lpm_add_sub:lpm_add_sub_component|add_sub_33j:auto_generated|op_1~1                                                                           ; |g23_dayseconds|lpm_add_sub:lpm_add_sub_component|add_sub_33j:auto_generated|op_1~1                                                                           ; out0             ;
; |g23_dayseconds|lpm_add_sub:lpm_add_sub_component|add_sub_33j:auto_generated|op_1~2                                                                           ; |g23_dayseconds|lpm_add_sub:lpm_add_sub_component|add_sub_33j:auto_generated|op_1~2                                                                           ; out0             ;
; |g23_dayseconds|lpm_add_sub:lpm_add_sub_component|add_sub_33j:auto_generated|op_1~3                                                                           ; |g23_dayseconds|lpm_add_sub:lpm_add_sub_component|add_sub_33j:auto_generated|op_1~3                                                                           ; out0             ;
; |g23_dayseconds|lpm_add_sub:lpm_add_sub_component|add_sub_33j:auto_generated|op_1~4                                                                           ; |g23_dayseconds|lpm_add_sub:lpm_add_sub_component|add_sub_33j:auto_generated|op_1~4                                                                           ; out0             ;
; |g23_dayseconds|lpm_add_sub:lpm_add_sub_component|add_sub_33j:auto_generated|op_1~5                                                                           ; |g23_dayseconds|lpm_add_sub:lpm_add_sub_component|add_sub_33j:auto_generated|op_1~5                                                                           ; out0             ;
; |g23_dayseconds|lpm_add_sub:lpm_add_sub_component|add_sub_33j:auto_generated|op_1~6                                                                           ; |g23_dayseconds|lpm_add_sub:lpm_add_sub_component|add_sub_33j:auto_generated|op_1~6                                                                           ; out0             ;
; |g23_dayseconds|lpm_add_sub:lpm_add_sub_component|add_sub_33j:auto_generated|op_1~7                                                                           ; |g23_dayseconds|lpm_add_sub:lpm_add_sub_component|add_sub_33j:auto_generated|op_1~7                                                                           ; out0             ;
; |g23_dayseconds|lpm_add_sub:lpm_add_sub_component|add_sub_33j:auto_generated|op_1~8                                                                           ; |g23_dayseconds|lpm_add_sub:lpm_add_sub_component|add_sub_33j:auto_generated|op_1~8                                                                           ; out0             ;
; |g23_dayseconds|lpm_add_sub:lpm_add_sub_component|add_sub_33j:auto_generated|op_1~9                                                                           ; |g23_dayseconds|lpm_add_sub:lpm_add_sub_component|add_sub_33j:auto_generated|op_1~9                                                                           ; out0             ;
; |g23_dayseconds|lpm_add_sub:lpm_add_sub_component|add_sub_33j:auto_generated|op_1~10                                                                          ; |g23_dayseconds|lpm_add_sub:lpm_add_sub_component|add_sub_33j:auto_generated|op_1~10                                                                          ; out0             ;
; |g23_dayseconds|lpm_add_sub:lpm_add_sub_component|add_sub_33j:auto_generated|op_1~11                                                                          ; |g23_dayseconds|lpm_add_sub:lpm_add_sub_component|add_sub_33j:auto_generated|op_1~11                                                                          ; out0             ;
; |g23_dayseconds|lpm_add_sub:lpm_add_sub_component|add_sub_33j:auto_generated|op_1~12                                                                          ; |g23_dayseconds|lpm_add_sub:lpm_add_sub_component|add_sub_33j:auto_generated|op_1~12                                                                          ; out0             ;
; |g23_dayseconds|lpm_add_sub:lpm_add_sub_component|add_sub_33j:auto_generated|op_1~13                                                                          ; |g23_dayseconds|lpm_add_sub:lpm_add_sub_component|add_sub_33j:auto_generated|op_1~13                                                                          ; out0             ;
; |g23_dayseconds|lpm_add_sub:lpm_add_sub_component|add_sub_33j:auto_generated|op_1~14                                                                          ; |g23_dayseconds|lpm_add_sub:lpm_add_sub_component|add_sub_33j:auto_generated|op_1~14                                                                          ; out0             ;
; |g23_dayseconds|lpm_add_sub:lpm_add_sub_component|add_sub_33j:auto_generated|op_1~15                                                                          ; |g23_dayseconds|lpm_add_sub:lpm_add_sub_component|add_sub_33j:auto_generated|op_1~15                                                                          ; out0             ;
; |g23_dayseconds|lpm_add_sub:lpm_add_sub_component|add_sub_33j:auto_generated|op_1~16                                                                          ; |g23_dayseconds|lpm_add_sub:lpm_add_sub_component|add_sub_33j:auto_generated|op_1~16                                                                          ; out0             ;
; |g23_dayseconds|lpm_add_sub:lpm_add_sub_component|add_sub_33j:auto_generated|op_1~17                                                                          ; |g23_dayseconds|lpm_add_sub:lpm_add_sub_component|add_sub_33j:auto_generated|op_1~17                                                                          ; out0             ;
; |g23_dayseconds|lpm_add_sub:lpm_add_sub_component|add_sub_33j:auto_generated|op_1~18                                                                          ; |g23_dayseconds|lpm_add_sub:lpm_add_sub_component|add_sub_33j:auto_generated|op_1~18                                                                          ; out0             ;
; |g23_dayseconds|lpm_add_sub:lpm_add_sub_component|add_sub_33j:auto_generated|op_1~19                                                                          ; |g23_dayseconds|lpm_add_sub:lpm_add_sub_component|add_sub_33j:auto_generated|op_1~19                                                                          ; out0             ;
; |g23_dayseconds|lpm_add_sub:lpm_add_sub_component|add_sub_33j:auto_generated|op_1~20                                                                          ; |g23_dayseconds|lpm_add_sub:lpm_add_sub_component|add_sub_33j:auto_generated|op_1~20                                                                          ; out0             ;
; |g23_dayseconds|lpm_add_sub:lpm_add_sub_component|add_sub_33j:auto_generated|op_1~21                                                                          ; |g23_dayseconds|lpm_add_sub:lpm_add_sub_component|add_sub_33j:auto_generated|op_1~21                                                                          ; out0             ;
; |g23_dayseconds|lpm_add_sub:lpm_add_sub_component|add_sub_33j:auto_generated|op_1~22                                                                          ; |g23_dayseconds|lpm_add_sub:lpm_add_sub_component|add_sub_33j:auto_generated|op_1~22                                                                          ; out0             ;
; |g23_dayseconds|lpm_add_sub:lpm_add_sub_component|add_sub_33j:auto_generated|op_1~23                                                                          ; |g23_dayseconds|lpm_add_sub:lpm_add_sub_component|add_sub_33j:auto_generated|op_1~23                                                                          ; out0             ;
; |g23_dayseconds|lpm_add_sub:lpm_add_sub_component|add_sub_33j:auto_generated|op_1~24                                                                          ; |g23_dayseconds|lpm_add_sub:lpm_add_sub_component|add_sub_33j:auto_generated|op_1~24                                                                          ; out0             ;
; |g23_dayseconds|lpm_add_sub:lpm_add_sub_component|add_sub_33j:auto_generated|op_1~25                                                                          ; |g23_dayseconds|lpm_add_sub:lpm_add_sub_component|add_sub_33j:auto_generated|op_1~25                                                                          ; out0             ;
; |g23_dayseconds|lpm_mult:lpm_mult_component|multcore:mult_core|mpar_add:padder|lpm_add_sub:adder[0]|add_sub_3dh:auto_generated|op_1~0                         ; |g23_dayseconds|lpm_mult:lpm_mult_component|multcore:mult_core|mpar_add:padder|lpm_add_sub:adder[0]|add_sub_3dh:auto_generated|op_1~0                         ; out0             ;
; |g23_dayseconds|lpm_mult:lpm_mult_component|multcore:mult_core|mpar_add:padder|lpm_add_sub:adder[0]|add_sub_3dh:auto_generated|op_1~1                         ; |g23_dayseconds|lpm_mult:lpm_mult_component|multcore:mult_core|mpar_add:padder|lpm_add_sub:adder[0]|add_sub_3dh:auto_generated|op_1~1                         ; out0             ;
; |g23_dayseconds|lpm_mult:lpm_mult_component|multcore:mult_core|mpar_add:padder|lpm_add_sub:adder[0]|add_sub_3dh:auto_generated|op_1~2                         ; |g23_dayseconds|lpm_mult:lpm_mult_component|multcore:mult_core|mpar_add:padder|lpm_add_sub:adder[0]|add_sub_3dh:auto_generated|op_1~2                         ; out0             ;
; |g23_dayseconds|lpm_mult:lpm_mult_component|multcore:mult_core|mpar_add:padder|lpm_add_sub:adder[0]|add_sub_3dh:auto_generated|op_1~3                         ; |g23_dayseconds|lpm_mult:lpm_mult_component|multcore:mult_core|mpar_add:padder|lpm_add_sub:adder[0]|add_sub_3dh:auto_generated|op_1~3                         ; out0             ;
; |g23_dayseconds|lpm_mult:lpm_mult_component|multcore:mult_core|mpar_add:padder|lpm_add_sub:adder[0]|add_sub_3dh:auto_generated|op_1~4                         ; |g23_dayseconds|lpm_mult:lpm_mult_component|multcore:mult_core|mpar_add:padder|lpm_add_sub:adder[0]|add_sub_3dh:auto_generated|op_1~4                         ; out0             ;
; |g23_dayseconds|lpm_mult:lpm_mult_component|multcore:mult_core|mpar_add:padder|lpm_add_sub:adder[0]|add_sub_3dh:auto_generated|op_1~5                         ; |g23_dayseconds|lpm_mult:lpm_mult_component|multcore:mult_core|mpar_add:padder|lpm_add_sub:adder[0]|add_sub_3dh:auto_generated|op_1~5                         ; out0             ;
; |g23_dayseconds|lpm_mult:lpm_mult_component|multcore:mult_core|mpar_add:padder|lpm_add_sub:adder[0]|add_sub_3dh:auto_generated|op_1~6                         ; |g23_dayseconds|lpm_mult:lpm_mult_component|multcore:mult_core|mpar_add:padder|lpm_add_sub:adder[0]|add_sub_3dh:auto_generated|op_1~6                         ; out0             ;
; |g23_dayseconds|lpm_mult:lpm_mult_component|multcore:mult_core|mpar_add:padder|lpm_add_sub:adder[0]|add_sub_3dh:auto_generated|op_1~7                         ; |g23_dayseconds|lpm_mult:lpm_mult_component|multcore:mult_core|mpar_add:padder|lpm_add_sub:adder[0]|add_sub_3dh:auto_generated|op_1~7                         ; out0             ;
; |g23_dayseconds|lpm_mult:lpm_mult_component|multcore:mult_core|mpar_add:padder|lpm_add_sub:adder[0]|add_sub_3dh:auto_generated|op_1~8                         ; |g23_dayseconds|lpm_mult:lpm_mult_component|multcore:mult_core|mpar_add:padder|lpm_add_sub:adder[0]|add_sub_3dh:auto_generated|op_1~8                         ; out0             ;
; |g23_dayseconds|lpm_mult:lpm_mult_component|multcore:mult_core|mpar_add:padder|lpm_add_sub:adder[0]|add_sub_3dh:auto_generated|op_1~9                         ; |g23_dayseconds|lpm_mult:lpm_mult_component|multcore:mult_core|mpar_add:padder|lpm_add_sub:adder[0]|add_sub_3dh:auto_generated|op_1~9                         ; out0             ;
; |g23_dayseconds|lpm_mult:lpm_mult_component|multcore:mult_core|mpar_add:padder|lpm_add_sub:adder[0]|add_sub_3dh:auto_generated|op_1~10                        ; |g23_dayseconds|lpm_mult:lpm_mult_component|multcore:mult_core|mpar_add:padder|lpm_add_sub:adder[0]|add_sub_3dh:auto_generated|op_1~10                        ; out0             ;
; |g23_dayseconds|lpm_mult:lpm_mult_component|multcore:mult_core|mpar_add:padder|lpm_add_sub:adder[0]|add_sub_3dh:auto_generated|op_1~11                        ; |g23_dayseconds|lpm_mult:lpm_mult_component|multcore:mult_core|mpar_add:padder|lpm_add_sub:adder[0]|add_sub_3dh:auto_generated|op_1~11                        ; out0             ;
; |g23_dayseconds|lpm_mult:lpm_mult_component|multcore:mult_core|mpar_add:padder|lpm_add_sub:adder[0]|add_sub_3dh:auto_generated|op_1~12                        ; |g23_dayseconds|lpm_mult:lpm_mult_component|multcore:mult_core|mpar_add:padder|lpm_add_sub:adder[0]|add_sub_3dh:auto_generated|op_1~12                        ; out0             ;
; |g23_dayseconds|lpm_mult:lpm_mult_component|multcore:mult_core|mpar_add:padder|lpm_add_sub:adder[0]|add_sub_3dh:auto_generated|op_1~13                        ; |g23_dayseconds|lpm_mult:lpm_mult_component|multcore:mult_core|mpar_add:padder|lpm_add_sub:adder[0]|add_sub_3dh:auto_generated|op_1~13                        ; out0             ;
; |g23_dayseconds|lpm_mult:lpm_mult_component|multcore:mult_core|mpar_add:padder|lpm_add_sub:adder[0]|add_sub_3dh:auto_generated|op_1~15                        ; |g23_dayseconds|lpm_mult:lpm_mult_component|multcore:mult_core|mpar_add:padder|lpm_add_sub:adder[0]|add_sub_3dh:auto_generated|op_1~15                        ; out0             ;
; |g23_dayseconds|lpm_mult:lpm_mult_component|multcore:mult_core|mpar_add:padder|lpm_add_sub:adder[0]|add_sub_3dh:auto_generated|op_1~16                        ; |g23_dayseconds|lpm_mult:lpm_mult_component|multcore:mult_core|mpar_add:padder|lpm_add_sub:adder[0]|add_sub_3dh:auto_generated|op_1~16                        ; out0             ;
+---------------------------------------------------------------------------------------------------------------------------------------------------------------+---------------------------------------------------------------------------------------------------------------------------------------------------------------+------------------+


The following table displays output ports that do not toggle to 1 during simulation.
+----------------------------------------------------------------------------------------------------------------------------------------------------------------------------------------------------------------------------------------------------------------------------------------------------+
; Missing 1-Value Coverage                                                                                                                                                                                                                                                                           ;
+----------------------------------------------------------------------------------------------------------------------------------------+----------------------------------------------------------------------------------------------------------------------------------------+------------------+
; Node Name                                                                                                                              ; Output Port Name                                                                                                                       ; Output Port Type ;
+----------------------------------------------------------------------------------------------------------------------------------------+----------------------------------------------------------------------------------------------------------------------------------------+------------------+
; |g23_dayseconds|lpm_mult:lpm_mult_component|multcore:mult_core|mpar_add:padder|lpm_add_sub:adder[0]|add_sub_3dh:auto_generated|op_1~14 ; |g23_dayseconds|lpm_mult:lpm_mult_component|multcore:mult_core|mpar_add:padder|lpm_add_sub:adder[0]|add_sub_3dh:auto_generated|op_1~14 ; out0             ;
+----------------------------------------------------------------------------------------------------------------------------------------+----------------------------------------------------------------------------------------------------------------------------------------+------------------+


The following table displays output ports that do not toggle to 0 during simulation.
+----------------------------------------------------------------------------------------------------------------------------------------------------------------------------------------------------------------------------------------------------------------------------------------------------+
; Missing 0-Value Coverage                                                                                                                                                                                                                                                                           ;
+----------------------------------------------------------------------------------------------------------------------------------------+----------------------------------------------------------------------------------------------------------------------------------------+------------------+
; Node Name                                                                                                                              ; Output Port Name                                                                                                                       ; Output Port Type ;
+----------------------------------------------------------------------------------------------------------------------------------------+----------------------------------------------------------------------------------------------------------------------------------------+------------------+
; |g23_dayseconds|lpm_mult:lpm_mult_component|multcore:mult_core|mpar_add:padder|lpm_add_sub:adder[0]|add_sub_3dh:auto_generated|op_1~14 ; |g23_dayseconds|lpm_mult:lpm_mult_component|multcore:mult_core|mpar_add:padder|lpm_add_sub:adder[0]|add_sub_3dh:auto_generated|op_1~14 ; out0             ;
+----------------------------------------------------------------------------------------------------------------------------------------+----------------------------------------------------------------------------------------------------------------------------------------+------------------+


+---------------------+
; Simulator INI Usage ;
+--------+------------+
; Option ; Usage      ;
+--------+------------+


+--------------------+
; Simulator Messages ;
+--------------------+
Info: *******************************************************************
Info: Running Quartus II 64-Bit Simulator
    Info: Version 9.1 Build 350 03/24/2010 Service Pack 2 SJ Full Version
    Info: Processing started: Tue Feb 04 18:36:29 2014
Info: Command: quartus_sim --read_settings_files=on --write_settings_files=off g23_lab2 -c g23_lab2
Info: Using vector source file "P:/Apps/digital-system-design/lab2/g23_lab2_DaySeconds.vwf"
Info: Overwriting simulation input file with simulation results
    Info: A backup of g23_lab2_DaySeconds.vwf called g23_lab2.sim_ori.vwf has been created in the db folder
Info: Option to preserve fewer signal transitions to reduce memory requirements is enabled
    Info: Simulation has been partitioned into sub-simulations according to the maximum transition count determined by the engine. Transitions from memory will be flushed out to disk at the end of each sub-simulation to reduce memory requirements.
Info: Simulation partitioned into 1 sub-simulations
Info: Simulation coverage is      99.59 %
Info: Number of transitions in simulation is 4636046
Info: Vector file g23_lab2_DaySeconds.vwf is saved in VWF text format. You can compress it into CVWF format in order to reduce file size. For more details please refer to the Quartus II Help.
Info: Quartus II 64-Bit Simulator was successful. 0 errors, 0 warnings
    Info: Peak virtual memory: 181 megabytes
    Info: Processing ended: Tue Feb 04 18:46:48 2014
    Info: Elapsed time: 00:10:19
    Info: Total CPU time (on all processors): 00:10:16


