Flow report for g23_lab2
Thu Feb 13 17:56:13 2014
Quartus II 64-Bit Version 9.1 Build 350 03/24/2010 Service Pack 2 SJ Full Version


---------------------
; Table of Contents ;
---------------------
  1. Legal Notice
  2. Flow Summary
  3. Flow Settings
  4. Flow Non-Default Global Settings
  5. Flow Elapsed Time
  6. Flow OS Summary
  7. Flow Log



----------------
; Legal Notice ;
----------------
Copyright (C) 1991-2010 Altera Corporation
Your use of Altera Corporation's design tools, logic functions 
and other software and tools, and its AMPP partner logic 
functions, and any output files from any of the foregoing 
(including device programming or simulation files), and any 
associated documentation or information are expressly subject 
to the terms and conditions of the Altera Program License 
Subscription Agreement, Altera MegaCore Function License 
Agreement, or other applicable license agreement, including, 
without limitation, that your use is for the sole purpose of 
programming logic devices manufactured by Altera and sold by 
Altera or its authorized distributors.  Please refer to the 
applicable agreement for further details.



+-------------------------------------------------------------------------------+
; Flow Summary                                                                  ;
+-------------------------------+-----------------------------------------------+
; Flow Status                   ; Successful - Thu Feb 13 17:56:13 2014         ;
; Quartus II 64-Bit Version     ; 9.1 Build 350 03/24/2010 SP 2 SJ Full Version ;
; Revision Name                 ; g23_lab2                                      ;
; Top-level Entity Name         ; g23_7_segment_decoder                         ;
; Family                        ; Stratix II                                    ;
; Met timing requirements       ; N/A                                           ;
; Logic utilization             ; N/A                                           ;
;     Combinational ALUTs       ; 8                                             ;
;     Dedicated logic registers ; 0                                             ;
; Total registers               ; 0                                             ;
; Total pins                    ; 13                                            ;
; Total virtual pins            ; 0                                             ;
; Total block memory bits       ; 0                                             ;
; DSP block 9-bit elements      ; 0                                             ;
; Total PLLs                    ; 0                                             ;
; Total DLLs                    ; 0                                             ;
+-------------------------------+-----------------------------------------------+


+-----------------------------------------+
; Flow Settings                           ;
+-------------------+---------------------+
; Option            ; Setting             ;
+-------------------+---------------------+
; Start date & time ; 02/13/2014 17:56:11 ;
; Main task         ; Compilation         ;
; Revision Name     ; g23_lab2            ;
+-------------------+---------------------+


+-------------------------------------------------------------------------------------------------------------------------------+
; Flow Non-Default Global Settings                                                                                              ;
+------------------------------------+---------------------------------+---------------+-----------------------+----------------+
; Assignment Name                    ; Value                           ; Default Value ; Entity Name           ; Section Id     ;
+------------------------------------+---------------------------------+---------------+-----------------------+----------------+
; COMPILER_SIGNATURE_ID              ; 132129496028479.139233217110408 ; --            ; --                    ; --             ;
; IP_TOOL_NAME                       ; LPM_MULT                        ; --            ; --                    ; --             ;
; IP_TOOL_NAME                       ; LPM_ADD_SUB                     ; --            ; --                    ; --             ;
; IP_TOOL_VERSION                    ; 9.1                             ; --            ; --                    ; --             ;
; IP_TOOL_VERSION                    ; 9.1                             ; --            ; --                    ; --             ;
; MISC_FILE                          ; mult.cmp                        ; --            ; --                    ; --             ;
; MISC_FILE                          ; add.cmp                         ; --            ; --                    ; --             ;
; PARTITION_COLOR                    ; 16764057                        ; --            ; g23_7_segment_decoder ; Top            ;
; PARTITION_NETLIST_TYPE             ; SOURCE                          ; --            ; g23_7_segment_decoder ; Top            ;
; TOP_LEVEL_ENTITY                   ; g23_7_segment_decoder           ; g23_lab2      ; --                    ; --             ;
; USE_GENERATED_PHYSICAL_CONSTRAINTS ; Off                             ; --            ; --                    ; eda_blast_fpga ;
+------------------------------------+---------------------------------+---------------+-----------------------+----------------+


+--------------------------------------------------------------------------------------------------------------------------+
; Flow Elapsed Time                                                                                                        ;
+----------------------+--------------+-------------------------+---------------------+------------------------------------+
; Module Name          ; Elapsed Time ; Average Processors Used ; Peak Virtual Memory ; Total CPU Time (on all processors) ;
+----------------------+--------------+-------------------------+---------------------+------------------------------------+
; Analysis & Synthesis ; 00:00:04     ; 1.0                     ; 302 MB              ; 00:00:01                           ;
; Total                ; 00:00:04     ; --                      ; --                  ; 00:00:01                           ;
+----------------------+--------------+-------------------------+---------------------+------------------------------------+


+---------------------------------------------------------------------------------------+
; Flow OS Summary                                                                       ;
+----------------------+------------------+---------------+------------+----------------+
; Module Name          ; Machine Hostname ; OS Name       ; OS Version ; Processor type ;
+----------------------+------------------+---------------+------------+----------------+
; Analysis & Synthesis ; 156TR4060DS-12   ; Windows Vista ; 6.1        ; x86_64         ;
+----------------------+------------------+---------------+------------+----------------+


------------
; Flow Log ;
------------
quartus_map --read_settings_files=on --write_settings_files=off g23_lab2 -c g23_lab2



