Partition Merge report for g23_lab3
Fri Mar 14 18:34:39 2014
Quartus II 64-Bit Version 9.1 Build 350 03/24/2010 Service Pack 2 SJ Full Version


---------------------
; Table of Contents ;
---------------------
  1. Legal Notice
  2. Partition Merge Summary
  3. Partition Merge Netlist Types Used
  4. Partition Merge Partition Statistics
  5. Partition Merge Resource Usage Summary
  6. Partition Merge Messages



----------------
; Legal Notice ;
----------------
Copyright (C) 1991-2010 Altera Corporation
Your use of Altera Corporation's design tools, logic functions 
and other software and tools, and its AMPP partner logic 
functions, and any output files from any of the foregoing 
(including device programming or simulation files), and any 
associated documentation or information are expressly subject 
to the terms and conditions of the Altera Program License 
Subscription Agreement, Altera MegaCore Function License 
Agreement, or other applicable license agreement, including, 
without limitation, that your use is for the sole purpose of 
programming logic devices manufactured by Altera and sold by 
Altera or its authorized distributors.  Please refer to the 
applicable agreement for further details.



+------------------------------------------------------------------------------------+
; Partition Merge Summary                                                            ;
+------------------------------------+-----------------------------------------------+
; Partition Merge Status             ; Successful - Fri Mar 14 18:34:39 2014         ;
; Quartus II 64-Bit Version          ; 9.1 Build 350 03/24/2010 SP 2 SJ Full Version ;
; Revision Name                      ; g23_lab3                                      ;
; Top-level Entity Name              ; g23_HMS_counter                               ;
; Family                             ; Cyclone II                                    ;
; Total logic elements               ; 105                                           ;
;     Total combinational functions  ; 105                                           ;
;     Dedicated logic registers      ; 17                                            ;
; Total registers                    ; 17                                            ;
; Total pins                         ; 40                                            ;
; Total virtual pins                 ; 0                                             ;
; Total memory bits                  ; 0                                             ;
; Embedded Multiplier 9-bit elements ; 0                                             ;
; Total PLLs                         ; 0                                             ;
+------------------------------------+-----------------------------------------------+


+---------------------------------------------------------------------------------------------------+
; Partition Merge Netlist Types Used                                                                ;
+----------------+----------------+-------------------+------------------------+--------------------+
; Partition Name ; Partition Type ; Netlist Type Used ; Netlist Type Requested ; Partition Contents ;
+----------------+----------------+-------------------+------------------------+--------------------+
; Top            ; User-created   ; Source File       ; Post-Fit               ;                    ;
+----------------+----------------+-------------------+------------------------+--------------------+


+---------------------------------------------------+
; Partition Merge Partition Statistics              ;
+---------------------------------------------+-----+
; Statistic                                   ; Top ;
+---------------------------------------------+-----+
; Estimated Total logic elements              ; 105 ;
;                                             ;     ;
; Total combinational functions               ; 105 ;
; Logic element usage by number of LUT inputs ;     ;
;     -- 4 input functions                    ; 49  ;
;     -- 3 input functions                    ; 20  ;
;     -- <=2 input functions                  ; 36  ;
;                                             ;     ;
; Logic elements by mode                      ;     ;
;     -- normal mode                          ; 88  ;
;     -- arithmetic mode                      ; 17  ;
;                                             ;     ;
; Total registers                             ; 17  ;
;     -- Dedicated logic registers            ; 17  ;
;     -- I/O registers                        ; 0   ;
;                                             ;     ;
; Virtual pins                                ; 0   ;
; I/O pins                                    ; 40  ;
; Embedded Multiplier 9-bit elements          ; 0   ;
; Total memory bits                           ; 0   ;
; Total RAM block bits                        ; 0   ;
;                                             ;     ;
; Connections                                 ;     ;
;     -- Input Connections                    ; 0   ;
;     -- Registered Input Connections         ; 0   ;
;     -- Output Connections                   ; 0   ;
;     -- Registered Output Connections        ; 0   ;
;                                             ;     ;
; Internal Connections                        ;     ;
;     -- Total Connections                    ; 425 ;
;     -- Registered Connections               ; 34  ;
;                                             ;     ;
; External Connections                        ;     ;
;     -- Top                                  ; 0   ;
;                                             ;     ;
; Partition Interface                         ;     ;
;     -- Input Ports                          ; 22  ;
;     -- Output Ports                         ; 18  ;
;     -- Bidir Ports                          ; 0   ;
;                                             ;     ;
; Registered Ports                            ;     ;
;     -- Registered Input Ports               ; 0   ;
;     -- Registered Output Ports              ; 0   ;
;                                             ;     ;
; Port Connectivity                           ;     ;
;     -- Input Ports driven by GND            ; 0   ;
;     -- Output Ports driven by GND           ; 0   ;
;     -- Input Ports driven by VCC            ; 0   ;
;     -- Output Ports driven by VCC           ; 0   ;
;     -- Input Ports with no Source           ; 0   ;
;     -- Output Ports with no Source          ; 0   ;
;     -- Input Ports with no Fanout           ; 0   ;
;     -- Output Ports with no Fanout          ; 0   ;
+---------------------------------------------+-----+
Note: Resource usage numbers presented for Partitions containing post-synthesis logic are estimates.  For Partitions containing post-fit logic, resource usage numbers are accurate based on previous placement information.  Actual Fitter results may vary depending on current Fitter Preservation Level assignments.


+-----------------------------------------------------+
; Partition Merge Resource Usage Summary              ;
+---------------------------------------------+-------+
; Resource                                    ; Usage ;
+---------------------------------------------+-------+
; Estimated Total logic elements              ; 105   ;
;                                             ;       ;
; Total combinational functions               ; 105   ;
; Logic element usage by number of LUT inputs ;       ;
;     -- 4 input functions                    ; 49    ;
;     -- 3 input functions                    ; 20    ;
;     -- <=2 input functions                  ; 36    ;
;                                             ;       ;
; Logic elements by mode                      ;       ;
;     -- normal mode                          ; 88    ;
;     -- arithmetic mode                      ; 17    ;
;                                             ;       ;
; Total registers                             ; 17    ;
;     -- Dedicated logic registers            ; 17    ;
;     -- I/O registers                        ; 0     ;
;                                             ;       ;
; I/O pins                                    ; 40    ;
; Maximum fan-out node                        ; reset ;
; Maximum fan-out                             ; 41    ;
; Total fan-out                               ; 425   ;
; Average fan-out                             ; 2.62  ;
+---------------------------------------------+-------+


+--------------------------+
; Partition Merge Messages ;
+--------------------------+
Info: *******************************************************************
Info: Running Quartus II 64-Bit Partition Merge
    Info: Version 9.1 Build 350 03/24/2010 Service Pack 2 SJ Full Version
    Info: Processing started: Fri Mar 14 18:34:39 2014
Info: Command: quartus_cdb --read_settings_files=off --write_settings_files=off g23_lab3 -c g23_lab3 --merge=on
Warning: Previously generated Fitter netlist for partition "Top" is older than current Synthesis netlist -- using the current Synthesis netlist instead to ensure that the latest source changes are included
    Info: Forcing the Quartus II software to use the previously generated Fitter netlist is allowed by setting the Netlist Type to Post-Fit (Strict)
Info: Using synthesis netlist for partition "Top"
Info: Resolved and merged 1 partition(s)
Warning: Design contains 1 input pin(s) that do not drive logic
    Warning (15610): No output dependent on input pin "count_enable"
Info: Implemented 145 device resources after synthesis - the final resource count might be different
    Info: Implemented 22 input pins
    Info: Implemented 18 output pins
    Info: Implemented 105 logic cells
Info: Quartus II 64-Bit Partition Merge was successful. 0 errors, 3 warnings
    Info: Peak virtual memory: 273 megabytes
    Info: Processing ended: Fri Mar 14 18:34:39 2014
    Info: Elapsed time: 00:00:00
    Info: Total CPU time (on all processors): 00:00:00


