Analysis & Synthesis report for g23_lab3
Thu Mar 13 21:51:51 2014
Quartus II 64-Bit Version 9.1 Build 350 03/24/2010 Service Pack 2 SJ Full Version


---------------------
; Table of Contents ;
---------------------
  1. Legal Notice
  2. Analysis & Synthesis Summary
  3. Analysis & Synthesis Settings
  4. Parallel Compilation
  5. Analysis & Synthesis Source Files Read
  6. Analysis & Synthesis Resource Usage Summary
  7. Analysis & Synthesis Resource Utilization by Entity
  8. General Register Statistics
  9. Source assignments for g23_basic_timer:timer|g23_generic_timer:earth|LPM_COUNTER:counter
 10. Source assignments for g23_basic_timer:timer|g23_generic_timer:mars|LPM_COUNTER:counter
 11. Source assignments for g23_count_to_59:earth_counter|LPM_COUNTER:count_to_9
 12. Source assignments for g23_count_to_59:earth_counter|LPM_COUNTER:count_to_5
 13. Source assignments for g23_count_to_59:mars_counter|LPM_COUNTER:count_to_9
 14. Source assignments for g23_count_to_59:mars_counter|LPM_COUNTER:count_to_5
 15. Parameter Settings for User Entity Instance: g23_basic_timer:timer|g23_generic_timer:earth
 16. Parameter Settings for User Entity Instance: g23_basic_timer:timer|g23_generic_timer:earth|LPM_COUNTER:counter
 17. Parameter Settings for User Entity Instance: g23_basic_timer:timer|g23_generic_timer:mars
 18. Parameter Settings for User Entity Instance: g23_basic_timer:timer|g23_generic_timer:mars|LPM_COUNTER:counter
 19. Parameter Settings for User Entity Instance: g23_count_to_59:earth_counter|LPM_COUNTER:count_to_9
 20. Parameter Settings for User Entity Instance: g23_count_to_59:earth_counter|LPM_COUNTER:count_to_5
 21. Parameter Settings for User Entity Instance: g23_count_to_59:mars_counter|LPM_COUNTER:count_to_9
 22. Parameter Settings for User Entity Instance: g23_count_to_59:mars_counter|LPM_COUNTER:count_to_5
 23. Port Connectivity Checks: "g23_7_segment_decoder:mars_ones_display"
 24. Port Connectivity Checks: "g23_7_segment_decoder:mars_tens_display"
 25. Port Connectivity Checks: "g23_7_segment_decoder:earth_lsd"
 26. Port Connectivity Checks: "g23_7_segment_decoder:earth_msd"
 27. Port Connectivity Checks: "g23_count_to_59:mars_counter"
 28. Port Connectivity Checks: "g23_count_to_59:earth_counter"
 29. Port Connectivity Checks: "g23_basic_timer:timer"
 30. Analysis & Synthesis Messages



----------------
; Legal Notice ;
----------------
Copyright (C) 1991-2010 Altera Corporation
Your use of Altera Corporation's design tools, logic functions 
and other software and tools, and its AMPP partner logic 
functions, and any output files from any of the foregoing 
(including device programming or simulation files), and any 
associated documentation or information are expressly subject 
to the terms and conditions of the Altera Program License 
Subscription Agreement, Altera MegaCore Function License 
Agreement, or other applicable license agreement, including, 
without limitation, that your use is for the sole purpose of 
programming logic devices manufactured by Altera and sold by 
Altera or its authorized distributors.  Please refer to the 
applicable agreement for further details.



+------------------------------------------------------------------------------------+
; Analysis & Synthesis Summary                                                       ;
+------------------------------------+-----------------------------------------------+
; Analysis & Synthesis Status        ; Successful - Thu Mar 13 21:51:51 2014         ;
; Quartus II 64-Bit Version          ; 9.1 Build 350 03/24/2010 SP 2 SJ Full Version ;
; Revision Name                      ; g23_lab3                                      ;
; Top-level Entity Name              ; g23_timer_test_bed                            ;
; Family                             ; Cyclone II                                    ;
; Total logic elements               ; 157                                           ;
;     Total combinational functions  ; 157                                           ;
;     Dedicated logic registers      ; 94                                            ;
; Total registers                    ; 94                                            ;
; Total pins                         ; 31                                            ;
; Total virtual pins                 ; 0                                             ;
; Total memory bits                  ; 0                                             ;
; Embedded Multiplier 9-bit elements ; 0                                             ;
; Total PLLs                         ; 0                                             ;
+------------------------------------+-----------------------------------------------+


+----------------------------------------------------------------------------------------------------------------------+
; Analysis & Synthesis Settings                                                                                        ;
+----------------------------------------------------------------------------+--------------------+--------------------+
; Option                                                                     ; Setting            ; Default Value      ;
+----------------------------------------------------------------------------+--------------------+--------------------+
; Device                                                                     ; EP2C20F484C7       ;                    ;
; Top-level entity name                                                      ; g23_timer_test_bed ; g23_lab3           ;
; Family name                                                                ; Cyclone II         ; Stratix II         ;
; Use Generated Physical Constraints File                                    ; Off                ;                    ;
; Use smart compilation                                                      ; Off                ; Off                ;
; Enable parallel Assembler and TimeQuest Timing Analyzer during compilation ; On                 ; On                 ;
; Enable compact report table                                                ; Off                ; Off                ;
; Restructure Multiplexers                                                   ; Auto               ; Auto               ;
; Create Debugging Nodes for IP Cores                                        ; Off                ; Off                ;
; Preserve fewer node names                                                  ; On                 ; On                 ;
; Disable OpenCore Plus hardware evaluation                                  ; Off                ; Off                ;
; Verilog Version                                                            ; Verilog_2001       ; Verilog_2001       ;
; VHDL Version                                                               ; VHDL_1993          ; VHDL_1993          ;
; State Machine Processing                                                   ; Auto               ; Auto               ;
; Safe State Machine                                                         ; Off                ; Off                ;
; Extract Verilog State Machines                                             ; On                 ; On                 ;
; Extract VHDL State Machines                                                ; On                 ; On                 ;
; Ignore Verilog initial constructs                                          ; Off                ; Off                ;
; Iteration limit for constant Verilog loops                                 ; 5000               ; 5000               ;
; Iteration limit for non-constant Verilog loops                             ; 250                ; 250                ;
; Add Pass-Through Logic to Inferred RAMs                                    ; On                 ; On                 ;
; Parallel Synthesis                                                         ; On                 ; On                 ;
; DSP Block Balancing                                                        ; Auto               ; Auto               ;
; NOT Gate Push-Back                                                         ; On                 ; On                 ;
; Power-Up Don't Care                                                        ; On                 ; On                 ;
; Remove Redundant Logic Cells                                               ; Off                ; Off                ;
; Remove Duplicate Registers                                                 ; On                 ; On                 ;
; Ignore CARRY Buffers                                                       ; Off                ; Off                ;
; Ignore CASCADE Buffers                                                     ; Off                ; Off                ;
; Ignore GLOBAL Buffers                                                      ; Off                ; Off                ;
; Ignore ROW GLOBAL Buffers                                                  ; Off                ; Off                ;
; Ignore LCELL Buffers                                                       ; Off                ; Off                ;
; Ignore SOFT Buffers                                                        ; On                 ; On                 ;
; Limit AHDL Integers to 32 Bits                                             ; Off                ; Off                ;
; Optimization Technique                                                     ; Balanced           ; Balanced           ;
; Carry Chain Length                                                         ; 70                 ; 70                 ;
; Auto Carry Chains                                                          ; On                 ; On                 ;
; Auto Open-Drain Pins                                                       ; On                 ; On                 ;
; Perform WYSIWYG Primitive Resynthesis                                      ; Off                ; Off                ;
; Auto ROM Replacement                                                       ; On                 ; On                 ;
; Auto RAM Replacement                                                       ; On                 ; On                 ;
; Auto Shift Register Replacement                                            ; Auto               ; Auto               ;
; Auto Clock Enable Replacement                                              ; On                 ; On                 ;
; Strict RAM Replacement                                                     ; Off                ; Off                ;
; Allow Synchronous Control Signals                                          ; On                 ; On                 ;
; Force Use of Synchronous Clear Signals                                     ; Off                ; Off                ;
; Auto RAM to Logic Cell Conversion                                          ; Off                ; Off                ;
; Auto Resource Sharing                                                      ; Off                ; Off                ;
; Allow Any RAM Size For Recognition                                         ; Off                ; Off                ;
; Allow Any ROM Size For Recognition                                         ; Off                ; Off                ;
; Allow Any Shift Register Size For Recognition                              ; Off                ; Off                ;
; Use LogicLock Constraints during Resource Balancing                        ; On                 ; On                 ;
; Ignore translate_off and synthesis_off directives                          ; Off                ; Off                ;
; Timing-Driven Synthesis                                                    ; Off                ; Off                ;
; Show Parameter Settings Tables in Synthesis Report                         ; On                 ; On                 ;
; Ignore Maximum Fan-Out Assignments                                         ; Off                ; Off                ;
; Synchronization Register Chain Length                                      ; 2                  ; 2                  ;
; PowerPlay Power Optimization                                               ; Normal compilation ; Normal compilation ;
; HDL message level                                                          ; Level2             ; Level2             ;
; Suppress Register Optimization Related Messages                            ; Off                ; Off                ;
; Number of Removed Registers Reported in Synthesis Report                   ; 5000               ; 5000               ;
; Number of Inverted Registers Reported in Synthesis Report                  ; 100                ; 100                ;
; Clock MUX Protection                                                       ; On                 ; On                 ;
; Auto Gated Clock Conversion                                                ; Off                ; Off                ;
; Block Design Naming                                                        ; Auto               ; Auto               ;
; SDC constraint protection                                                  ; Off                ; Off                ;
; Synthesis Effort                                                           ; Auto               ; Auto               ;
; Shift Register Replacement - Allow Asynchronous Clear Signal               ; On                 ; On                 ;
; Analysis & Synthesis Message Level                                         ; Medium             ; Medium             ;
; Disable Register Merging Across Hierarchies                                ; Auto               ; Auto               ;
; Resource Aware Inference For Block RAM                                     ; On                 ; On                 ;
+----------------------------------------------------------------------------+--------------------+--------------------+


+------------------------------------------+
; Parallel Compilation                     ;
+----------------------------+-------------+
; Processors                 ; Number      ;
+----------------------------+-------------+
; Number detected on machine ; 4           ;
; Maximum allowed            ; 4           ;
;                            ;             ;
; Average used               ; 1.00        ;
; Maximum used               ; 1           ;
;                            ;             ;
; Usage by Processor         ; % Time Used ;
;     1 processor            ; 100.0%      ;
;     2-4 processors         ;   0.0%      ;
+----------------------------+-------------+


+-----------------------------------------------------------------------------------------------------------------------------------------------------------------+
; Analysis & Synthesis Source Files Read                                                                                                                          ;
+----------------------------------+-----------------+------------------------------+-----------------------------------------------------------------------------+
; File Name with User-Entered Path ; Used in Netlist ; File Type                    ; File Name with Absolute Path                                                ;
+----------------------------------+-----------------+------------------------------+-----------------------------------------------------------------------------+
; g23_generic_timer.vhd            ; yes             ; User VHDL File               ; C:/Users/cdesal/github/digital-system-design/lab3/g23_generic_timer.vhd     ;
; g23_basic_timer.vhd              ; yes             ; User VHDL File               ; C:/Users/cdesal/github/digital-system-design/lab3/g23_basic_timer.vhd       ;
; g23_timer_test_bed.vhd           ; yes             ; User VHDL File               ; C:/Users/cdesal/github/digital-system-design/lab3/g23_timer_test_bed.vhd    ;
; g23_7_segment_decoder.vhd        ; yes             ; User VHDL File               ; C:/Users/cdesal/github/digital-system-design/lab3/g23_7_segment_decoder.vhd ;
; g23_count_to_59.vhd              ; yes             ; User VHDL File               ; C:/Users/cdesal/github/digital-system-design/lab3/g23_count_to_59.vhd       ;
; lpm_counter.tdf                  ; yes             ; Megafunction                 ; c:/altera/91sp2/quartus/libraries/megafunctions/lpm_counter.tdf             ;
; db/cntr_8fl.tdf                  ; yes             ; Auto-Generated Megafunction  ; C:/Users/cdesal/github/digital-system-design/lab3/db/cntr_8fl.tdf           ;
; db/cntr_5bi.tdf                  ; yes             ; Auto-Generated Megafunction  ; C:/Users/cdesal/github/digital-system-design/lab3/db/cntr_5bi.tdf           ;
; db/cmpr_8cc.tdf                  ; yes             ; Auto-Generated Megafunction  ; C:/Users/cdesal/github/digital-system-design/lab3/db/cmpr_8cc.tdf           ;
; db/cntr_gui.tdf                  ; yes             ; Auto-Generated Megafunction  ; C:/Users/cdesal/github/digital-system-design/lab3/db/cntr_gui.tdf           ;
; db/cmpr_7cc.tdf                  ; yes             ; Auto-Generated Megafunction  ; C:/Users/cdesal/github/digital-system-design/lab3/db/cmpr_7cc.tdf           ;
+----------------------------------+-----------------+------------------------------+-----------------------------------------------------------------------------+


+-----------------------------------------------------+
; Analysis & Synthesis Resource Usage Summary         ;
+---------------------------------------------+-------+
; Resource                                    ; Usage ;
+---------------------------------------------+-------+
; Estimated Total logic elements              ; 157   ;
;                                             ;       ;
; Total combinational functions               ; 157   ;
; Logic element usage by number of LUT inputs ;       ;
;     -- 4 input functions                    ; 42    ;
;     -- 3 input functions                    ; 14    ;
;     -- <=2 input functions                  ; 101   ;
;                                             ;       ;
; Logic elements by mode                      ;       ;
;     -- normal mode                          ; 71    ;
;     -- arithmetic mode                      ; 86    ;
;                                             ;       ;
; Total registers                             ; 94    ;
;     -- Dedicated logic registers            ; 94    ;
;     -- I/O registers                        ; 0     ;
;                                             ;       ;
; I/O pins                                    ; 31    ;
; Maximum fan-out node                        ; ~GND  ;
; Maximum fan-out                             ; 81    ;
; Total fan-out                               ; 807   ;
; Average fan-out                             ; 2.86  ;
+---------------------------------------------+-------+


+-----------------------------------------------------------------------------------------------------------------------------------------------------------------------------------------------------------------------------------------------------------------------------------------+
; Analysis & Synthesis Resource Utilization by Entity                                                                                                                                                                                                                                     ;
+----------------------------------------------+-------------------+--------------+-------------+--------------+---------+-----------+------+--------------+---------------------------------------------------------------------------------------------------------------+--------------+
; Compilation Hierarchy Node                   ; LC Combinationals ; LC Registers ; Memory Bits ; DSP Elements ; DSP 9x9 ; DSP 18x18 ; Pins ; Virtual Pins ; Full Hierarchy Name                                                                                           ; Library Name ;
+----------------------------------------------+-------------------+--------------+-------------+--------------+---------+-----------+------+--------------+---------------------------------------------------------------------------------------------------------------+--------------+
; |g23_timer_test_bed                          ; 157 (1)           ; 94 (0)       ; 0           ; 0            ; 0       ; 0         ; 31   ; 0            ; |g23_timer_test_bed                                                                                           ; work         ;
;    |g23_7_segment_decoder:earth_lsd|         ; 7 (7)             ; 0 (0)        ; 0           ; 0            ; 0       ; 0         ; 0    ; 0            ; |g23_timer_test_bed|g23_7_segment_decoder:earth_lsd                                                           ; work         ;
;    |g23_7_segment_decoder:earth_msd|         ; 7 (7)             ; 0 (0)        ; 0           ; 0            ; 0       ; 0         ; 0    ; 0            ; |g23_timer_test_bed|g23_7_segment_decoder:earth_msd                                                           ; work         ;
;    |g23_7_segment_decoder:mars_ones_display| ; 7 (7)             ; 0 (0)        ; 0           ; 0            ; 0       ; 0         ; 0    ; 0            ; |g23_timer_test_bed|g23_7_segment_decoder:mars_ones_display                                                   ; work         ;
;    |g23_7_segment_decoder:mars_tens_display| ; 7 (7)             ; 0 (0)        ; 0           ; 0            ; 0       ; 0         ; 0    ; 0            ; |g23_timer_test_bed|g23_7_segment_decoder:mars_tens_display                                                   ; work         ;
;    |g23_basic_timer:timer|                   ; 108 (0)           ; 80 (0)       ; 0           ; 0            ; 0       ; 0         ; 0    ; 0            ; |g23_timer_test_bed|g23_basic_timer:timer                                                                     ;              ;
;       |g23_generic_timer:earth|              ; 54 (14)           ; 40 (0)       ; 0           ; 0            ; 0       ; 0         ; 0    ; 0            ; |g23_timer_test_bed|g23_basic_timer:timer|g23_generic_timer:earth                                             ;              ;
;          |lpm_counter:counter|               ; 40 (0)            ; 40 (0)       ; 0           ; 0            ; 0       ; 0         ; 0    ; 0            ; |g23_timer_test_bed|g23_basic_timer:timer|g23_generic_timer:earth|lpm_counter:counter                         ; work         ;
;             |cntr_8fl:auto_generated|        ; 40 (40)           ; 40 (40)      ; 0           ; 0            ; 0       ; 0         ; 0    ; 0            ; |g23_timer_test_bed|g23_basic_timer:timer|g23_generic_timer:earth|lpm_counter:counter|cntr_8fl:auto_generated ; work         ;
;       |g23_generic_timer:mars|               ; 54 (14)           ; 40 (0)       ; 0           ; 0            ; 0       ; 0         ; 0    ; 0            ; |g23_timer_test_bed|g23_basic_timer:timer|g23_generic_timer:mars                                              ; work         ;
;          |lpm_counter:counter|               ; 40 (0)            ; 40 (0)       ; 0           ; 0            ; 0       ; 0         ; 0    ; 0            ; |g23_timer_test_bed|g23_basic_timer:timer|g23_generic_timer:mars|lpm_counter:counter                          ; work         ;
;             |cntr_8fl:auto_generated|        ; 40 (40)           ; 40 (40)      ; 0           ; 0            ; 0       ; 0         ; 0    ; 0            ; |g23_timer_test_bed|g23_basic_timer:timer|g23_generic_timer:mars|lpm_counter:counter|cntr_8fl:auto_generated  ; work         ;
;    |g23_count_to_59:earth_counter|           ; 10 (1)            ; 7 (0)        ; 0           ; 0            ; 0       ; 0         ; 0    ; 0            ; |g23_timer_test_bed|g23_count_to_59:earth_counter                                                             ; work         ;
;       |lpm_counter:count_to_5|               ; 3 (0)             ; 3 (0)        ; 0           ; 0            ; 0       ; 0         ; 0    ; 0            ; |g23_timer_test_bed|g23_count_to_59:earth_counter|lpm_counter:count_to_5                                      ; work         ;
;          |cntr_gui:auto_generated|           ; 3 (3)             ; 3 (3)        ; 0           ; 0            ; 0       ; 0         ; 0    ; 0            ; |g23_timer_test_bed|g23_count_to_59:earth_counter|lpm_counter:count_to_5|cntr_gui:auto_generated              ; work         ;
;       |lpm_counter:count_to_9|               ; 6 (0)             ; 4 (0)        ; 0           ; 0            ; 0       ; 0         ; 0    ; 0            ; |g23_timer_test_bed|g23_count_to_59:earth_counter|lpm_counter:count_to_9                                      ; work         ;
;          |cntr_5bi:auto_generated|           ; 6 (6)             ; 4 (4)        ; 0           ; 0            ; 0       ; 0         ; 0    ; 0            ; |g23_timer_test_bed|g23_count_to_59:earth_counter|lpm_counter:count_to_9|cntr_5bi:auto_generated              ; work         ;
;    |g23_count_to_59:mars_counter|            ; 10 (1)            ; 7 (0)        ; 0           ; 0            ; 0       ; 0         ; 0    ; 0            ; |g23_timer_test_bed|g23_count_to_59:mars_counter                                                              ; work         ;
;       |lpm_counter:count_to_5|               ; 3 (0)             ; 3 (0)        ; 0           ; 0            ; 0       ; 0         ; 0    ; 0            ; |g23_timer_test_bed|g23_count_to_59:mars_counter|lpm_counter:count_to_5                                       ; work         ;
;          |cntr_gui:auto_generated|           ; 3 (3)             ; 3 (3)        ; 0           ; 0            ; 0       ; 0         ; 0    ; 0            ; |g23_timer_test_bed|g23_count_to_59:mars_counter|lpm_counter:count_to_5|cntr_gui:auto_generated               ; work         ;
;       |lpm_counter:count_to_9|               ; 6 (0)             ; 4 (0)        ; 0           ; 0            ; 0       ; 0         ; 0    ; 0            ; |g23_timer_test_bed|g23_count_to_59:mars_counter|lpm_counter:count_to_9                                       ; work         ;
;          |cntr_5bi:auto_generated|           ; 6 (6)             ; 4 (4)        ; 0           ; 0            ; 0       ; 0         ; 0    ; 0            ; |g23_timer_test_bed|g23_count_to_59:mars_counter|lpm_counter:count_to_9|cntr_5bi:auto_generated               ; work         ;
+----------------------------------------------+-------------------+--------------+-------------+--------------+---------+-----------+------+--------------+---------------------------------------------------------------------------------------------------------------+--------------+
Note: For table entries with two numbers listed, the numbers in parentheses indicate the number of resources of the given type used by the specific entity alone. The numbers listed outside of parentheses indicate the total resources of the given type used by the specific entity and all of its sub-entities in the hierarchy.


+------------------------------------------------------+
; General Register Statistics                          ;
+----------------------------------------------+-------+
; Statistic                                    ; Value ;
+----------------------------------------------+-------+
; Total registers                              ; 94    ;
; Number of registers using Synchronous Clear  ; 0     ;
; Number of registers using Synchronous Load   ; 88    ;
; Number of registers using Asynchronous Clear ; 14    ;
; Number of registers using Asynchronous Load  ; 0     ;
; Number of registers using Clock Enable       ; 6     ;
; Number of registers using Preset             ; 0     ;
+----------------------------------------------+-------+


+------------------------------------------------------------------------------------------+
; Source assignments for g23_basic_timer:timer|g23_generic_timer:earth|LPM_COUNTER:counter ;
+---------------------------+-------+------+-----------------------------------------------+
; Assignment                ; Value ; From ; To                                            ;
+---------------------------+-------+------+-----------------------------------------------+
; SUPPRESS_DA_RULE_INTERNAL ; a101  ; -    ; -                                             ;
; SUPPRESS_DA_RULE_INTERNAL ; s102  ; -    ; -                                             ;
; SUPPRESS_DA_RULE_INTERNAL ; s103  ; -    ; -                                             ;
+---------------------------+-------+------+-----------------------------------------------+


+-----------------------------------------------------------------------------------------+
; Source assignments for g23_basic_timer:timer|g23_generic_timer:mars|LPM_COUNTER:counter ;
+---------------------------+-------+------+----------------------------------------------+
; Assignment                ; Value ; From ; To                                           ;
+---------------------------+-------+------+----------------------------------------------+
; SUPPRESS_DA_RULE_INTERNAL ; a101  ; -    ; -                                            ;
; SUPPRESS_DA_RULE_INTERNAL ; s102  ; -    ; -                                            ;
; SUPPRESS_DA_RULE_INTERNAL ; s103  ; -    ; -                                            ;
+---------------------------+-------+------+----------------------------------------------+


+-----------------------------------------------------------------------------+
; Source assignments for g23_count_to_59:earth_counter|LPM_COUNTER:count_to_9 ;
+---------------------------+-------+------+----------------------------------+
; Assignment                ; Value ; From ; To                               ;
+---------------------------+-------+------+----------------------------------+
; SUPPRESS_DA_RULE_INTERNAL ; a101  ; -    ; -                                ;
; SUPPRESS_DA_RULE_INTERNAL ; s102  ; -    ; -                                ;
; SUPPRESS_DA_RULE_INTERNAL ; s103  ; -    ; -                                ;
+---------------------------+-------+------+----------------------------------+


+-----------------------------------------------------------------------------+
; Source assignments for g23_count_to_59:earth_counter|LPM_COUNTER:count_to_5 ;
+---------------------------+-------+------+----------------------------------+
; Assignment                ; Value ; From ; To                               ;
+---------------------------+-------+------+----------------------------------+
; SUPPRESS_DA_RULE_INTERNAL ; a101  ; -    ; -                                ;
; SUPPRESS_DA_RULE_INTERNAL ; s102  ; -    ; -                                ;
; SUPPRESS_DA_RULE_INTERNAL ; s103  ; -    ; -                                ;
+---------------------------+-------+------+----------------------------------+


+----------------------------------------------------------------------------+
; Source assignments for g23_count_to_59:mars_counter|LPM_COUNTER:count_to_9 ;
+---------------------------+-------+------+---------------------------------+
; Assignment                ; Value ; From ; To                              ;
+---------------------------+-------+------+---------------------------------+
; SUPPRESS_DA_RULE_INTERNAL ; a101  ; -    ; -                               ;
; SUPPRESS_DA_RULE_INTERNAL ; s102  ; -    ; -                               ;
; SUPPRESS_DA_RULE_INTERNAL ; s103  ; -    ; -                               ;
+---------------------------+-------+------+---------------------------------+


+----------------------------------------------------------------------------+
; Source assignments for g23_count_to_59:mars_counter|LPM_COUNTER:count_to_5 ;
+---------------------------+-------+------+---------------------------------+
; Assignment                ; Value ; From ; To                              ;
+---------------------------+-------+------+---------------------------------+
; SUPPRESS_DA_RULE_INTERNAL ; a101  ; -    ; -                               ;
; SUPPRESS_DA_RULE_INTERNAL ; s102  ; -    ; -                               ;
; SUPPRESS_DA_RULE_INTERNAL ; s103  ; -    ; -                               ;
+---------------------------+-------+------+---------------------------------+


+--------------------------------------------------------------------------------------------+
; Parameter Settings for User Entity Instance: g23_basic_timer:timer|g23_generic_timer:earth ;
+----------------+-------+-------------------------------------------------------------------+
; Parameter Name ; Value ; Type                                                              ;
+----------------+-------+-------------------------------------------------------------------+
; max            ; 100   ; Signed Integer                                                    ;
+----------------+-------+-------------------------------------------------------------------+
Note: In order to hide this table in the UI and the text report file, please set the "Show Parameter Settings Tables in Synthesis Report" option in "Analysis and Synthesis Settings -> More Settings" to "Off".


+----------------------------------------------------------------------------------------------------------------+
; Parameter Settings for User Entity Instance: g23_basic_timer:timer|g23_generic_timer:earth|LPM_COUNTER:counter ;
+------------------------+-------------------+-------------------------------------------------------------------+
; Parameter Name         ; Value             ; Type                                                              ;
+------------------------+-------------------+-------------------------------------------------------------------+
; AUTO_CARRY_CHAINS      ; ON                ; AUTO_CARRY                                                        ;
; IGNORE_CARRY_BUFFERS   ; OFF               ; IGNORE_CARRY                                                      ;
; AUTO_CASCADE_CHAINS    ; ON                ; AUTO_CASCADE                                                      ;
; IGNORE_CASCADE_BUFFERS ; OFF               ; IGNORE_CASCADE                                                    ;
; LPM_WIDTH              ; 40                ; Signed Integer                                                    ;
; LPM_DIRECTION          ; down              ; Untyped                                                           ;
; LPM_MODULUS            ; 0                 ; Signed Integer                                                    ;
; LPM_AVALUE             ; UNUSED            ; Untyped                                                           ;
; LPM_SVALUE             ; UNUSED            ; Untyped                                                           ;
; LPM_PORT_UPDOWN        ; PORT_CONNECTIVITY ; Untyped                                                           ;
; DEVICE_FAMILY          ; Cyclone II        ; Untyped                                                           ;
; CARRY_CHAIN            ; MANUAL            ; Untyped                                                           ;
; CARRY_CHAIN_LENGTH     ; 48                ; CARRY_CHAIN_LENGTH                                                ;
; NOT_GATE_PUSH_BACK     ; ON                ; NOT_GATE_PUSH_BACK                                                ;
; CARRY_CNT_EN           ; SMART             ; Untyped                                                           ;
; LABWIDE_SCLR           ; ON                ; Untyped                                                           ;
; USE_NEW_VERSION        ; TRUE              ; Untyped                                                           ;
; CBXI_PARAMETER         ; cntr_8fl          ; Untyped                                                           ;
+------------------------+-------------------+-------------------------------------------------------------------+
Note: In order to hide this table in the UI and the text report file, please set the "Show Parameter Settings Tables in Synthesis Report" option in "Analysis and Synthesis Settings -> More Settings" to "Off".


+-------------------------------------------------------------------------------------------+
; Parameter Settings for User Entity Instance: g23_basic_timer:timer|g23_generic_timer:mars ;
+----------------+-------+------------------------------------------------------------------+
; Parameter Name ; Value ; Type                                                             ;
+----------------+-------+------------------------------------------------------------------+
; max            ; 102   ; Signed Integer                                                   ;
+----------------+-------+------------------------------------------------------------------+
Note: In order to hide this table in the UI and the text report file, please set the "Show Parameter Settings Tables in Synthesis Report" option in "Analysis and Synthesis Settings -> More Settings" to "Off".


+---------------------------------------------------------------------------------------------------------------+
; Parameter Settings for User Entity Instance: g23_basic_timer:timer|g23_generic_timer:mars|LPM_COUNTER:counter ;
+------------------------+-------------------+------------------------------------------------------------------+
; Parameter Name         ; Value             ; Type                                                             ;
+------------------------+-------------------+------------------------------------------------------------------+
; AUTO_CARRY_CHAINS      ; ON                ; AUTO_CARRY                                                       ;
; IGNORE_CARRY_BUFFERS   ; OFF               ; IGNORE_CARRY                                                     ;
; AUTO_CASCADE_CHAINS    ; ON                ; AUTO_CASCADE                                                     ;
; IGNORE_CASCADE_BUFFERS ; OFF               ; IGNORE_CASCADE                                                   ;
; LPM_WIDTH              ; 40                ; Signed Integer                                                   ;
; LPM_DIRECTION          ; down              ; Untyped                                                          ;
; LPM_MODULUS            ; 0                 ; Signed Integer                                                   ;
; LPM_AVALUE             ; UNUSED            ; Untyped                                                          ;
; LPM_SVALUE             ; UNUSED            ; Untyped                                                          ;
; LPM_PORT_UPDOWN        ; PORT_CONNECTIVITY ; Untyped                                                          ;
; DEVICE_FAMILY          ; Cyclone II        ; Untyped                                                          ;
; CARRY_CHAIN            ; MANUAL            ; Untyped                                                          ;
; CARRY_CHAIN_LENGTH     ; 48                ; CARRY_CHAIN_LENGTH                                               ;
; NOT_GATE_PUSH_BACK     ; ON                ; NOT_GATE_PUSH_BACK                                               ;
; CARRY_CNT_EN           ; SMART             ; Untyped                                                          ;
; LABWIDE_SCLR           ; ON                ; Untyped                                                          ;
; USE_NEW_VERSION        ; TRUE              ; Untyped                                                          ;
; CBXI_PARAMETER         ; cntr_8fl          ; Untyped                                                          ;
+------------------------+-------------------+------------------------------------------------------------------+
Note: In order to hide this table in the UI and the text report file, please set the "Show Parameter Settings Tables in Synthesis Report" option in "Analysis and Synthesis Settings -> More Settings" to "Off".


+---------------------------------------------------------------------------------------------------+
; Parameter Settings for User Entity Instance: g23_count_to_59:earth_counter|LPM_COUNTER:count_to_9 ;
+------------------------+-------------------+------------------------------------------------------+
; Parameter Name         ; Value             ; Type                                                 ;
+------------------------+-------------------+------------------------------------------------------+
; AUTO_CARRY_CHAINS      ; ON                ; AUTO_CARRY                                           ;
; IGNORE_CARRY_BUFFERS   ; OFF               ; IGNORE_CARRY                                         ;
; AUTO_CASCADE_CHAINS    ; ON                ; AUTO_CASCADE                                         ;
; IGNORE_CASCADE_BUFFERS ; OFF               ; IGNORE_CASCADE                                       ;
; LPM_WIDTH              ; 4                 ; Signed Integer                                       ;
; LPM_DIRECTION          ; DEFAULT           ; Untyped                                              ;
; LPM_MODULUS            ; 10                ; Signed Integer                                       ;
; LPM_AVALUE             ; UNUSED            ; Untyped                                              ;
; LPM_SVALUE             ; UNUSED            ; Untyped                                              ;
; LPM_PORT_UPDOWN        ; PORT_CONNECTIVITY ; Untyped                                              ;
; DEVICE_FAMILY          ; Cyclone II        ; Untyped                                              ;
; CARRY_CHAIN            ; MANUAL            ; Untyped                                              ;
; CARRY_CHAIN_LENGTH     ; 48                ; CARRY_CHAIN_LENGTH                                   ;
; NOT_GATE_PUSH_BACK     ; ON                ; NOT_GATE_PUSH_BACK                                   ;
; CARRY_CNT_EN           ; SMART             ; Untyped                                              ;
; LABWIDE_SCLR           ; ON                ; Untyped                                              ;
; USE_NEW_VERSION        ; TRUE              ; Untyped                                              ;
; CBXI_PARAMETER         ; cntr_5bi          ; Untyped                                              ;
+------------------------+-------------------+------------------------------------------------------+
Note: In order to hide this table in the UI and the text report file, please set the "Show Parameter Settings Tables in Synthesis Report" option in "Analysis and Synthesis Settings -> More Settings" to "Off".


+---------------------------------------------------------------------------------------------------+
; Parameter Settings for User Entity Instance: g23_count_to_59:earth_counter|LPM_COUNTER:count_to_5 ;
+------------------------+-------------------+------------------------------------------------------+
; Parameter Name         ; Value             ; Type                                                 ;
+------------------------+-------------------+------------------------------------------------------+
; AUTO_CARRY_CHAINS      ; ON                ; AUTO_CARRY                                           ;
; IGNORE_CARRY_BUFFERS   ; OFF               ; IGNORE_CARRY                                         ;
; AUTO_CASCADE_CHAINS    ; ON                ; AUTO_CASCADE                                         ;
; IGNORE_CASCADE_BUFFERS ; OFF               ; IGNORE_CASCADE                                       ;
; LPM_WIDTH              ; 3                 ; Signed Integer                                       ;
; LPM_DIRECTION          ; DEFAULT           ; Untyped                                              ;
; LPM_MODULUS            ; 6                 ; Signed Integer                                       ;
; LPM_AVALUE             ; UNUSED            ; Untyped                                              ;
; LPM_SVALUE             ; UNUSED            ; Untyped                                              ;
; LPM_PORT_UPDOWN        ; PORT_CONNECTIVITY ; Untyped                                              ;
; DEVICE_FAMILY          ; Cyclone II        ; Untyped                                              ;
; CARRY_CHAIN            ; MANUAL            ; Untyped                                              ;
; CARRY_CHAIN_LENGTH     ; 48                ; CARRY_CHAIN_LENGTH                                   ;
; NOT_GATE_PUSH_BACK     ; ON                ; NOT_GATE_PUSH_BACK                                   ;
; CARRY_CNT_EN           ; SMART             ; Untyped                                              ;
; LABWIDE_SCLR           ; ON                ; Untyped                                              ;
; USE_NEW_VERSION        ; TRUE              ; Untyped                                              ;
; CBXI_PARAMETER         ; cntr_gui          ; Untyped                                              ;
+------------------------+-------------------+------------------------------------------------------+
Note: In order to hide this table in the UI and the text report file, please set the "Show Parameter Settings Tables in Synthesis Report" option in "Analysis and Synthesis Settings -> More Settings" to "Off".


+--------------------------------------------------------------------------------------------------+
; Parameter Settings for User Entity Instance: g23_count_to_59:mars_counter|LPM_COUNTER:count_to_9 ;
+------------------------+-------------------+-----------------------------------------------------+
; Parameter Name         ; Value             ; Type                                                ;
+------------------------+-------------------+-----------------------------------------------------+
; AUTO_CARRY_CHAINS      ; ON                ; AUTO_CARRY                                          ;
; IGNORE_CARRY_BUFFERS   ; OFF               ; IGNORE_CARRY                                        ;
; AUTO_CASCADE_CHAINS    ; ON                ; AUTO_CASCADE                                        ;
; IGNORE_CASCADE_BUFFERS ; OFF               ; IGNORE_CASCADE                                      ;
; LPM_WIDTH              ; 4                 ; Signed Integer                                      ;
; LPM_DIRECTION          ; DEFAULT           ; Untyped                                             ;
; LPM_MODULUS            ; 10                ; Signed Integer                                      ;
; LPM_AVALUE             ; UNUSED            ; Untyped                                             ;
; LPM_SVALUE             ; UNUSED            ; Untyped                                             ;
; LPM_PORT_UPDOWN        ; PORT_CONNECTIVITY ; Untyped                                             ;
; DEVICE_FAMILY          ; Cyclone II        ; Untyped                                             ;
; CARRY_CHAIN            ; MANUAL            ; Untyped                                             ;
; CARRY_CHAIN_LENGTH     ; 48                ; CARRY_CHAIN_LENGTH                                  ;
; NOT_GATE_PUSH_BACK     ; ON                ; NOT_GATE_PUSH_BACK                                  ;
; CARRY_CNT_EN           ; SMART             ; Untyped                                             ;
; LABWIDE_SCLR           ; ON                ; Untyped                                             ;
; USE_NEW_VERSION        ; TRUE              ; Untyped                                             ;
; CBXI_PARAMETER         ; cntr_5bi          ; Untyped                                             ;
+------------------------+-------------------+-----------------------------------------------------+
Note: In order to hide this table in the UI and the text report file, please set the "Show Parameter Settings Tables in Synthesis Report" option in "Analysis and Synthesis Settings -> More Settings" to "Off".


+--------------------------------------------------------------------------------------------------+
; Parameter Settings for User Entity Instance: g23_count_to_59:mars_counter|LPM_COUNTER:count_to_5 ;
+------------------------+-------------------+-----------------------------------------------------+
; Parameter Name         ; Value             ; Type                                                ;
+------------------------+-------------------+-----------------------------------------------------+
; AUTO_CARRY_CHAINS      ; ON                ; AUTO_CARRY                                          ;
; IGNORE_CARRY_BUFFERS   ; OFF               ; IGNORE_CARRY                                        ;
; AUTO_CASCADE_CHAINS    ; ON                ; AUTO_CASCADE                                        ;
; IGNORE_CASCADE_BUFFERS ; OFF               ; IGNORE_CASCADE                                      ;
; LPM_WIDTH              ; 3                 ; Signed Integer                                      ;
; LPM_DIRECTION          ; DEFAULT           ; Untyped                                             ;
; LPM_MODULUS            ; 6                 ; Signed Integer                                      ;
; LPM_AVALUE             ; UNUSED            ; Untyped                                             ;
; LPM_SVALUE             ; UNUSED            ; Untyped                                             ;
; LPM_PORT_UPDOWN        ; PORT_CONNECTIVITY ; Untyped                                             ;
; DEVICE_FAMILY          ; Cyclone II        ; Untyped                                             ;
; CARRY_CHAIN            ; MANUAL            ; Untyped                                             ;
; CARRY_CHAIN_LENGTH     ; 48                ; CARRY_CHAIN_LENGTH                                  ;
; NOT_GATE_PUSH_BACK     ; ON                ; NOT_GATE_PUSH_BACK                                  ;
; CARRY_CNT_EN           ; SMART             ; Untyped                                             ;
; LABWIDE_SCLR           ; ON                ; Untyped                                             ;
; USE_NEW_VERSION        ; TRUE              ; Untyped                                             ;
; CBXI_PARAMETER         ; cntr_gui          ; Untyped                                             ;
+------------------------+-------------------+-----------------------------------------------------+
Note: In order to hide this table in the UI and the text report file, please set the "Show Parameter Settings Tables in Synthesis Report" option in "Analysis and Synthesis Settings -> More Settings" to "Off".


+---------------------------------------------------------------------------------------------------------------------------+
; Port Connectivity Checks: "g23_7_segment_decoder:mars_ones_display"                                                       ;
+-----------------+--------+----------+-------------------------------------------------------------------------------------+
; Port            ; Type   ; Severity ; Details                                                                             ;
+-----------------+--------+----------+-------------------------------------------------------------------------------------+
; rippleblank_in  ; Input  ; Info     ; Stuck at GND                                                                        ;
; rippleblank_out ; Output ; Info     ; Connected to dangling logic. Logic that only feeds a dangling port will be removed. ;
+-----------------+--------+----------+-------------------------------------------------------------------------------------+


+---------------------------------------------------------------------------------------------------------------------------+
; Port Connectivity Checks: "g23_7_segment_decoder:mars_tens_display"                                                       ;
+-----------------+--------+----------+-------------------------------------------------------------------------------------+
; Port            ; Type   ; Severity ; Details                                                                             ;
+-----------------+--------+----------+-------------------------------------------------------------------------------------+
; code[3]         ; Input  ; Info     ; Stuck at GND                                                                        ;
; rippleblank_in  ; Input  ; Info     ; Stuck at VCC                                                                        ;
; rippleblank_out ; Output ; Info     ; Connected to dangling logic. Logic that only feeds a dangling port will be removed. ;
+-----------------+--------+----------+-------------------------------------------------------------------------------------+


+---------------------------------------------------------------------------------------------------------------------------+
; Port Connectivity Checks: "g23_7_segment_decoder:earth_lsd"                                                               ;
+-----------------+--------+----------+-------------------------------------------------------------------------------------+
; Port            ; Type   ; Severity ; Details                                                                             ;
+-----------------+--------+----------+-------------------------------------------------------------------------------------+
; rippleblank_in  ; Input  ; Info     ; Stuck at GND                                                                        ;
; rippleblank_out ; Output ; Info     ; Connected to dangling logic. Logic that only feeds a dangling port will be removed. ;
+-----------------+--------+----------+-------------------------------------------------------------------------------------+


+---------------------------------------------------------------------------------------------------------------------------+
; Port Connectivity Checks: "g23_7_segment_decoder:earth_msd"                                                               ;
+-----------------+--------+----------+-------------------------------------------------------------------------------------+
; Port            ; Type   ; Severity ; Details                                                                             ;
+-----------------+--------+----------+-------------------------------------------------------------------------------------+
; code[3]         ; Input  ; Info     ; Stuck at GND                                                                        ;
; rippleblank_in  ; Input  ; Info     ; Stuck at VCC                                                                        ;
; rippleblank_out ; Output ; Info     ; Connected to dangling logic. Logic that only feeds a dangling port will be removed. ;
+-----------------+--------+----------+-------------------------------------------------------------------------------------+


+----------------------------------------------------------+
; Port Connectivity Checks: "g23_count_to_59:mars_counter" ;
+--------+-------+----------+------------------------------+
; Port   ; Type  ; Severity ; Details                      ;
+--------+-------+----------+------------------------------+
; enable ; Input ; Info     ; Stuck at VCC                 ;
+--------+-------+----------+------------------------------+


+-----------------------------------------------------------+
; Port Connectivity Checks: "g23_count_to_59:earth_counter" ;
+--------+-------+----------+-------------------------------+
; Port   ; Type  ; Severity ; Details                       ;
+--------+-------+----------+-------------------------------+
; enable ; Input ; Info     ; Stuck at VCC                  ;
+--------+-------+----------+-------------------------------+


+---------------------------------------------------+
; Port Connectivity Checks: "g23_basic_timer:timer" ;
+--------+-------+----------+-----------------------+
; Port   ; Type  ; Severity ; Details               ;
+--------+-------+----------+-----------------------+
; enable ; Input ; Info     ; Stuck at VCC          ;
+--------+-------+----------+-----------------------+


+-------------------------------+
; Analysis & Synthesis Messages ;
+-------------------------------+
Info: *******************************************************************
Info: Running Quartus II 64-Bit Analysis & Synthesis
    Info: Version 9.1 Build 350 03/24/2010 Service Pack 2 SJ Full Version
    Info: Processing started: Thu Mar 13 21:51:49 2014
Info: Command: quartus_map --read_settings_files=on --write_settings_files=off g23_lab3 -c g23_lab3
Info: Parallel compilation is enabled and will use 4 of the 4 processors detected
Info: Found 2 design units, including 1 entities, in source file g23_generic_timer.vhd
    Info: Found design unit 1: g23_generic_timer-alpha
    Info: Found entity 1: g23_generic_timer
Info: Found 2 design units, including 1 entities, in source file g23_earth_timer.vhd
    Info: Found design unit 1: g23_earth_timer-alpha
    Info: Found entity 1: g23_earth_timer
Info: Found 2 design units, including 1 entities, in source file g23_mars_timer.vhd
    Info: Found design unit 1: g23_mars_timer-alpha
    Info: Found entity 1: g23_mars_timer
Info: Found 2 design units, including 1 entities, in source file g23_basic_timer.vhd
    Info: Found design unit 1: g23_basic_timer-alpha
    Info: Found entity 1: g23_basic_timer
Info: Found 2 design units, including 1 entities, in source file g23_timer_test_bed.vhd
    Info: Found design unit 1: g23_timer_test_bed-alpha
    Info: Found entity 1: g23_timer_test_bed
Info: Found 2 design units, including 1 entities, in source file g23_7_segment_decoder.vhd
    Info: Found design unit 1: g23_7_segment_decoder-alpha
    Info: Found entity 1: g23_7_segment_decoder
Info: Found 2 design units, including 1 entities, in source file g23_count_to_59.vhd
    Info: Found design unit 1: g23_count_to_59-alpha
    Info: Found entity 1: g23_count_to_59
Info: Elaborating entity "g23_timer_test_bed" for the top level hierarchy
Warning (10541): VHDL Signal Declaration warning at g23_timer_test_bed.vhd(31): used implicit default value for signal "debug" because signal was never assigned a value or an explicit default value. Use of implicit default value may introduce unintended design optimizations.
Info: Elaborating entity "g23_basic_timer" for hierarchy "g23_basic_timer:timer"
Info: Elaborating entity "g23_generic_timer" for hierarchy "g23_basic_timer:timer|g23_generic_timer:earth"
Info: Elaborating entity "LPM_COUNTER" for hierarchy "g23_basic_timer:timer|g23_generic_timer:earth|LPM_COUNTER:counter"
Info: Elaborated megafunction instantiation "g23_basic_timer:timer|g23_generic_timer:earth|LPM_COUNTER:counter"
Info: Instantiated megafunction "g23_basic_timer:timer|g23_generic_timer:earth|LPM_COUNTER:counter" with the following parameter:
    Info: Parameter "LPM_WIDTH" = "40"
    Info: Parameter "LPM_MODULUS" = "0"
    Info: Parameter "LPM_DIRECTION" = "down"
    Info: Parameter "LPM_AVALUE" = "UNUSED"
    Info: Parameter "LPM_SVALUE" = "UNUSED"
    Info: Parameter "LPM_PORT_UPDOWN" = "PORT_CONNECTIVITY"
    Info: Parameter "LPM_PVALUE" = "UNUSED"
    Info: Parameter "LPM_TYPE" = "LPM_COUNTER"
    Info: Parameter "LPM_HINT" = "UNUSED"
Info: Found 1 design units, including 1 entities, in source file db/cntr_8fl.tdf
    Info: Found entity 1: cntr_8fl
Info: Elaborating entity "cntr_8fl" for hierarchy "g23_basic_timer:timer|g23_generic_timer:earth|LPM_COUNTER:counter|cntr_8fl:auto_generated"
Info: Elaborating entity "g23_generic_timer" for hierarchy "g23_basic_timer:timer|g23_generic_timer:mars"
Info: Elaborating entity "LPM_COUNTER" for hierarchy "g23_basic_timer:timer|g23_generic_timer:mars|LPM_COUNTER:counter"
Info: Elaborated megafunction instantiation "g23_basic_timer:timer|g23_generic_timer:mars|LPM_COUNTER:counter"
Info: Instantiated megafunction "g23_basic_timer:timer|g23_generic_timer:mars|LPM_COUNTER:counter" with the following parameter:
    Info: Parameter "LPM_WIDTH" = "40"
    Info: Parameter "LPM_MODULUS" = "0"
    Info: Parameter "LPM_DIRECTION" = "down"
    Info: Parameter "LPM_AVALUE" = "UNUSED"
    Info: Parameter "LPM_SVALUE" = "UNUSED"
    Info: Parameter "LPM_PORT_UPDOWN" = "PORT_CONNECTIVITY"
    Info: Parameter "LPM_PVALUE" = "UNUSED"
    Info: Parameter "LPM_TYPE" = "LPM_COUNTER"
    Info: Parameter "LPM_HINT" = "UNUSED"
Info: Elaborating entity "g23_count_to_59" for hierarchy "g23_count_to_59:earth_counter"
Info: Elaborating entity "LPM_COUNTER" for hierarchy "g23_count_to_59:earth_counter|LPM_COUNTER:count_to_9"
Info: Elaborated megafunction instantiation "g23_count_to_59:earth_counter|LPM_COUNTER:count_to_9"
Info: Instantiated megafunction "g23_count_to_59:earth_counter|LPM_COUNTER:count_to_9" with the following parameter:
    Info: Parameter "LPM_WIDTH" = "4"
    Info: Parameter "LPM_MODULUS" = "10"
    Info: Parameter "LPM_DIRECTION" = "UNUSED"
    Info: Parameter "LPM_AVALUE" = "UNUSED"
    Info: Parameter "LPM_SVALUE" = "UNUSED"
    Info: Parameter "LPM_PORT_UPDOWN" = "PORT_CONNECTIVITY"
    Info: Parameter "LPM_PVALUE" = "UNUSED"
    Info: Parameter "LPM_TYPE" = "LPM_COUNTER"
    Info: Parameter "LPM_HINT" = "UNUSED"
Info: Found 1 design units, including 1 entities, in source file db/cntr_5bi.tdf
    Info: Found entity 1: cntr_5bi
Info: Elaborating entity "cntr_5bi" for hierarchy "g23_count_to_59:earth_counter|LPM_COUNTER:count_to_9|cntr_5bi:auto_generated"
Info: Found 1 design units, including 1 entities, in source file db/cmpr_8cc.tdf
    Info: Found entity 1: cmpr_8cc
Info: Elaborating entity "cmpr_8cc" for hierarchy "g23_count_to_59:earth_counter|LPM_COUNTER:count_to_9|cntr_5bi:auto_generated|cmpr_8cc:cmpr2"
Info: Elaborating entity "LPM_COUNTER" for hierarchy "g23_count_to_59:earth_counter|LPM_COUNTER:count_to_5"
Info: Elaborated megafunction instantiation "g23_count_to_59:earth_counter|LPM_COUNTER:count_to_5"
Info: Instantiated megafunction "g23_count_to_59:earth_counter|LPM_COUNTER:count_to_5" with the following parameter:
    Info: Parameter "LPM_WIDTH" = "3"
    Info: Parameter "LPM_MODULUS" = "6"
    Info: Parameter "LPM_DIRECTION" = "UNUSED"
    Info: Parameter "LPM_AVALUE" = "UNUSED"
    Info: Parameter "LPM_SVALUE" = "UNUSED"
    Info: Parameter "LPM_PORT_UPDOWN" = "PORT_CONNECTIVITY"
    Info: Parameter "LPM_PVALUE" = "UNUSED"
    Info: Parameter "LPM_TYPE" = "LPM_COUNTER"
    Info: Parameter "LPM_HINT" = "UNUSED"
Info: Found 1 design units, including 1 entities, in source file db/cntr_gui.tdf
    Info: Found entity 1: cntr_gui
Info: Elaborating entity "cntr_gui" for hierarchy "g23_count_to_59:earth_counter|LPM_COUNTER:count_to_5|cntr_gui:auto_generated"
Info: Found 1 design units, including 1 entities, in source file db/cmpr_7cc.tdf
    Info: Found entity 1: cmpr_7cc
Info: Elaborating entity "cmpr_7cc" for hierarchy "g23_count_to_59:earth_counter|LPM_COUNTER:count_to_5|cntr_gui:auto_generated|cmpr_7cc:cmpr3"
Info: Elaborating entity "g23_7_segment_decoder" for hierarchy "g23_7_segment_decoder:earth_msd"
Warning: Output pins are stuck at VCC or GND
    Warning (13410): Pin "debug" is stuck at GND
Info: Implemented 188 device resources after synthesis - the final resource count might be different
    Info: Implemented 2 input pins
    Info: Implemented 29 output pins
    Info: Implemented 157 logic cells
Info: Quartus II 64-Bit Analysis & Synthesis was successful. 0 errors, 3 warnings
    Info: Peak virtual memory: 314 megabytes
    Info: Processing ended: Thu Mar 13 21:51:51 2014
    Info: Elapsed time: 00:00:02
    Info: Total CPU time (on all processors): 00:00:02


