Simulator report for g23_lab3
Fri Mar 14 17:24:59 2014
Quartus II 64-Bit Version 9.1 Build 350 03/24/2010 Service Pack 2 SJ Full Version


---------------------
; Table of Contents ;
---------------------
  1. Legal Notice
  2. Simulator Summary
  3. Simulator Settings
  4. Simulation Waveforms
  5. Coverage Summary
  6. Complete 1/0-Value Coverage
  7. Missing 1-Value Coverage
  8. Missing 0-Value Coverage
  9. Simulator INI Usage
 10. Simulator Messages



----------------
; Legal Notice ;
----------------
Copyright (C) 1991-2010 Altera Corporation
Your use of Altera Corporation's design tools, logic functions 
and other software and tools, and its AMPP partner logic 
functions, and any output files from any of the foregoing 
(including device programming or simulation files), and any 
associated documentation or information are expressly subject 
to the terms and conditions of the Altera Program License 
Subscription Agreement, Altera MegaCore Function License 
Agreement, or other applicable license agreement, including, 
without limitation, that your use is for the sole purpose of 
programming logic devices manufactured by Altera and sold by 
Altera or its authorized distributors.  Please refer to the 
applicable agreement for further details.



+--------------------------------------------+
; Simulator Summary                          ;
+-----------------------------+--------------+
; Type                        ; Value        ;
+-----------------------------+--------------+
; Simulation Start Time       ; 0 ps         ;
; Simulation End Time         ; 1.0 ms       ;
; Simulation Netlist Size     ; 94 nodes     ;
; Simulation Coverage         ;      67.39 % ;
; Total Number of Transitions ; 1543291      ;
; Simulation Breakpoints      ; 0            ;
; Family                      ; Cyclone II   ;
+-----------------------------+--------------+


+--------------------------------------------------------------------------------------------------------------------------------------+
; Simulator Settings                                                                                                                   ;
+--------------------------------------------------------------------------------------------+-------------------------+---------------+
; Option                                                                                     ; Setting                 ; Default Value ;
+--------------------------------------------------------------------------------------------+-------------------------+---------------+
; Simulation mode                                                                            ; Functional              ; Timing        ;
; Start time                                                                                 ; 0 ns                    ; 0 ns          ;
; Simulation results format                                                                  ; CVWF                    ;               ;
; Vector input source                                                                        ; g23_timer_test_bed.cvwf ;               ;
; Add pins automatically to simulation output waveforms                                      ; On                      ; On            ;
; Check outputs                                                                              ; Off                     ; Off           ;
; Report simulation coverage                                                                 ; On                      ; On            ;
; Display complete 1/0 value coverage report                                                 ; On                      ; On            ;
; Display missing 1-value coverage report                                                    ; On                      ; On            ;
; Display missing 0-value coverage report                                                    ; On                      ; On            ;
; Detect setup and hold time violations                                                      ; Off                     ; Off           ;
; Detect glitches                                                                            ; Off                     ; Off           ;
; Disable timing delays in Timing Simulation                                                 ; Off                     ; Off           ;
; Generate Signal Activity File                                                              ; Off                     ; Off           ;
; Generate VCD File for PowerPlay Power Analyzer                                             ; Off                     ; Off           ;
; Group bus channels in simulation results                                                   ; Off                     ; Off           ;
; Preserve fewer signal transitions to reduce memory requirements                            ; On                      ; On            ;
; Trigger vector comparison with the specified mode                                          ; INPUT_EDGE              ; INPUT_EDGE    ;
; Disable setup and hold time violations detection in input registers of bi-directional pins ; Off                     ; Off           ;
; Overwrite Waveform Inputs With Simulation Outputs                                          ; On                      ;               ;
; Perform Glitch Filtering in Timing Simulation                                              ; Auto                    ; Auto          ;
+--------------------------------------------------------------------------------------------+-------------------------+---------------+


+----------------------+
; Simulation Waveforms ;
+----------------------+
Waveform report data cannot be output to ASCII.
Please use Quartus II 64-Bit to view the waveform report data.


+--------------------------------------------------------------------+
; Coverage Summary                                                   ;
+-----------------------------------------------------+--------------+
; Type                                                ; Value        ;
+-----------------------------------------------------+--------------+
; Total coverage as a percentage                      ;      67.39 % ;
; Total nodes checked                                 ; 94           ;
; Total output ports checked                          ; 92           ;
; Total output ports with complete 1/0-value coverage ; 62           ;
; Total output ports with no 1/0-value coverage       ; 29           ;
; Total output ports with no 1-value coverage         ; 30           ;
; Total output ports with no 0-value coverage         ; 29           ;
+-----------------------------------------------------+--------------+


The following table displays output ports that toggle between 1 and 0 during simulation.
+------------------------------------------------------------------------------------------------------------------------------------------------------------------------------------------------------------------------------------------+
; Complete 1/0-Value Coverage                                                                                                                                                                                                              ;
+-----------------------------------------------------------------------------------------------------------+-----------------------------------------------------------------------------------------------------------+------------------+
; Node Name                                                                                                 ; Output Port Name                                                                                          ; Output Port Type ;
+-----------------------------------------------------------------------------------------------------------+-----------------------------------------------------------------------------------------------------------+------------------+
; |g23_HMS_counter|clk                                                                                      ; |g23_HMS_counter|clk                                                                                      ; out              ;
; |g23_HMS_counter|minutes[0]                                                                               ; |g23_HMS_counter|minutes[0]                                                                               ; pin_out          ;
; |g23_HMS_counter|minutes[1]                                                                               ; |g23_HMS_counter|minutes[1]                                                                               ; pin_out          ;
; |g23_HMS_counter|minutes[2]                                                                               ; |g23_HMS_counter|minutes[2]                                                                               ; pin_out          ;
; |g23_HMS_counter|minutes[3]                                                                               ; |g23_HMS_counter|minutes[3]                                                                               ; pin_out          ;
; |g23_HMS_counter|minutes[4]                                                                               ; |g23_HMS_counter|minutes[4]                                                                               ; pin_out          ;
; |g23_HMS_counter|minutes[5]                                                                               ; |g23_HMS_counter|minutes[5]                                                                               ; pin_out          ;
; |g23_HMS_counter|seconds[0]                                                                               ; |g23_HMS_counter|seconds[0]                                                                               ; pin_out          ;
; |g23_HMS_counter|seconds[1]                                                                               ; |g23_HMS_counter|seconds[1]                                                                               ; pin_out          ;
; |g23_HMS_counter|seconds[2]                                                                               ; |g23_HMS_counter|seconds[2]                                                                               ; pin_out          ;
; |g23_HMS_counter|seconds[3]                                                                               ; |g23_HMS_counter|seconds[3]                                                                               ; pin_out          ;
; |g23_HMS_counter|seconds[4]                                                                               ; |g23_HMS_counter|seconds[4]                                                                               ; pin_out          ;
; |g23_HMS_counter|seconds[5]                                                                               ; |g23_HMS_counter|seconds[5]                                                                               ; pin_out          ;
; |g23_HMS_counter|lpm_counter:minutes_counter|cntr_73k:auto_generated|cout_actual                          ; |g23_HMS_counter|lpm_counter:minutes_counter|cntr_73k:auto_generated|cout_actual                          ; out0             ;
; |g23_HMS_counter|lpm_counter:minutes_counter|cntr_73k:auto_generated|counter_comb_bita0                   ; |g23_HMS_counter|lpm_counter:minutes_counter|cntr_73k:auto_generated|counter_comb_bita0                   ; combout          ;
; |g23_HMS_counter|lpm_counter:minutes_counter|cntr_73k:auto_generated|counter_comb_bita0                   ; |g23_HMS_counter|lpm_counter:minutes_counter|cntr_73k:auto_generated|counter_comb_bita0~COUT              ; cout             ;
; |g23_HMS_counter|lpm_counter:minutes_counter|cntr_73k:auto_generated|counter_comb_bita1                   ; |g23_HMS_counter|lpm_counter:minutes_counter|cntr_73k:auto_generated|counter_comb_bita1                   ; combout          ;
; |g23_HMS_counter|lpm_counter:minutes_counter|cntr_73k:auto_generated|counter_comb_bita1                   ; |g23_HMS_counter|lpm_counter:minutes_counter|cntr_73k:auto_generated|counter_comb_bita1~COUT              ; cout             ;
; |g23_HMS_counter|lpm_counter:minutes_counter|cntr_73k:auto_generated|counter_comb_bita2                   ; |g23_HMS_counter|lpm_counter:minutes_counter|cntr_73k:auto_generated|counter_comb_bita2                   ; combout          ;
; |g23_HMS_counter|lpm_counter:minutes_counter|cntr_73k:auto_generated|counter_comb_bita2                   ; |g23_HMS_counter|lpm_counter:minutes_counter|cntr_73k:auto_generated|counter_comb_bita2~COUT              ; cout             ;
; |g23_HMS_counter|lpm_counter:minutes_counter|cntr_73k:auto_generated|counter_comb_bita3                   ; |g23_HMS_counter|lpm_counter:minutes_counter|cntr_73k:auto_generated|counter_comb_bita3                   ; combout          ;
; |g23_HMS_counter|lpm_counter:minutes_counter|cntr_73k:auto_generated|counter_comb_bita3                   ; |g23_HMS_counter|lpm_counter:minutes_counter|cntr_73k:auto_generated|counter_comb_bita3~COUT              ; cout             ;
; |g23_HMS_counter|lpm_counter:minutes_counter|cntr_73k:auto_generated|counter_comb_bita4                   ; |g23_HMS_counter|lpm_counter:minutes_counter|cntr_73k:auto_generated|counter_comb_bita4                   ; combout          ;
; |g23_HMS_counter|lpm_counter:minutes_counter|cntr_73k:auto_generated|counter_comb_bita4                   ; |g23_HMS_counter|lpm_counter:minutes_counter|cntr_73k:auto_generated|counter_comb_bita4~COUT              ; cout             ;
; |g23_HMS_counter|lpm_counter:minutes_counter|cntr_73k:auto_generated|counter_comb_bita5                   ; |g23_HMS_counter|lpm_counter:minutes_counter|cntr_73k:auto_generated|counter_comb_bita5                   ; combout          ;
; |g23_HMS_counter|lpm_counter:minutes_counter|cntr_73k:auto_generated|counter_comb_bita5                   ; |g23_HMS_counter|lpm_counter:minutes_counter|cntr_73k:auto_generated|counter_comb_bita5~COUT              ; cout             ;
; |g23_HMS_counter|lpm_counter:minutes_counter|cntr_73k:auto_generated|counter_reg_bit1a[5]                 ; |g23_HMS_counter|lpm_counter:minutes_counter|cntr_73k:auto_generated|safe_q[5]                            ; regout           ;
; |g23_HMS_counter|lpm_counter:minutes_counter|cntr_73k:auto_generated|counter_reg_bit1a[4]                 ; |g23_HMS_counter|lpm_counter:minutes_counter|cntr_73k:auto_generated|safe_q[4]                            ; regout           ;
; |g23_HMS_counter|lpm_counter:minutes_counter|cntr_73k:auto_generated|counter_reg_bit1a[3]                 ; |g23_HMS_counter|lpm_counter:minutes_counter|cntr_73k:auto_generated|safe_q[3]                            ; regout           ;
; |g23_HMS_counter|lpm_counter:minutes_counter|cntr_73k:auto_generated|counter_reg_bit1a[2]                 ; |g23_HMS_counter|lpm_counter:minutes_counter|cntr_73k:auto_generated|safe_q[2]                            ; regout           ;
; |g23_HMS_counter|lpm_counter:minutes_counter|cntr_73k:auto_generated|counter_reg_bit1a[1]                 ; |g23_HMS_counter|lpm_counter:minutes_counter|cntr_73k:auto_generated|safe_q[1]                            ; regout           ;
; |g23_HMS_counter|lpm_counter:minutes_counter|cntr_73k:auto_generated|counter_reg_bit1a[0]                 ; |g23_HMS_counter|lpm_counter:minutes_counter|cntr_73k:auto_generated|safe_q[0]                            ; regout           ;
; |g23_HMS_counter|lpm_counter:minutes_counter|cntr_73k:auto_generated|cmpr_acc:cmpr2|aneb_result_wire[0]~0 ; |g23_HMS_counter|lpm_counter:minutes_counter|cntr_73k:auto_generated|cmpr_acc:cmpr2|aneb_result_wire[0]~0 ; out0             ;
; |g23_HMS_counter|lpm_counter:minutes_counter|cntr_73k:auto_generated|cmpr_acc:cmpr2|aneb_result_wire[0]   ; |g23_HMS_counter|lpm_counter:minutes_counter|cntr_73k:auto_generated|cmpr_acc:cmpr2|aneb_result_wire[0]   ; out0             ;
; |g23_HMS_counter|lpm_counter:minutes_counter|cntr_73k:auto_generated|cmpr_acc:cmpr2|data_wire[2]          ; |g23_HMS_counter|lpm_counter:minutes_counter|cntr_73k:auto_generated|cmpr_acc:cmpr2|data_wire[2]          ; out0             ;
; |g23_HMS_counter|lpm_counter:minutes_counter|cntr_73k:auto_generated|cmpr_acc:cmpr2|data_wire[1]          ; |g23_HMS_counter|lpm_counter:minutes_counter|cntr_73k:auto_generated|cmpr_acc:cmpr2|data_wire[1]          ; out0             ;
; |g23_HMS_counter|lpm_counter:minutes_counter|cntr_73k:auto_generated|cmpr_acc:cmpr2|data_wire[0]          ; |g23_HMS_counter|lpm_counter:minutes_counter|cntr_73k:auto_generated|cmpr_acc:cmpr2|data_wire[0]          ; out0             ;
; |g23_HMS_counter|lpm_counter:seconds_counter|cntr_73k:auto_generated|cout_actual                          ; |g23_HMS_counter|lpm_counter:seconds_counter|cntr_73k:auto_generated|cout_actual                          ; out0             ;
; |g23_HMS_counter|lpm_counter:seconds_counter|cntr_73k:auto_generated|counter_comb_bita0                   ; |g23_HMS_counter|lpm_counter:seconds_counter|cntr_73k:auto_generated|counter_comb_bita0                   ; combout          ;
; |g23_HMS_counter|lpm_counter:seconds_counter|cntr_73k:auto_generated|counter_comb_bita0                   ; |g23_HMS_counter|lpm_counter:seconds_counter|cntr_73k:auto_generated|counter_comb_bita0~COUT              ; cout             ;
; |g23_HMS_counter|lpm_counter:seconds_counter|cntr_73k:auto_generated|counter_comb_bita1                   ; |g23_HMS_counter|lpm_counter:seconds_counter|cntr_73k:auto_generated|counter_comb_bita1                   ; combout          ;
; |g23_HMS_counter|lpm_counter:seconds_counter|cntr_73k:auto_generated|counter_comb_bita1                   ; |g23_HMS_counter|lpm_counter:seconds_counter|cntr_73k:auto_generated|counter_comb_bita1~COUT              ; cout             ;
; |g23_HMS_counter|lpm_counter:seconds_counter|cntr_73k:auto_generated|counter_comb_bita2                   ; |g23_HMS_counter|lpm_counter:seconds_counter|cntr_73k:auto_generated|counter_comb_bita2                   ; combout          ;
; |g23_HMS_counter|lpm_counter:seconds_counter|cntr_73k:auto_generated|counter_comb_bita2                   ; |g23_HMS_counter|lpm_counter:seconds_counter|cntr_73k:auto_generated|counter_comb_bita2~COUT              ; cout             ;
; |g23_HMS_counter|lpm_counter:seconds_counter|cntr_73k:auto_generated|counter_comb_bita3                   ; |g23_HMS_counter|lpm_counter:seconds_counter|cntr_73k:auto_generated|counter_comb_bita3                   ; combout          ;
; |g23_HMS_counter|lpm_counter:seconds_counter|cntr_73k:auto_generated|counter_comb_bita3                   ; |g23_HMS_counter|lpm_counter:seconds_counter|cntr_73k:auto_generated|counter_comb_bita3~COUT              ; cout             ;
; |g23_HMS_counter|lpm_counter:seconds_counter|cntr_73k:auto_generated|counter_comb_bita4                   ; |g23_HMS_counter|lpm_counter:seconds_counter|cntr_73k:auto_generated|counter_comb_bita4                   ; combout          ;
; |g23_HMS_counter|lpm_counter:seconds_counter|cntr_73k:auto_generated|counter_comb_bita4                   ; |g23_HMS_counter|lpm_counter:seconds_counter|cntr_73k:auto_generated|counter_comb_bita4~COUT              ; cout             ;
; |g23_HMS_counter|lpm_counter:seconds_counter|cntr_73k:auto_generated|counter_comb_bita5                   ; |g23_HMS_counter|lpm_counter:seconds_counter|cntr_73k:auto_generated|counter_comb_bita5                   ; combout          ;
; |g23_HMS_counter|lpm_counter:seconds_counter|cntr_73k:auto_generated|counter_comb_bita5                   ; |g23_HMS_counter|lpm_counter:seconds_counter|cntr_73k:auto_generated|counter_comb_bita5~COUT              ; cout             ;
; |g23_HMS_counter|lpm_counter:seconds_counter|cntr_73k:auto_generated|counter_reg_bit1a[5]                 ; |g23_HMS_counter|lpm_counter:seconds_counter|cntr_73k:auto_generated|safe_q[5]                            ; regout           ;
; |g23_HMS_counter|lpm_counter:seconds_counter|cntr_73k:auto_generated|counter_reg_bit1a[4]                 ; |g23_HMS_counter|lpm_counter:seconds_counter|cntr_73k:auto_generated|safe_q[4]                            ; regout           ;
; |g23_HMS_counter|lpm_counter:seconds_counter|cntr_73k:auto_generated|counter_reg_bit1a[3]                 ; |g23_HMS_counter|lpm_counter:seconds_counter|cntr_73k:auto_generated|safe_q[3]                            ; regout           ;
; |g23_HMS_counter|lpm_counter:seconds_counter|cntr_73k:auto_generated|counter_reg_bit1a[2]                 ; |g23_HMS_counter|lpm_counter:seconds_counter|cntr_73k:auto_generated|safe_q[2]                            ; regout           ;
; |g23_HMS_counter|lpm_counter:seconds_counter|cntr_73k:auto_generated|counter_reg_bit1a[1]                 ; |g23_HMS_counter|lpm_counter:seconds_counter|cntr_73k:auto_generated|safe_q[1]                            ; regout           ;
; |g23_HMS_counter|lpm_counter:seconds_counter|cntr_73k:auto_generated|counter_reg_bit1a[0]                 ; |g23_HMS_counter|lpm_counter:seconds_counter|cntr_73k:auto_generated|safe_q[0]                            ; regout           ;
; |g23_HMS_counter|lpm_counter:seconds_counter|cntr_73k:auto_generated|cmpr_acc:cmpr2|aneb_result_wire[0]~0 ; |g23_HMS_counter|lpm_counter:seconds_counter|cntr_73k:auto_generated|cmpr_acc:cmpr2|aneb_result_wire[0]~0 ; out0             ;
; |g23_HMS_counter|lpm_counter:seconds_counter|cntr_73k:auto_generated|cmpr_acc:cmpr2|aneb_result_wire[0]   ; |g23_HMS_counter|lpm_counter:seconds_counter|cntr_73k:auto_generated|cmpr_acc:cmpr2|aneb_result_wire[0]   ; out0             ;
; |g23_HMS_counter|lpm_counter:seconds_counter|cntr_73k:auto_generated|cmpr_acc:cmpr2|data_wire[2]          ; |g23_HMS_counter|lpm_counter:seconds_counter|cntr_73k:auto_generated|cmpr_acc:cmpr2|data_wire[2]          ; out0             ;
; |g23_HMS_counter|lpm_counter:seconds_counter|cntr_73k:auto_generated|cmpr_acc:cmpr2|data_wire[1]          ; |g23_HMS_counter|lpm_counter:seconds_counter|cntr_73k:auto_generated|cmpr_acc:cmpr2|data_wire[1]          ; out0             ;
; |g23_HMS_counter|lpm_counter:seconds_counter|cntr_73k:auto_generated|cmpr_acc:cmpr2|data_wire[0]          ; |g23_HMS_counter|lpm_counter:seconds_counter|cntr_73k:auto_generated|cmpr_acc:cmpr2|data_wire[0]          ; out0             ;
; |g23_HMS_counter|Equal1~0                                                                                 ; |g23_HMS_counter|Equal1~0                                                                                 ; out0             ;
+-----------------------------------------------------------------------------------------------------------+-----------------------------------------------------------------------------------------------------------+------------------+


The following table displays output ports that do not toggle to 1 during simulation.
+--------------------------------------------------------------------------------------------------------------------------------------------------------------------------------------------------------------------------------------+
; Missing 1-Value Coverage                                                                                                                                                                                                             ;
+---------------------------------------------------------------------------------------------------------+---------------------------------------------------------------------------------------------------------+------------------+
; Node Name                                                                                               ; Output Port Name                                                                                        ; Output Port Type ;
+---------------------------------------------------------------------------------------------------------+---------------------------------------------------------------------------------------------------------+------------------+
; |g23_HMS_counter|comb~0                                                                                 ; |g23_HMS_counter|comb~0                                                                                 ; out0             ;
; |g23_HMS_counter|sec_clock                                                                              ; |g23_HMS_counter|sec_clock                                                                              ; out              ;
; |g23_HMS_counter|reset                                                                                  ; |g23_HMS_counter|reset                                                                                  ; out              ;
; |g23_HMS_counter|hours[0]                                                                               ; |g23_HMS_counter|hours[0]                                                                               ; pin_out          ;
; |g23_HMS_counter|hours[1]                                                                               ; |g23_HMS_counter|hours[1]                                                                               ; pin_out          ;
; |g23_HMS_counter|hours[2]                                                                               ; |g23_HMS_counter|hours[2]                                                                               ; pin_out          ;
; |g23_HMS_counter|hours[3]                                                                               ; |g23_HMS_counter|hours[3]                                                                               ; pin_out          ;
; |g23_HMS_counter|hours[4]                                                                               ; |g23_HMS_counter|hours[4]                                                                               ; pin_out          ;
; |g23_HMS_counter|end_of_day                                                                             ; |g23_HMS_counter|end_of_day                                                                             ; pin_out          ;
; |g23_HMS_counter|lpm_counter:hours_counter|cntr_63k:auto_generated|cout_actual                          ; |g23_HMS_counter|lpm_counter:hours_counter|cntr_63k:auto_generated|cout_actual                          ; out0             ;
; |g23_HMS_counter|lpm_counter:hours_counter|cntr_63k:auto_generated|counter_comb_bita0                   ; |g23_HMS_counter|lpm_counter:hours_counter|cntr_63k:auto_generated|counter_comb_bita0                   ; combout          ;
; |g23_HMS_counter|lpm_counter:hours_counter|cntr_63k:auto_generated|counter_comb_bita0                   ; |g23_HMS_counter|lpm_counter:hours_counter|cntr_63k:auto_generated|counter_comb_bita0~COUT              ; cout             ;
; |g23_HMS_counter|lpm_counter:hours_counter|cntr_63k:auto_generated|counter_comb_bita1                   ; |g23_HMS_counter|lpm_counter:hours_counter|cntr_63k:auto_generated|counter_comb_bita1                   ; combout          ;
; |g23_HMS_counter|lpm_counter:hours_counter|cntr_63k:auto_generated|counter_comb_bita1                   ; |g23_HMS_counter|lpm_counter:hours_counter|cntr_63k:auto_generated|counter_comb_bita1~COUT              ; cout             ;
; |g23_HMS_counter|lpm_counter:hours_counter|cntr_63k:auto_generated|counter_comb_bita2                   ; |g23_HMS_counter|lpm_counter:hours_counter|cntr_63k:auto_generated|counter_comb_bita2                   ; combout          ;
; |g23_HMS_counter|lpm_counter:hours_counter|cntr_63k:auto_generated|counter_comb_bita2                   ; |g23_HMS_counter|lpm_counter:hours_counter|cntr_63k:auto_generated|counter_comb_bita2~COUT              ; cout             ;
; |g23_HMS_counter|lpm_counter:hours_counter|cntr_63k:auto_generated|counter_comb_bita3                   ; |g23_HMS_counter|lpm_counter:hours_counter|cntr_63k:auto_generated|counter_comb_bita3                   ; combout          ;
; |g23_HMS_counter|lpm_counter:hours_counter|cntr_63k:auto_generated|counter_comb_bita3                   ; |g23_HMS_counter|lpm_counter:hours_counter|cntr_63k:auto_generated|counter_comb_bita3~COUT              ; cout             ;
; |g23_HMS_counter|lpm_counter:hours_counter|cntr_63k:auto_generated|counter_comb_bita4                   ; |g23_HMS_counter|lpm_counter:hours_counter|cntr_63k:auto_generated|counter_comb_bita4                   ; combout          ;
; |g23_HMS_counter|lpm_counter:hours_counter|cntr_63k:auto_generated|counter_comb_bita4                   ; |g23_HMS_counter|lpm_counter:hours_counter|cntr_63k:auto_generated|counter_comb_bita4~COUT              ; cout             ;
; |g23_HMS_counter|lpm_counter:hours_counter|cntr_63k:auto_generated|counter_reg_bit1a[4]                 ; |g23_HMS_counter|lpm_counter:hours_counter|cntr_63k:auto_generated|safe_q[4]                            ; regout           ;
; |g23_HMS_counter|lpm_counter:hours_counter|cntr_63k:auto_generated|counter_reg_bit1a[3]                 ; |g23_HMS_counter|lpm_counter:hours_counter|cntr_63k:auto_generated|safe_q[3]                            ; regout           ;
; |g23_HMS_counter|lpm_counter:hours_counter|cntr_63k:auto_generated|counter_reg_bit1a[2]                 ; |g23_HMS_counter|lpm_counter:hours_counter|cntr_63k:auto_generated|safe_q[2]                            ; regout           ;
; |g23_HMS_counter|lpm_counter:hours_counter|cntr_63k:auto_generated|counter_reg_bit1a[1]                 ; |g23_HMS_counter|lpm_counter:hours_counter|cntr_63k:auto_generated|safe_q[1]                            ; regout           ;
; |g23_HMS_counter|lpm_counter:hours_counter|cntr_63k:auto_generated|counter_reg_bit1a[0]                 ; |g23_HMS_counter|lpm_counter:hours_counter|cntr_63k:auto_generated|safe_q[0]                            ; regout           ;
; |g23_HMS_counter|lpm_counter:hours_counter|cntr_63k:auto_generated|cmpr_9cc:cmpr2|aneb_result_wire[0]~0 ; |g23_HMS_counter|lpm_counter:hours_counter|cntr_63k:auto_generated|cmpr_9cc:cmpr2|aneb_result_wire[0]~0 ; out0             ;
; |g23_HMS_counter|lpm_counter:hours_counter|cntr_63k:auto_generated|cmpr_9cc:cmpr2|aneb_result_wire[0]   ; |g23_HMS_counter|lpm_counter:hours_counter|cntr_63k:auto_generated|cmpr_9cc:cmpr2|aneb_result_wire[0]   ; out0             ;
; |g23_HMS_counter|lpm_counter:hours_counter|cntr_63k:auto_generated|cmpr_9cc:cmpr2|data_wire[1]          ; |g23_HMS_counter|lpm_counter:hours_counter|cntr_63k:auto_generated|cmpr_9cc:cmpr2|data_wire[1]          ; out0             ;
; |g23_HMS_counter|lpm_counter:hours_counter|cntr_63k:auto_generated|cmpr_9cc:cmpr2|data_wire[0]          ; |g23_HMS_counter|lpm_counter:hours_counter|cntr_63k:auto_generated|cmpr_9cc:cmpr2|data_wire[0]          ; out0             ;
; |g23_HMS_counter|Equal0~0                                                                               ; |g23_HMS_counter|Equal0~0                                                                               ; out0             ;
+---------------------------------------------------------------------------------------------------------+---------------------------------------------------------------------------------------------------------+------------------+


The following table displays output ports that do not toggle to 0 during simulation.
+--------------------------------------------------------------------------------------------------------------------------------------------------------------------------------------------------------------------------------------+
; Missing 0-Value Coverage                                                                                                                                                                                                             ;
+---------------------------------------------------------------------------------------------------------+---------------------------------------------------------------------------------------------------------+------------------+
; Node Name                                                                                               ; Output Port Name                                                                                        ; Output Port Type ;
+---------------------------------------------------------------------------------------------------------+---------------------------------------------------------------------------------------------------------+------------------+
; |g23_HMS_counter|sec_clock                                                                              ; |g23_HMS_counter|sec_clock                                                                              ; out              ;
; |g23_HMS_counter|reset                                                                                  ; |g23_HMS_counter|reset                                                                                  ; out              ;
; |g23_HMS_counter|hours[0]                                                                               ; |g23_HMS_counter|hours[0]                                                                               ; pin_out          ;
; |g23_HMS_counter|hours[1]                                                                               ; |g23_HMS_counter|hours[1]                                                                               ; pin_out          ;
; |g23_HMS_counter|hours[2]                                                                               ; |g23_HMS_counter|hours[2]                                                                               ; pin_out          ;
; |g23_HMS_counter|hours[3]                                                                               ; |g23_HMS_counter|hours[3]                                                                               ; pin_out          ;
; |g23_HMS_counter|hours[4]                                                                               ; |g23_HMS_counter|hours[4]                                                                               ; pin_out          ;
; |g23_HMS_counter|end_of_day                                                                             ; |g23_HMS_counter|end_of_day                                                                             ; pin_out          ;
; |g23_HMS_counter|lpm_counter:hours_counter|cntr_63k:auto_generated|cout_actual                          ; |g23_HMS_counter|lpm_counter:hours_counter|cntr_63k:auto_generated|cout_actual                          ; out0             ;
; |g23_HMS_counter|lpm_counter:hours_counter|cntr_63k:auto_generated|counter_comb_bita0                   ; |g23_HMS_counter|lpm_counter:hours_counter|cntr_63k:auto_generated|counter_comb_bita0                   ; combout          ;
; |g23_HMS_counter|lpm_counter:hours_counter|cntr_63k:auto_generated|counter_comb_bita0                   ; |g23_HMS_counter|lpm_counter:hours_counter|cntr_63k:auto_generated|counter_comb_bita0~COUT              ; cout             ;
; |g23_HMS_counter|lpm_counter:hours_counter|cntr_63k:auto_generated|counter_comb_bita1                   ; |g23_HMS_counter|lpm_counter:hours_counter|cntr_63k:auto_generated|counter_comb_bita1                   ; combout          ;
; |g23_HMS_counter|lpm_counter:hours_counter|cntr_63k:auto_generated|counter_comb_bita1                   ; |g23_HMS_counter|lpm_counter:hours_counter|cntr_63k:auto_generated|counter_comb_bita1~COUT              ; cout             ;
; |g23_HMS_counter|lpm_counter:hours_counter|cntr_63k:auto_generated|counter_comb_bita2                   ; |g23_HMS_counter|lpm_counter:hours_counter|cntr_63k:auto_generated|counter_comb_bita2                   ; combout          ;
; |g23_HMS_counter|lpm_counter:hours_counter|cntr_63k:auto_generated|counter_comb_bita2                   ; |g23_HMS_counter|lpm_counter:hours_counter|cntr_63k:auto_generated|counter_comb_bita2~COUT              ; cout             ;
; |g23_HMS_counter|lpm_counter:hours_counter|cntr_63k:auto_generated|counter_comb_bita3                   ; |g23_HMS_counter|lpm_counter:hours_counter|cntr_63k:auto_generated|counter_comb_bita3                   ; combout          ;
; |g23_HMS_counter|lpm_counter:hours_counter|cntr_63k:auto_generated|counter_comb_bita3                   ; |g23_HMS_counter|lpm_counter:hours_counter|cntr_63k:auto_generated|counter_comb_bita3~COUT              ; cout             ;
; |g23_HMS_counter|lpm_counter:hours_counter|cntr_63k:auto_generated|counter_comb_bita4                   ; |g23_HMS_counter|lpm_counter:hours_counter|cntr_63k:auto_generated|counter_comb_bita4                   ; combout          ;
; |g23_HMS_counter|lpm_counter:hours_counter|cntr_63k:auto_generated|counter_comb_bita4                   ; |g23_HMS_counter|lpm_counter:hours_counter|cntr_63k:auto_generated|counter_comb_bita4~COUT              ; cout             ;
; |g23_HMS_counter|lpm_counter:hours_counter|cntr_63k:auto_generated|counter_reg_bit1a[4]                 ; |g23_HMS_counter|lpm_counter:hours_counter|cntr_63k:auto_generated|safe_q[4]                            ; regout           ;
; |g23_HMS_counter|lpm_counter:hours_counter|cntr_63k:auto_generated|counter_reg_bit1a[3]                 ; |g23_HMS_counter|lpm_counter:hours_counter|cntr_63k:auto_generated|safe_q[3]                            ; regout           ;
; |g23_HMS_counter|lpm_counter:hours_counter|cntr_63k:auto_generated|counter_reg_bit1a[2]                 ; |g23_HMS_counter|lpm_counter:hours_counter|cntr_63k:auto_generated|safe_q[2]                            ; regout           ;
; |g23_HMS_counter|lpm_counter:hours_counter|cntr_63k:auto_generated|counter_reg_bit1a[1]                 ; |g23_HMS_counter|lpm_counter:hours_counter|cntr_63k:auto_generated|safe_q[1]                            ; regout           ;
; |g23_HMS_counter|lpm_counter:hours_counter|cntr_63k:auto_generated|counter_reg_bit1a[0]                 ; |g23_HMS_counter|lpm_counter:hours_counter|cntr_63k:auto_generated|safe_q[0]                            ; regout           ;
; |g23_HMS_counter|lpm_counter:hours_counter|cntr_63k:auto_generated|cmpr_9cc:cmpr2|aneb_result_wire[0]~0 ; |g23_HMS_counter|lpm_counter:hours_counter|cntr_63k:auto_generated|cmpr_9cc:cmpr2|aneb_result_wire[0]~0 ; out0             ;
; |g23_HMS_counter|lpm_counter:hours_counter|cntr_63k:auto_generated|cmpr_9cc:cmpr2|aneb_result_wire[0]   ; |g23_HMS_counter|lpm_counter:hours_counter|cntr_63k:auto_generated|cmpr_9cc:cmpr2|aneb_result_wire[0]   ; out0             ;
; |g23_HMS_counter|lpm_counter:hours_counter|cntr_63k:auto_generated|cmpr_9cc:cmpr2|data_wire[1]          ; |g23_HMS_counter|lpm_counter:hours_counter|cntr_63k:auto_generated|cmpr_9cc:cmpr2|data_wire[1]          ; out0             ;
; |g23_HMS_counter|lpm_counter:hours_counter|cntr_63k:auto_generated|cmpr_9cc:cmpr2|data_wire[0]          ; |g23_HMS_counter|lpm_counter:hours_counter|cntr_63k:auto_generated|cmpr_9cc:cmpr2|data_wire[0]          ; out0             ;
; |g23_HMS_counter|Equal0~0                                                                               ; |g23_HMS_counter|Equal0~0                                                                               ; out0             ;
+---------------------------------------------------------------------------------------------------------+---------------------------------------------------------------------------------------------------------+------------------+


+---------------------+
; Simulator INI Usage ;
+--------+------------+
; Option ; Usage      ;
+--------+------------+


+--------------------+
; Simulator Messages ;
+--------------------+
Info: *******************************************************************
Info: Running Quartus II 64-Bit Simulator
    Info: Version 9.1 Build 350 03/24/2010 Service Pack 2 SJ Full Version
    Info: Processing started: Fri Mar 14 17:24:55 2014
Info: Command: quartus_sim --read_settings_files=on --write_settings_files=off g23_lab3 -c g23_lab3
Info: Using vector source file "C:/Users/cdesal/github/digital-system-design/lab3/g23_timer_test_bed.cvwf"
Info: Overwriting simulation input file with simulation results
    Info: A backup of g23_timer_test_bed.cvwf called g23_lab3.sim_ori.cvwf has been created in the db folder
Warning: Can't find node "earth_5_led[6]" for functional simulation. Ignored vector source file node.
Warning: Can't find node "earth_5_led[5]" for functional simulation. Ignored vector source file node.
Warning: Can't find node "earth_5_led[4]" for functional simulation. Ignored vector source file node.
Warning: Can't find node "earth_5_led[3]" for functional simulation. Ignored vector source file node.
Warning: Can't find node "earth_5_led[2]" for functional simulation. Ignored vector source file node.
Warning: Can't find node "earth_5_led[1]" for functional simulation. Ignored vector source file node.
Warning: Can't find node "earth_5_led[0]" for functional simulation. Ignored vector source file node.
Warning: Can't find node "earth_9_led[6]" for functional simulation. Ignored vector source file node.
Warning: Can't find node "earth_9_led[5]" for functional simulation. Ignored vector source file node.
Warning: Can't find node "earth_9_led[4]" for functional simulation. Ignored vector source file node.
Warning: Can't find node "earth_9_led[3]" for functional simulation. Ignored vector source file node.
Warning: Can't find node "earth_9_led[2]" for functional simulation. Ignored vector source file node.
Warning: Can't find node "earth_9_led[1]" for functional simulation. Ignored vector source file node.
Warning: Can't find node "earth_9_led[0]" for functional simulation. Ignored vector source file node.
Warning: Can't find node "mars_5_led[6]" for functional simulation. Ignored vector source file node.
Warning: Can't find node "mars_5_led[5]" for functional simulation. Ignored vector source file node.
Warning: Can't find node "mars_5_led[4]" for functional simulation. Ignored vector source file node.
Warning: Can't find node "mars_5_led[3]" for functional simulation. Ignored vector source file node.
Warning: Can't find node "mars_5_led[2]" for functional simulation. Ignored vector source file node.
Warning: Can't find node "mars_5_led[1]" for functional simulation. Ignored vector source file node.
Warning: Can't find node "mars_5_led[0]" for functional simulation. Ignored vector source file node.
Warning: Can't find node "mars_9_led[6]" for functional simulation. Ignored vector source file node.
Warning: Can't find node "mars_9_led[5]" for functional simulation. Ignored vector source file node.
Warning: Can't find node "mars_9_led[4]" for functional simulation. Ignored vector source file node.
Warning: Can't find node "mars_9_led[3]" for functional simulation. Ignored vector source file node.
Warning: Can't find node "mars_9_led[2]" for functional simulation. Ignored vector source file node.
Warning: Can't find node "mars_9_led[1]" for functional simulation. Ignored vector source file node.
Warning: Can't find node "mars_9_led[0]" for functional simulation. Ignored vector source file node.
Warning: Can't find signal in vector source file for input pin "|g23_HMS_counter|h_set[0]"
Warning: Can't find signal in vector source file for input pin "|g23_HMS_counter|h_set[1]"
Warning: Can't find signal in vector source file for input pin "|g23_HMS_counter|h_set[2]"
Warning: Can't find signal in vector source file for input pin "|g23_HMS_counter|h_set[3]"
Warning: Can't find signal in vector source file for input pin "|g23_HMS_counter|h_set[4]"
Warning: Can't find signal in vector source file for input pin "|g23_HMS_counter|m_set[0]"
Warning: Can't find signal in vector source file for input pin "|g23_HMS_counter|m_set[1]"
Warning: Can't find signal in vector source file for input pin "|g23_HMS_counter|m_set[2]"
Warning: Can't find signal in vector source file for input pin "|g23_HMS_counter|m_set[3]"
Warning: Can't find signal in vector source file for input pin "|g23_HMS_counter|m_set[4]"
Warning: Can't find signal in vector source file for input pin "|g23_HMS_counter|m_set[5]"
Warning: Can't find signal in vector source file for input pin "|g23_HMS_counter|s_set[0]"
Warning: Can't find signal in vector source file for input pin "|g23_HMS_counter|s_set[1]"
Warning: Can't find signal in vector source file for input pin "|g23_HMS_counter|s_set[2]"
Warning: Can't find signal in vector source file for input pin "|g23_HMS_counter|s_set[3]"
Warning: Can't find signal in vector source file for input pin "|g23_HMS_counter|s_set[4]"
Warning: Can't find signal in vector source file for input pin "|g23_HMS_counter|s_set[5]"
Warning: Can't find signal in vector source file for input pin "|g23_HMS_counter|load_enable"
Warning: Can't find signal in vector source file for input pin "|g23_HMS_counter|count_enable"
Warning: Can't find signal in vector source file for input pin "|g23_HMS_counter|sec_clock"
Info: Option to preserve fewer signal transitions to reduce memory requirements is enabled
    Info: Simulation has been partitioned into sub-simulations according to the maximum transition count determined by the engine. Transitions from memory will be flushed out to disk at the end of each sub-simulation to reduce memory requirements.
Info: Simulation partitioned into 1 sub-simulations
Info: Simulation coverage is      67.39 %
Info: Number of transitions in simulation is 1543291
Info: Quartus II 64-Bit Simulator was successful. 0 errors, 48 warnings
    Info: Peak virtual memory: 175 megabytes
    Info: Processing ended: Fri Mar 14 17:25:02 2014
    Info: Elapsed time: 00:00:07
    Info: Total CPU time (on all processors): 00:00:04


