Classic Timing Analyzer report for g23_lab3
Fri Mar 14 17:22:48 2014
Quartus II 64-Bit Version 9.1 Build 350 03/24/2010 Service Pack 2 SJ Full Version


---------------------
; Table of Contents ;
---------------------
  1. Legal Notice
  2. Timing Analyzer Summary
  3. Timing Analyzer Settings
  4. Clock Settings Summary
  5. Parallel Compilation
  6. Clock Setup: 'clk'
  7. tsu
  8. tco
  9. th
 10. Timing Analyzer Messages



----------------
; Legal Notice ;
----------------
Copyright (C) 1991-2010 Altera Corporation
Your use of Altera Corporation's design tools, logic functions 
and other software and tools, and its AMPP partner logic 
functions, and any output files from any of the foregoing 
(including device programming or simulation files), and any 
associated documentation or information are expressly subject 
to the terms and conditions of the Altera Program License 
Subscription Agreement, Altera MegaCore Function License 
Agreement, or other applicable license agreement, including, 
without limitation, that your use is for the sole purpose of 
programming logic devices manufactured by Altera and sold by 
Altera or its authorized distributors.  Please refer to the 
applicable agreement for further details.



+----------------------------------------------------------------------------------------------------------------------------------------------------------------------------------------------------------------------------------------------------------------+
; Timing Analyzer Summary                                                                                                                                                                                                                                        ;
+------------------------------+-------+---------------+----------------------------------+---------------------------------------------------------------+---------------------------------------------------------------+------------+----------+--------------+
; Type                         ; Slack ; Required Time ; Actual Time                      ; From                                                          ; To                                                            ; From Clock ; To Clock ; Failed Paths ;
+------------------------------+-------+---------------+----------------------------------+---------------------------------------------------------------+---------------------------------------------------------------+------------+----------+--------------+
; Worst-case tsu               ; N/A   ; None          ; 6.135 ns                         ; sec_clock                                                     ; lpm_counter:hours_counter|cntr_63k:auto_generated|safe_q[1]   ; --         ; clk      ; 0            ;
; Worst-case tco               ; N/A   ; None          ; 8.911 ns                         ; lpm_counter:hours_counter|cntr_63k:auto_generated|safe_q[0]   ; end_of_day                                                    ; clk        ; --       ; 0            ;
; Worst-case th                ; N/A   ; None          ; -4.601 ns                        ; sec_clock                                                     ; lpm_counter:seconds_counter|cntr_73k:auto_generated|safe_q[4] ; --         ; clk      ; 0            ;
; Clock Setup: 'clk'           ; N/A   ; None          ; 244.14 MHz ( period = 4.096 ns ) ; lpm_counter:seconds_counter|cntr_73k:auto_generated|safe_q[0] ; lpm_counter:seconds_counter|cntr_73k:auto_generated|safe_q[4] ; clk        ; clk      ; 0            ;
; Total number of failed paths ;       ;               ;                                  ;                                                               ;                                                               ;            ;          ; 0            ;
+------------------------------+-------+---------------+----------------------------------+---------------------------------------------------------------+---------------------------------------------------------------+------------+----------+--------------+


+-----------------------------------------------------------------------------------------------------------------------------------------------------+
; Timing Analyzer Settings                                                                                                                            ;
+------------------------------------------------------------------------------------------------------+--------------------+------+----+-------------+
; Option                                                                                               ; Setting            ; From ; To ; Entity Name ;
+------------------------------------------------------------------------------------------------------+--------------------+------+----+-------------+
; Device Name                                                                                          ; EP2C20F484C7       ;      ;    ;             ;
; Timing Models                                                                                        ; Final              ;      ;    ;             ;
; Default hold multicycle                                                                              ; Same as Multicycle ;      ;    ;             ;
; Cut paths between unrelated clock domains                                                            ; On                 ;      ;    ;             ;
; Cut off read during write signal paths                                                               ; On                 ;      ;    ;             ;
; Cut off feedback from I/O pins                                                                       ; On                 ;      ;    ;             ;
; Report Combined Fast/Slow Timing                                                                     ; Off                ;      ;    ;             ;
; Ignore Clock Settings                                                                                ; Off                ;      ;    ;             ;
; Analyze latches as synchronous elements                                                              ; On                 ;      ;    ;             ;
; Enable Recovery/Removal analysis                                                                     ; Off                ;      ;    ;             ;
; Enable Clock Latency                                                                                 ; Off                ;      ;    ;             ;
; Use TimeQuest Timing Analyzer                                                                        ; Off                ;      ;    ;             ;
; Minimum Core Junction Temperature                                                                    ; 0                  ;      ;    ;             ;
; Maximum Core Junction Temperature                                                                    ; 85                 ;      ;    ;             ;
; Number of source nodes to report per destination node                                                ; 10                 ;      ;    ;             ;
; Number of destination nodes to report                                                                ; 10                 ;      ;    ;             ;
; Number of paths to report                                                                            ; 200                ;      ;    ;             ;
; Report Minimum Timing Checks                                                                         ; Off                ;      ;    ;             ;
; Use Fast Timing Models                                                                               ; Off                ;      ;    ;             ;
; Report IO Paths Separately                                                                           ; Off                ;      ;    ;             ;
; Perform Multicorner Analysis                                                                         ; On                 ;      ;    ;             ;
; Reports the worst-case path for each clock domain and analysis                                       ; Off                ;      ;    ;             ;
; Reports worst-case timing paths for each clock domain and analysis                                   ; On                 ;      ;    ;             ;
; Specifies the maximum number of worst-case timing paths to report for each clock domain and analysis ; 100                ;      ;    ;             ;
; Removes common clock path pessimism (CCPP) during slack computation                                  ; Off                ;      ;    ;             ;
; Output I/O Timing Endpoint                                                                           ; Near End           ;      ;    ;             ;
+------------------------------------------------------------------------------------------------------+--------------------+------+----+-------------+


+------------------------------------------------------------------------------------------------------------------------------------------------------------------------------------+
; Clock Settings Summary                                                                                                                                                             ;
+-----------------+--------------------+----------+------------------+---------------+--------------+----------+-----------------------+---------------------+--------+--------------+
; Clock Node Name ; Clock Setting Name ; Type     ; Fmax Requirement ; Early Latency ; Late Latency ; Based on ; Multiply Base Fmax by ; Divide Base Fmax by ; Offset ; Phase offset ;
+-----------------+--------------------+----------+------------------+---------------+--------------+----------+-----------------------+---------------------+--------+--------------+
; clk             ;                    ; User Pin ; None             ; 0.000 ns      ; 0.000 ns     ; --       ; N/A                   ; N/A                 ; N/A    ;              ;
+-----------------+--------------------+----------+------------------+---------------+--------------+----------+-----------------------+---------------------+--------+--------------+


+------------------------------------------+
; Parallel Compilation                     ;
+----------------------------+-------------+
; Processors                 ; Number      ;
+----------------------------+-------------+
; Number detected on machine ; 4           ;
; Maximum allowed            ; 4           ;
;                            ;             ;
; Average used               ; 1.00        ;
; Maximum used               ; 1           ;
;                            ;             ;
; Usage by Processor         ; % Time Used ;
;     1 processor            ; 100.0%      ;
;     2-4 processors         ;   0.0%      ;
+----------------------------+-------------+


+----------------------------------------------------------------------------------------------------------------------------------------------------------------------------------------------------------------------------------------------------------------------------------------------------+
; Clock Setup: 'clk'                                                                                                                                                                                                                                                                                 ;
+-------+------------------------------------------------+---------------------------------------------------------------+---------------------------------------------------------------+------------+----------+-----------------------------+---------------------------+-------------------------+
; Slack ; Actual fmax (period)                           ; From                                                          ; To                                                            ; From Clock ; To Clock ; Required Setup Relationship ; Required Longest P2P Time ; Actual Longest P2P Time ;
+-------+------------------------------------------------+---------------------------------------------------------------+---------------------------------------------------------------+------------+----------+-----------------------------+---------------------------+-------------------------+
; N/A   ; 244.14 MHz ( period = 4.096 ns )               ; lpm_counter:seconds_counter|cntr_73k:auto_generated|safe_q[0] ; lpm_counter:seconds_counter|cntr_73k:auto_generated|safe_q[1] ; clk        ; clk      ; None                        ; None                      ; 3.857 ns                ;
; N/A   ; 244.14 MHz ( period = 4.096 ns )               ; lpm_counter:seconds_counter|cntr_73k:auto_generated|safe_q[0] ; lpm_counter:seconds_counter|cntr_73k:auto_generated|safe_q[0] ; clk        ; clk      ; None                        ; None                      ; 3.857 ns                ;
; N/A   ; 244.14 MHz ( period = 4.096 ns )               ; lpm_counter:seconds_counter|cntr_73k:auto_generated|safe_q[0] ; lpm_counter:seconds_counter|cntr_73k:auto_generated|safe_q[2] ; clk        ; clk      ; None                        ; None                      ; 3.857 ns                ;
; N/A   ; 244.14 MHz ( period = 4.096 ns )               ; lpm_counter:seconds_counter|cntr_73k:auto_generated|safe_q[0] ; lpm_counter:seconds_counter|cntr_73k:auto_generated|safe_q[3] ; clk        ; clk      ; None                        ; None                      ; 3.857 ns                ;
; N/A   ; 244.14 MHz ( period = 4.096 ns )               ; lpm_counter:seconds_counter|cntr_73k:auto_generated|safe_q[0] ; lpm_counter:seconds_counter|cntr_73k:auto_generated|safe_q[5] ; clk        ; clk      ; None                        ; None                      ; 3.857 ns                ;
; N/A   ; 244.14 MHz ( period = 4.096 ns )               ; lpm_counter:seconds_counter|cntr_73k:auto_generated|safe_q[0] ; lpm_counter:seconds_counter|cntr_73k:auto_generated|safe_q[4] ; clk        ; clk      ; None                        ; None                      ; 3.857 ns                ;
; N/A   ; 246.49 MHz ( period = 4.057 ns )               ; lpm_counter:seconds_counter|cntr_73k:auto_generated|safe_q[1] ; lpm_counter:seconds_counter|cntr_73k:auto_generated|safe_q[1] ; clk        ; clk      ; None                        ; None                      ; 3.818 ns                ;
; N/A   ; 246.49 MHz ( period = 4.057 ns )               ; lpm_counter:seconds_counter|cntr_73k:auto_generated|safe_q[1] ; lpm_counter:seconds_counter|cntr_73k:auto_generated|safe_q[0] ; clk        ; clk      ; None                        ; None                      ; 3.818 ns                ;
; N/A   ; 246.49 MHz ( period = 4.057 ns )               ; lpm_counter:seconds_counter|cntr_73k:auto_generated|safe_q[1] ; lpm_counter:seconds_counter|cntr_73k:auto_generated|safe_q[2] ; clk        ; clk      ; None                        ; None                      ; 3.818 ns                ;
; N/A   ; 246.49 MHz ( period = 4.057 ns )               ; lpm_counter:seconds_counter|cntr_73k:auto_generated|safe_q[1] ; lpm_counter:seconds_counter|cntr_73k:auto_generated|safe_q[3] ; clk        ; clk      ; None                        ; None                      ; 3.818 ns                ;
; N/A   ; 246.49 MHz ( period = 4.057 ns )               ; lpm_counter:seconds_counter|cntr_73k:auto_generated|safe_q[1] ; lpm_counter:seconds_counter|cntr_73k:auto_generated|safe_q[5] ; clk        ; clk      ; None                        ; None                      ; 3.818 ns                ;
; N/A   ; 246.49 MHz ( period = 4.057 ns )               ; lpm_counter:seconds_counter|cntr_73k:auto_generated|safe_q[1] ; lpm_counter:seconds_counter|cntr_73k:auto_generated|safe_q[4] ; clk        ; clk      ; None                        ; None                      ; 3.818 ns                ;
; N/A   ; 254.00 MHz ( period = 3.937 ns )               ; lpm_counter:seconds_counter|cntr_73k:auto_generated|safe_q[2] ; lpm_counter:seconds_counter|cntr_73k:auto_generated|safe_q[1] ; clk        ; clk      ; None                        ; None                      ; 3.698 ns                ;
; N/A   ; 254.00 MHz ( period = 3.937 ns )               ; lpm_counter:seconds_counter|cntr_73k:auto_generated|safe_q[2] ; lpm_counter:seconds_counter|cntr_73k:auto_generated|safe_q[0] ; clk        ; clk      ; None                        ; None                      ; 3.698 ns                ;
; N/A   ; 254.00 MHz ( period = 3.937 ns )               ; lpm_counter:seconds_counter|cntr_73k:auto_generated|safe_q[2] ; lpm_counter:seconds_counter|cntr_73k:auto_generated|safe_q[2] ; clk        ; clk      ; None                        ; None                      ; 3.698 ns                ;
; N/A   ; 254.00 MHz ( period = 3.937 ns )               ; lpm_counter:seconds_counter|cntr_73k:auto_generated|safe_q[2] ; lpm_counter:seconds_counter|cntr_73k:auto_generated|safe_q[3] ; clk        ; clk      ; None                        ; None                      ; 3.698 ns                ;
; N/A   ; 254.00 MHz ( period = 3.937 ns )               ; lpm_counter:seconds_counter|cntr_73k:auto_generated|safe_q[2] ; lpm_counter:seconds_counter|cntr_73k:auto_generated|safe_q[5] ; clk        ; clk      ; None                        ; None                      ; 3.698 ns                ;
; N/A   ; 254.00 MHz ( period = 3.937 ns )               ; lpm_counter:seconds_counter|cntr_73k:auto_generated|safe_q[2] ; lpm_counter:seconds_counter|cntr_73k:auto_generated|safe_q[4] ; clk        ; clk      ; None                        ; None                      ; 3.698 ns                ;
; N/A   ; 256.61 MHz ( period = 3.897 ns )               ; lpm_counter:seconds_counter|cntr_73k:auto_generated|safe_q[3] ; lpm_counter:seconds_counter|cntr_73k:auto_generated|safe_q[1] ; clk        ; clk      ; None                        ; None                      ; 3.658 ns                ;
; N/A   ; 256.61 MHz ( period = 3.897 ns )               ; lpm_counter:seconds_counter|cntr_73k:auto_generated|safe_q[3] ; lpm_counter:seconds_counter|cntr_73k:auto_generated|safe_q[0] ; clk        ; clk      ; None                        ; None                      ; 3.658 ns                ;
; N/A   ; 256.61 MHz ( period = 3.897 ns )               ; lpm_counter:seconds_counter|cntr_73k:auto_generated|safe_q[3] ; lpm_counter:seconds_counter|cntr_73k:auto_generated|safe_q[2] ; clk        ; clk      ; None                        ; None                      ; 3.658 ns                ;
; N/A   ; 256.61 MHz ( period = 3.897 ns )               ; lpm_counter:seconds_counter|cntr_73k:auto_generated|safe_q[3] ; lpm_counter:seconds_counter|cntr_73k:auto_generated|safe_q[3] ; clk        ; clk      ; None                        ; None                      ; 3.658 ns                ;
; N/A   ; 256.61 MHz ( period = 3.897 ns )               ; lpm_counter:seconds_counter|cntr_73k:auto_generated|safe_q[3] ; lpm_counter:seconds_counter|cntr_73k:auto_generated|safe_q[5] ; clk        ; clk      ; None                        ; None                      ; 3.658 ns                ;
; N/A   ; 256.61 MHz ( period = 3.897 ns )               ; lpm_counter:seconds_counter|cntr_73k:auto_generated|safe_q[3] ; lpm_counter:seconds_counter|cntr_73k:auto_generated|safe_q[4] ; clk        ; clk      ; None                        ; None                      ; 3.658 ns                ;
; N/A   ; 261.99 MHz ( period = 3.817 ns )               ; lpm_counter:seconds_counter|cntr_73k:auto_generated|safe_q[4] ; lpm_counter:seconds_counter|cntr_73k:auto_generated|safe_q[1] ; clk        ; clk      ; None                        ; None                      ; 3.578 ns                ;
; N/A   ; 261.99 MHz ( period = 3.817 ns )               ; lpm_counter:seconds_counter|cntr_73k:auto_generated|safe_q[4] ; lpm_counter:seconds_counter|cntr_73k:auto_generated|safe_q[0] ; clk        ; clk      ; None                        ; None                      ; 3.578 ns                ;
; N/A   ; 261.99 MHz ( period = 3.817 ns )               ; lpm_counter:seconds_counter|cntr_73k:auto_generated|safe_q[4] ; lpm_counter:seconds_counter|cntr_73k:auto_generated|safe_q[2] ; clk        ; clk      ; None                        ; None                      ; 3.578 ns                ;
; N/A   ; 261.99 MHz ( period = 3.817 ns )               ; lpm_counter:seconds_counter|cntr_73k:auto_generated|safe_q[4] ; lpm_counter:seconds_counter|cntr_73k:auto_generated|safe_q[3] ; clk        ; clk      ; None                        ; None                      ; 3.578 ns                ;
; N/A   ; 261.99 MHz ( period = 3.817 ns )               ; lpm_counter:seconds_counter|cntr_73k:auto_generated|safe_q[4] ; lpm_counter:seconds_counter|cntr_73k:auto_generated|safe_q[5] ; clk        ; clk      ; None                        ; None                      ; 3.578 ns                ;
; N/A   ; 261.99 MHz ( period = 3.817 ns )               ; lpm_counter:seconds_counter|cntr_73k:auto_generated|safe_q[4] ; lpm_counter:seconds_counter|cntr_73k:auto_generated|safe_q[4] ; clk        ; clk      ; None                        ; None                      ; 3.578 ns                ;
; N/A   ; 269.98 MHz ( period = 3.704 ns )               ; lpm_counter:seconds_counter|cntr_73k:auto_generated|safe_q[5] ; lpm_counter:seconds_counter|cntr_73k:auto_generated|safe_q[1] ; clk        ; clk      ; None                        ; None                      ; 3.465 ns                ;
; N/A   ; 269.98 MHz ( period = 3.704 ns )               ; lpm_counter:seconds_counter|cntr_73k:auto_generated|safe_q[5] ; lpm_counter:seconds_counter|cntr_73k:auto_generated|safe_q[0] ; clk        ; clk      ; None                        ; None                      ; 3.465 ns                ;
; N/A   ; 269.98 MHz ( period = 3.704 ns )               ; lpm_counter:seconds_counter|cntr_73k:auto_generated|safe_q[5] ; lpm_counter:seconds_counter|cntr_73k:auto_generated|safe_q[2] ; clk        ; clk      ; None                        ; None                      ; 3.465 ns                ;
; N/A   ; 269.98 MHz ( period = 3.704 ns )               ; lpm_counter:seconds_counter|cntr_73k:auto_generated|safe_q[5] ; lpm_counter:seconds_counter|cntr_73k:auto_generated|safe_q[3] ; clk        ; clk      ; None                        ; None                      ; 3.465 ns                ;
; N/A   ; 269.98 MHz ( period = 3.704 ns )               ; lpm_counter:seconds_counter|cntr_73k:auto_generated|safe_q[5] ; lpm_counter:seconds_counter|cntr_73k:auto_generated|safe_q[5] ; clk        ; clk      ; None                        ; None                      ; 3.465 ns                ;
; N/A   ; 269.98 MHz ( period = 3.704 ns )               ; lpm_counter:seconds_counter|cntr_73k:auto_generated|safe_q[5] ; lpm_counter:seconds_counter|cntr_73k:auto_generated|safe_q[4] ; clk        ; clk      ; None                        ; None                      ; 3.465 ns                ;
; N/A   ; 289.77 MHz ( period = 3.451 ns )               ; lpm_counter:minutes_counter|cntr_73k:auto_generated|safe_q[0] ; lpm_counter:minutes_counter|cntr_73k:auto_generated|safe_q[0] ; clk        ; clk      ; None                        ; None                      ; 3.212 ns                ;
; N/A   ; 289.77 MHz ( period = 3.451 ns )               ; lpm_counter:minutes_counter|cntr_73k:auto_generated|safe_q[0] ; lpm_counter:minutes_counter|cntr_73k:auto_generated|safe_q[1] ; clk        ; clk      ; None                        ; None                      ; 3.212 ns                ;
; N/A   ; 289.77 MHz ( period = 3.451 ns )               ; lpm_counter:minutes_counter|cntr_73k:auto_generated|safe_q[0] ; lpm_counter:minutes_counter|cntr_73k:auto_generated|safe_q[5] ; clk        ; clk      ; None                        ; None                      ; 3.212 ns                ;
; N/A   ; 289.77 MHz ( period = 3.451 ns )               ; lpm_counter:minutes_counter|cntr_73k:auto_generated|safe_q[0] ; lpm_counter:minutes_counter|cntr_73k:auto_generated|safe_q[4] ; clk        ; clk      ; None                        ; None                      ; 3.212 ns                ;
; N/A   ; 289.77 MHz ( period = 3.451 ns )               ; lpm_counter:minutes_counter|cntr_73k:auto_generated|safe_q[0] ; lpm_counter:minutes_counter|cntr_73k:auto_generated|safe_q[2] ; clk        ; clk      ; None                        ; None                      ; 3.212 ns                ;
; N/A   ; 289.77 MHz ( period = 3.451 ns )               ; lpm_counter:minutes_counter|cntr_73k:auto_generated|safe_q[0] ; lpm_counter:minutes_counter|cntr_73k:auto_generated|safe_q[3] ; clk        ; clk      ; None                        ; None                      ; 3.212 ns                ;
; N/A   ; 292.57 MHz ( period = 3.418 ns )               ; lpm_counter:hours_counter|cntr_63k:auto_generated|safe_q[0]   ; lpm_counter:hours_counter|cntr_63k:auto_generated|safe_q[0]   ; clk        ; clk      ; None                        ; None                      ; 3.179 ns                ;
; N/A   ; 292.57 MHz ( period = 3.418 ns )               ; lpm_counter:hours_counter|cntr_63k:auto_generated|safe_q[0]   ; lpm_counter:hours_counter|cntr_63k:auto_generated|safe_q[2]   ; clk        ; clk      ; None                        ; None                      ; 3.179 ns                ;
; N/A   ; 292.57 MHz ( period = 3.418 ns )               ; lpm_counter:hours_counter|cntr_63k:auto_generated|safe_q[0]   ; lpm_counter:hours_counter|cntr_63k:auto_generated|safe_q[3]   ; clk        ; clk      ; None                        ; None                      ; 3.179 ns                ;
; N/A   ; 292.57 MHz ( period = 3.418 ns )               ; lpm_counter:hours_counter|cntr_63k:auto_generated|safe_q[0]   ; lpm_counter:hours_counter|cntr_63k:auto_generated|safe_q[4]   ; clk        ; clk      ; None                        ; None                      ; 3.179 ns                ;
; N/A   ; 292.57 MHz ( period = 3.418 ns )               ; lpm_counter:hours_counter|cntr_63k:auto_generated|safe_q[0]   ; lpm_counter:hours_counter|cntr_63k:auto_generated|safe_q[1]   ; clk        ; clk      ; None                        ; None                      ; 3.179 ns                ;
; N/A   ; 296.38 MHz ( period = 3.374 ns )               ; lpm_counter:minutes_counter|cntr_73k:auto_generated|safe_q[1] ; lpm_counter:minutes_counter|cntr_73k:auto_generated|safe_q[0] ; clk        ; clk      ; None                        ; None                      ; 3.135 ns                ;
; N/A   ; 296.38 MHz ( period = 3.374 ns )               ; lpm_counter:minutes_counter|cntr_73k:auto_generated|safe_q[1] ; lpm_counter:minutes_counter|cntr_73k:auto_generated|safe_q[1] ; clk        ; clk      ; None                        ; None                      ; 3.135 ns                ;
; N/A   ; 296.38 MHz ( period = 3.374 ns )               ; lpm_counter:minutes_counter|cntr_73k:auto_generated|safe_q[1] ; lpm_counter:minutes_counter|cntr_73k:auto_generated|safe_q[5] ; clk        ; clk      ; None                        ; None                      ; 3.135 ns                ;
; N/A   ; 296.38 MHz ( period = 3.374 ns )               ; lpm_counter:minutes_counter|cntr_73k:auto_generated|safe_q[1] ; lpm_counter:minutes_counter|cntr_73k:auto_generated|safe_q[4] ; clk        ; clk      ; None                        ; None                      ; 3.135 ns                ;
; N/A   ; 296.38 MHz ( period = 3.374 ns )               ; lpm_counter:minutes_counter|cntr_73k:auto_generated|safe_q[1] ; lpm_counter:minutes_counter|cntr_73k:auto_generated|safe_q[2] ; clk        ; clk      ; None                        ; None                      ; 3.135 ns                ;
; N/A   ; 296.38 MHz ( period = 3.374 ns )               ; lpm_counter:minutes_counter|cntr_73k:auto_generated|safe_q[1] ; lpm_counter:minutes_counter|cntr_73k:auto_generated|safe_q[3] ; clk        ; clk      ; None                        ; None                      ; 3.135 ns                ;
; N/A   ; 302.39 MHz ( period = 3.307 ns )               ; lpm_counter:minutes_counter|cntr_73k:auto_generated|safe_q[2] ; lpm_counter:minutes_counter|cntr_73k:auto_generated|safe_q[0] ; clk        ; clk      ; None                        ; None                      ; 3.068 ns                ;
; N/A   ; 302.39 MHz ( period = 3.307 ns )               ; lpm_counter:minutes_counter|cntr_73k:auto_generated|safe_q[2] ; lpm_counter:minutes_counter|cntr_73k:auto_generated|safe_q[1] ; clk        ; clk      ; None                        ; None                      ; 3.068 ns                ;
; N/A   ; 302.39 MHz ( period = 3.307 ns )               ; lpm_counter:minutes_counter|cntr_73k:auto_generated|safe_q[2] ; lpm_counter:minutes_counter|cntr_73k:auto_generated|safe_q[5] ; clk        ; clk      ; None                        ; None                      ; 3.068 ns                ;
; N/A   ; 302.39 MHz ( period = 3.307 ns )               ; lpm_counter:minutes_counter|cntr_73k:auto_generated|safe_q[2] ; lpm_counter:minutes_counter|cntr_73k:auto_generated|safe_q[4] ; clk        ; clk      ; None                        ; None                      ; 3.068 ns                ;
; N/A   ; 302.39 MHz ( period = 3.307 ns )               ; lpm_counter:minutes_counter|cntr_73k:auto_generated|safe_q[2] ; lpm_counter:minutes_counter|cntr_73k:auto_generated|safe_q[2] ; clk        ; clk      ; None                        ; None                      ; 3.068 ns                ;
; N/A   ; 302.39 MHz ( period = 3.307 ns )               ; lpm_counter:minutes_counter|cntr_73k:auto_generated|safe_q[2] ; lpm_counter:minutes_counter|cntr_73k:auto_generated|safe_q[3] ; clk        ; clk      ; None                        ; None                      ; 3.068 ns                ;
; N/A   ; 304.14 MHz ( period = 3.288 ns )               ; lpm_counter:hours_counter|cntr_63k:auto_generated|safe_q[1]   ; lpm_counter:hours_counter|cntr_63k:auto_generated|safe_q[0]   ; clk        ; clk      ; None                        ; None                      ; 3.049 ns                ;
; N/A   ; 304.14 MHz ( period = 3.288 ns )               ; lpm_counter:hours_counter|cntr_63k:auto_generated|safe_q[1]   ; lpm_counter:hours_counter|cntr_63k:auto_generated|safe_q[2]   ; clk        ; clk      ; None                        ; None                      ; 3.049 ns                ;
; N/A   ; 304.14 MHz ( period = 3.288 ns )               ; lpm_counter:hours_counter|cntr_63k:auto_generated|safe_q[1]   ; lpm_counter:hours_counter|cntr_63k:auto_generated|safe_q[3]   ; clk        ; clk      ; None                        ; None                      ; 3.049 ns                ;
; N/A   ; 304.14 MHz ( period = 3.288 ns )               ; lpm_counter:hours_counter|cntr_63k:auto_generated|safe_q[1]   ; lpm_counter:hours_counter|cntr_63k:auto_generated|safe_q[4]   ; clk        ; clk      ; None                        ; None                      ; 3.049 ns                ;
; N/A   ; 304.14 MHz ( period = 3.288 ns )               ; lpm_counter:hours_counter|cntr_63k:auto_generated|safe_q[1]   ; lpm_counter:hours_counter|cntr_63k:auto_generated|safe_q[1]   ; clk        ; clk      ; None                        ; None                      ; 3.049 ns                ;
; N/A   ; 305.72 MHz ( period = 3.271 ns )               ; lpm_counter:minutes_counter|cntr_73k:auto_generated|safe_q[3] ; lpm_counter:minutes_counter|cntr_73k:auto_generated|safe_q[0] ; clk        ; clk      ; None                        ; None                      ; 3.032 ns                ;
; N/A   ; 305.72 MHz ( period = 3.271 ns )               ; lpm_counter:minutes_counter|cntr_73k:auto_generated|safe_q[3] ; lpm_counter:minutes_counter|cntr_73k:auto_generated|safe_q[1] ; clk        ; clk      ; None                        ; None                      ; 3.032 ns                ;
; N/A   ; 305.72 MHz ( period = 3.271 ns )               ; lpm_counter:minutes_counter|cntr_73k:auto_generated|safe_q[3] ; lpm_counter:minutes_counter|cntr_73k:auto_generated|safe_q[5] ; clk        ; clk      ; None                        ; None                      ; 3.032 ns                ;
; N/A   ; 305.72 MHz ( period = 3.271 ns )               ; lpm_counter:minutes_counter|cntr_73k:auto_generated|safe_q[3] ; lpm_counter:minutes_counter|cntr_73k:auto_generated|safe_q[4] ; clk        ; clk      ; None                        ; None                      ; 3.032 ns                ;
; N/A   ; 305.72 MHz ( period = 3.271 ns )               ; lpm_counter:minutes_counter|cntr_73k:auto_generated|safe_q[3] ; lpm_counter:minutes_counter|cntr_73k:auto_generated|safe_q[2] ; clk        ; clk      ; None                        ; None                      ; 3.032 ns                ;
; N/A   ; 305.72 MHz ( period = 3.271 ns )               ; lpm_counter:minutes_counter|cntr_73k:auto_generated|safe_q[3] ; lpm_counter:minutes_counter|cntr_73k:auto_generated|safe_q[3] ; clk        ; clk      ; None                        ; None                      ; 3.032 ns                ;
; N/A   ; 306.75 MHz ( period = 3.260 ns )               ; lpm_counter:hours_counter|cntr_63k:auto_generated|safe_q[2]   ; lpm_counter:hours_counter|cntr_63k:auto_generated|safe_q[0]   ; clk        ; clk      ; None                        ; None                      ; 3.021 ns                ;
; N/A   ; 306.75 MHz ( period = 3.260 ns )               ; lpm_counter:hours_counter|cntr_63k:auto_generated|safe_q[2]   ; lpm_counter:hours_counter|cntr_63k:auto_generated|safe_q[2]   ; clk        ; clk      ; None                        ; None                      ; 3.021 ns                ;
; N/A   ; 306.75 MHz ( period = 3.260 ns )               ; lpm_counter:hours_counter|cntr_63k:auto_generated|safe_q[2]   ; lpm_counter:hours_counter|cntr_63k:auto_generated|safe_q[3]   ; clk        ; clk      ; None                        ; None                      ; 3.021 ns                ;
; N/A   ; 306.75 MHz ( period = 3.260 ns )               ; lpm_counter:hours_counter|cntr_63k:auto_generated|safe_q[2]   ; lpm_counter:hours_counter|cntr_63k:auto_generated|safe_q[4]   ; clk        ; clk      ; None                        ; None                      ; 3.021 ns                ;
; N/A   ; 306.75 MHz ( period = 3.260 ns )               ; lpm_counter:hours_counter|cntr_63k:auto_generated|safe_q[2]   ; lpm_counter:hours_counter|cntr_63k:auto_generated|safe_q[1]   ; clk        ; clk      ; None                        ; None                      ; 3.021 ns                ;
; N/A   ; 317.76 MHz ( period = 3.147 ns )               ; lpm_counter:minutes_counter|cntr_73k:auto_generated|safe_q[4] ; lpm_counter:minutes_counter|cntr_73k:auto_generated|safe_q[0] ; clk        ; clk      ; None                        ; None                      ; 2.908 ns                ;
; N/A   ; 317.76 MHz ( period = 3.147 ns )               ; lpm_counter:minutes_counter|cntr_73k:auto_generated|safe_q[4] ; lpm_counter:minutes_counter|cntr_73k:auto_generated|safe_q[1] ; clk        ; clk      ; None                        ; None                      ; 2.908 ns                ;
; N/A   ; 317.76 MHz ( period = 3.147 ns )               ; lpm_counter:minutes_counter|cntr_73k:auto_generated|safe_q[4] ; lpm_counter:minutes_counter|cntr_73k:auto_generated|safe_q[5] ; clk        ; clk      ; None                        ; None                      ; 2.908 ns                ;
; N/A   ; 317.76 MHz ( period = 3.147 ns )               ; lpm_counter:minutes_counter|cntr_73k:auto_generated|safe_q[4] ; lpm_counter:minutes_counter|cntr_73k:auto_generated|safe_q[4] ; clk        ; clk      ; None                        ; None                      ; 2.908 ns                ;
; N/A   ; 317.76 MHz ( period = 3.147 ns )               ; lpm_counter:minutes_counter|cntr_73k:auto_generated|safe_q[4] ; lpm_counter:minutes_counter|cntr_73k:auto_generated|safe_q[2] ; clk        ; clk      ; None                        ; None                      ; 2.908 ns                ;
; N/A   ; 317.76 MHz ( period = 3.147 ns )               ; lpm_counter:minutes_counter|cntr_73k:auto_generated|safe_q[4] ; lpm_counter:minutes_counter|cntr_73k:auto_generated|safe_q[3] ; clk        ; clk      ; None                        ; None                      ; 2.908 ns                ;
; N/A   ; 318.07 MHz ( period = 3.144 ns )               ; lpm_counter:minutes_counter|cntr_73k:auto_generated|safe_q[0] ; lpm_counter:hours_counter|cntr_63k:auto_generated|safe_q[0]   ; clk        ; clk      ; None                        ; None                      ; 2.909 ns                ;
; N/A   ; 318.07 MHz ( period = 3.144 ns )               ; lpm_counter:minutes_counter|cntr_73k:auto_generated|safe_q[0] ; lpm_counter:hours_counter|cntr_63k:auto_generated|safe_q[2]   ; clk        ; clk      ; None                        ; None                      ; 2.909 ns                ;
; N/A   ; 318.07 MHz ( period = 3.144 ns )               ; lpm_counter:minutes_counter|cntr_73k:auto_generated|safe_q[0] ; lpm_counter:hours_counter|cntr_63k:auto_generated|safe_q[3]   ; clk        ; clk      ; None                        ; None                      ; 2.909 ns                ;
; N/A   ; 318.07 MHz ( period = 3.144 ns )               ; lpm_counter:minutes_counter|cntr_73k:auto_generated|safe_q[0] ; lpm_counter:hours_counter|cntr_63k:auto_generated|safe_q[4]   ; clk        ; clk      ; None                        ; None                      ; 2.909 ns                ;
; N/A   ; 318.07 MHz ( period = 3.144 ns )               ; lpm_counter:minutes_counter|cntr_73k:auto_generated|safe_q[0] ; lpm_counter:hours_counter|cntr_63k:auto_generated|safe_q[1]   ; clk        ; clk      ; None                        ; None                      ; 2.909 ns                ;
; N/A   ; 319.69 MHz ( period = 3.128 ns )               ; lpm_counter:hours_counter|cntr_63k:auto_generated|safe_q[3]   ; lpm_counter:hours_counter|cntr_63k:auto_generated|safe_q[0]   ; clk        ; clk      ; None                        ; None                      ; 2.889 ns                ;
; N/A   ; 319.69 MHz ( period = 3.128 ns )               ; lpm_counter:hours_counter|cntr_63k:auto_generated|safe_q[3]   ; lpm_counter:hours_counter|cntr_63k:auto_generated|safe_q[2]   ; clk        ; clk      ; None                        ; None                      ; 2.889 ns                ;
; N/A   ; 319.69 MHz ( period = 3.128 ns )               ; lpm_counter:hours_counter|cntr_63k:auto_generated|safe_q[3]   ; lpm_counter:hours_counter|cntr_63k:auto_generated|safe_q[3]   ; clk        ; clk      ; None                        ; None                      ; 2.889 ns                ;
; N/A   ; 319.69 MHz ( period = 3.128 ns )               ; lpm_counter:hours_counter|cntr_63k:auto_generated|safe_q[3]   ; lpm_counter:hours_counter|cntr_63k:auto_generated|safe_q[4]   ; clk        ; clk      ; None                        ; None                      ; 2.889 ns                ;
; N/A   ; 319.69 MHz ( period = 3.128 ns )               ; lpm_counter:hours_counter|cntr_63k:auto_generated|safe_q[3]   ; lpm_counter:hours_counter|cntr_63k:auto_generated|safe_q[1]   ; clk        ; clk      ; None                        ; None                      ; 2.889 ns                ;
; N/A   ; 320.51 MHz ( period = 3.120 ns )               ; lpm_counter:minutes_counter|cntr_73k:auto_generated|safe_q[5] ; lpm_counter:hours_counter|cntr_63k:auto_generated|safe_q[0]   ; clk        ; clk      ; None                        ; None                      ; 2.885 ns                ;
; N/A   ; 320.51 MHz ( period = 3.120 ns )               ; lpm_counter:minutes_counter|cntr_73k:auto_generated|safe_q[5] ; lpm_counter:hours_counter|cntr_63k:auto_generated|safe_q[2]   ; clk        ; clk      ; None                        ; None                      ; 2.885 ns                ;
; N/A   ; 320.51 MHz ( period = 3.120 ns )               ; lpm_counter:minutes_counter|cntr_73k:auto_generated|safe_q[5] ; lpm_counter:hours_counter|cntr_63k:auto_generated|safe_q[3]   ; clk        ; clk      ; None                        ; None                      ; 2.885 ns                ;
; N/A   ; 320.51 MHz ( period = 3.120 ns )               ; lpm_counter:minutes_counter|cntr_73k:auto_generated|safe_q[5] ; lpm_counter:hours_counter|cntr_63k:auto_generated|safe_q[4]   ; clk        ; clk      ; None                        ; None                      ; 2.885 ns                ;
; N/A   ; 320.51 MHz ( period = 3.120 ns )               ; lpm_counter:minutes_counter|cntr_73k:auto_generated|safe_q[5] ; lpm_counter:hours_counter|cntr_63k:auto_generated|safe_q[1]   ; clk        ; clk      ; None                        ; None                      ; 2.885 ns                ;
; N/A   ; 321.44 MHz ( period = 3.111 ns )               ; lpm_counter:minutes_counter|cntr_73k:auto_generated|safe_q[5] ; lpm_counter:minutes_counter|cntr_73k:auto_generated|safe_q[0] ; clk        ; clk      ; None                        ; None                      ; 2.872 ns                ;
; N/A   ; 321.44 MHz ( period = 3.111 ns )               ; lpm_counter:minutes_counter|cntr_73k:auto_generated|safe_q[5] ; lpm_counter:minutes_counter|cntr_73k:auto_generated|safe_q[1] ; clk        ; clk      ; None                        ; None                      ; 2.872 ns                ;
; N/A   ; 321.44 MHz ( period = 3.111 ns )               ; lpm_counter:minutes_counter|cntr_73k:auto_generated|safe_q[5] ; lpm_counter:minutes_counter|cntr_73k:auto_generated|safe_q[5] ; clk        ; clk      ; None                        ; None                      ; 2.872 ns                ;
; N/A   ; 321.44 MHz ( period = 3.111 ns )               ; lpm_counter:minutes_counter|cntr_73k:auto_generated|safe_q[5] ; lpm_counter:minutes_counter|cntr_73k:auto_generated|safe_q[4] ; clk        ; clk      ; None                        ; None                      ; 2.872 ns                ;
; N/A   ; 321.44 MHz ( period = 3.111 ns )               ; lpm_counter:minutes_counter|cntr_73k:auto_generated|safe_q[5] ; lpm_counter:minutes_counter|cntr_73k:auto_generated|safe_q[2] ; clk        ; clk      ; None                        ; None                      ; 2.872 ns                ;
; N/A   ; 321.44 MHz ( period = 3.111 ns )               ; lpm_counter:minutes_counter|cntr_73k:auto_generated|safe_q[5] ; lpm_counter:minutes_counter|cntr_73k:auto_generated|safe_q[3] ; clk        ; clk      ; None                        ; None                      ; 2.872 ns                ;
; N/A   ; 322.16 MHz ( period = 3.104 ns )               ; lpm_counter:hours_counter|cntr_63k:auto_generated|safe_q[4]   ; lpm_counter:hours_counter|cntr_63k:auto_generated|safe_q[0]   ; clk        ; clk      ; None                        ; None                      ; 2.865 ns                ;
; N/A   ; 322.16 MHz ( period = 3.104 ns )               ; lpm_counter:hours_counter|cntr_63k:auto_generated|safe_q[4]   ; lpm_counter:hours_counter|cntr_63k:auto_generated|safe_q[2]   ; clk        ; clk      ; None                        ; None                      ; 2.865 ns                ;
; N/A   ; 322.16 MHz ( period = 3.104 ns )               ; lpm_counter:hours_counter|cntr_63k:auto_generated|safe_q[4]   ; lpm_counter:hours_counter|cntr_63k:auto_generated|safe_q[3]   ; clk        ; clk      ; None                        ; None                      ; 2.865 ns                ;
; N/A   ; 322.16 MHz ( period = 3.104 ns )               ; lpm_counter:hours_counter|cntr_63k:auto_generated|safe_q[4]   ; lpm_counter:hours_counter|cntr_63k:auto_generated|safe_q[4]   ; clk        ; clk      ; None                        ; None                      ; 2.865 ns                ;
; N/A   ; 322.16 MHz ( period = 3.104 ns )               ; lpm_counter:hours_counter|cntr_63k:auto_generated|safe_q[4]   ; lpm_counter:hours_counter|cntr_63k:auto_generated|safe_q[1]   ; clk        ; clk      ; None                        ; None                      ; 2.865 ns                ;
; N/A   ; 324.89 MHz ( period = 3.078 ns )               ; lpm_counter:seconds_counter|cntr_73k:auto_generated|safe_q[2] ; lpm_counter:minutes_counter|cntr_73k:auto_generated|safe_q[0] ; clk        ; clk      ; None                        ; None                      ; 2.838 ns                ;
; N/A   ; 324.89 MHz ( period = 3.078 ns )               ; lpm_counter:seconds_counter|cntr_73k:auto_generated|safe_q[2] ; lpm_counter:minutes_counter|cntr_73k:auto_generated|safe_q[1] ; clk        ; clk      ; None                        ; None                      ; 2.838 ns                ;
; N/A   ; 324.89 MHz ( period = 3.078 ns )               ; lpm_counter:seconds_counter|cntr_73k:auto_generated|safe_q[2] ; lpm_counter:minutes_counter|cntr_73k:auto_generated|safe_q[5] ; clk        ; clk      ; None                        ; None                      ; 2.838 ns                ;
; N/A   ; 324.89 MHz ( period = 3.078 ns )               ; lpm_counter:seconds_counter|cntr_73k:auto_generated|safe_q[2] ; lpm_counter:minutes_counter|cntr_73k:auto_generated|safe_q[4] ; clk        ; clk      ; None                        ; None                      ; 2.838 ns                ;
; N/A   ; 324.89 MHz ( period = 3.078 ns )               ; lpm_counter:seconds_counter|cntr_73k:auto_generated|safe_q[2] ; lpm_counter:minutes_counter|cntr_73k:auto_generated|safe_q[2] ; clk        ; clk      ; None                        ; None                      ; 2.838 ns                ;
; N/A   ; 324.89 MHz ( period = 3.078 ns )               ; lpm_counter:seconds_counter|cntr_73k:auto_generated|safe_q[2] ; lpm_counter:minutes_counter|cntr_73k:auto_generated|safe_q[3] ; clk        ; clk      ; None                        ; None                      ; 2.838 ns                ;
; N/A   ; 325.10 MHz ( period = 3.076 ns )               ; lpm_counter:minutes_counter|cntr_73k:auto_generated|safe_q[4] ; lpm_counter:hours_counter|cntr_63k:auto_generated|safe_q[0]   ; clk        ; clk      ; None                        ; None                      ; 2.841 ns                ;
; N/A   ; 325.10 MHz ( period = 3.076 ns )               ; lpm_counter:minutes_counter|cntr_73k:auto_generated|safe_q[4] ; lpm_counter:hours_counter|cntr_63k:auto_generated|safe_q[2]   ; clk        ; clk      ; None                        ; None                      ; 2.841 ns                ;
; N/A   ; 325.10 MHz ( period = 3.076 ns )               ; lpm_counter:minutes_counter|cntr_73k:auto_generated|safe_q[4] ; lpm_counter:hours_counter|cntr_63k:auto_generated|safe_q[3]   ; clk        ; clk      ; None                        ; None                      ; 2.841 ns                ;
; N/A   ; 325.10 MHz ( period = 3.076 ns )               ; lpm_counter:minutes_counter|cntr_73k:auto_generated|safe_q[4] ; lpm_counter:hours_counter|cntr_63k:auto_generated|safe_q[4]   ; clk        ; clk      ; None                        ; None                      ; 2.841 ns                ;
; N/A   ; 325.10 MHz ( period = 3.076 ns )               ; lpm_counter:minutes_counter|cntr_73k:auto_generated|safe_q[4] ; lpm_counter:hours_counter|cntr_63k:auto_generated|safe_q[1]   ; clk        ; clk      ; None                        ; None                      ; 2.841 ns                ;
; N/A   ; 342.58 MHz ( period = 2.919 ns )               ; lpm_counter:minutes_counter|cntr_73k:auto_generated|safe_q[2] ; lpm_counter:hours_counter|cntr_63k:auto_generated|safe_q[0]   ; clk        ; clk      ; None                        ; None                      ; 2.684 ns                ;
; N/A   ; 342.58 MHz ( period = 2.919 ns )               ; lpm_counter:minutes_counter|cntr_73k:auto_generated|safe_q[2] ; lpm_counter:hours_counter|cntr_63k:auto_generated|safe_q[2]   ; clk        ; clk      ; None                        ; None                      ; 2.684 ns                ;
; N/A   ; 342.58 MHz ( period = 2.919 ns )               ; lpm_counter:minutes_counter|cntr_73k:auto_generated|safe_q[2] ; lpm_counter:hours_counter|cntr_63k:auto_generated|safe_q[3]   ; clk        ; clk      ; None                        ; None                      ; 2.684 ns                ;
; N/A   ; 342.58 MHz ( period = 2.919 ns )               ; lpm_counter:minutes_counter|cntr_73k:auto_generated|safe_q[2] ; lpm_counter:hours_counter|cntr_63k:auto_generated|safe_q[4]   ; clk        ; clk      ; None                        ; None                      ; 2.684 ns                ;
; N/A   ; 342.58 MHz ( period = 2.919 ns )               ; lpm_counter:minutes_counter|cntr_73k:auto_generated|safe_q[2] ; lpm_counter:hours_counter|cntr_63k:auto_generated|safe_q[1]   ; clk        ; clk      ; None                        ; None                      ; 2.684 ns                ;
; N/A   ; 353.48 MHz ( period = 2.829 ns )               ; lpm_counter:seconds_counter|cntr_73k:auto_generated|safe_q[3] ; lpm_counter:minutes_counter|cntr_73k:auto_generated|safe_q[0] ; clk        ; clk      ; None                        ; None                      ; 2.589 ns                ;
; N/A   ; 353.48 MHz ( period = 2.829 ns )               ; lpm_counter:seconds_counter|cntr_73k:auto_generated|safe_q[3] ; lpm_counter:minutes_counter|cntr_73k:auto_generated|safe_q[1] ; clk        ; clk      ; None                        ; None                      ; 2.589 ns                ;
; N/A   ; 353.48 MHz ( period = 2.829 ns )               ; lpm_counter:seconds_counter|cntr_73k:auto_generated|safe_q[3] ; lpm_counter:minutes_counter|cntr_73k:auto_generated|safe_q[5] ; clk        ; clk      ; None                        ; None                      ; 2.589 ns                ;
; N/A   ; 353.48 MHz ( period = 2.829 ns )               ; lpm_counter:seconds_counter|cntr_73k:auto_generated|safe_q[3] ; lpm_counter:minutes_counter|cntr_73k:auto_generated|safe_q[4] ; clk        ; clk      ; None                        ; None                      ; 2.589 ns                ;
; N/A   ; 353.48 MHz ( period = 2.829 ns )               ; lpm_counter:seconds_counter|cntr_73k:auto_generated|safe_q[3] ; lpm_counter:minutes_counter|cntr_73k:auto_generated|safe_q[2] ; clk        ; clk      ; None                        ; None                      ; 2.589 ns                ;
; N/A   ; 353.48 MHz ( period = 2.829 ns )               ; lpm_counter:seconds_counter|cntr_73k:auto_generated|safe_q[3] ; lpm_counter:minutes_counter|cntr_73k:auto_generated|safe_q[3] ; clk        ; clk      ; None                        ; None                      ; 2.589 ns                ;
; N/A   ; 358.81 MHz ( period = 2.787 ns )               ; lpm_counter:seconds_counter|cntr_73k:auto_generated|safe_q[4] ; lpm_counter:minutes_counter|cntr_73k:auto_generated|safe_q[0] ; clk        ; clk      ; None                        ; None                      ; 2.547 ns                ;
; N/A   ; 358.81 MHz ( period = 2.787 ns )               ; lpm_counter:seconds_counter|cntr_73k:auto_generated|safe_q[4] ; lpm_counter:minutes_counter|cntr_73k:auto_generated|safe_q[1] ; clk        ; clk      ; None                        ; None                      ; 2.547 ns                ;
; N/A   ; 358.81 MHz ( period = 2.787 ns )               ; lpm_counter:seconds_counter|cntr_73k:auto_generated|safe_q[4] ; lpm_counter:minutes_counter|cntr_73k:auto_generated|safe_q[5] ; clk        ; clk      ; None                        ; None                      ; 2.547 ns                ;
; N/A   ; 358.81 MHz ( period = 2.787 ns )               ; lpm_counter:seconds_counter|cntr_73k:auto_generated|safe_q[4] ; lpm_counter:minutes_counter|cntr_73k:auto_generated|safe_q[4] ; clk        ; clk      ; None                        ; None                      ; 2.547 ns                ;
; N/A   ; 358.81 MHz ( period = 2.787 ns )               ; lpm_counter:seconds_counter|cntr_73k:auto_generated|safe_q[4] ; lpm_counter:minutes_counter|cntr_73k:auto_generated|safe_q[2] ; clk        ; clk      ; None                        ; None                      ; 2.547 ns                ;
; N/A   ; 358.81 MHz ( period = 2.787 ns )               ; lpm_counter:seconds_counter|cntr_73k:auto_generated|safe_q[4] ; lpm_counter:minutes_counter|cntr_73k:auto_generated|safe_q[3] ; clk        ; clk      ; None                        ; None                      ; 2.547 ns                ;
; N/A   ; 360.88 MHz ( period = 2.771 ns )               ; lpm_counter:minutes_counter|cntr_73k:auto_generated|safe_q[3] ; lpm_counter:hours_counter|cntr_63k:auto_generated|safe_q[0]   ; clk        ; clk      ; None                        ; None                      ; 2.536 ns                ;
; N/A   ; 360.88 MHz ( period = 2.771 ns )               ; lpm_counter:minutes_counter|cntr_73k:auto_generated|safe_q[3] ; lpm_counter:hours_counter|cntr_63k:auto_generated|safe_q[2]   ; clk        ; clk      ; None                        ; None                      ; 2.536 ns                ;
; N/A   ; 360.88 MHz ( period = 2.771 ns )               ; lpm_counter:minutes_counter|cntr_73k:auto_generated|safe_q[3] ; lpm_counter:hours_counter|cntr_63k:auto_generated|safe_q[3]   ; clk        ; clk      ; None                        ; None                      ; 2.536 ns                ;
; N/A   ; 360.88 MHz ( period = 2.771 ns )               ; lpm_counter:minutes_counter|cntr_73k:auto_generated|safe_q[3] ; lpm_counter:hours_counter|cntr_63k:auto_generated|safe_q[4]   ; clk        ; clk      ; None                        ; None                      ; 2.536 ns                ;
; N/A   ; 360.88 MHz ( period = 2.771 ns )               ; lpm_counter:minutes_counter|cntr_73k:auto_generated|safe_q[3] ; lpm_counter:hours_counter|cntr_63k:auto_generated|safe_q[1]   ; clk        ; clk      ; None                        ; None                      ; 2.536 ns                ;
; N/A   ; 374.39 MHz ( period = 2.671 ns )               ; lpm_counter:minutes_counter|cntr_73k:auto_generated|safe_q[1] ; lpm_counter:hours_counter|cntr_63k:auto_generated|safe_q[0]   ; clk        ; clk      ; None                        ; None                      ; 2.436 ns                ;
; N/A   ; 374.39 MHz ( period = 2.671 ns )               ; lpm_counter:minutes_counter|cntr_73k:auto_generated|safe_q[1] ; lpm_counter:hours_counter|cntr_63k:auto_generated|safe_q[2]   ; clk        ; clk      ; None                        ; None                      ; 2.436 ns                ;
; N/A   ; 374.39 MHz ( period = 2.671 ns )               ; lpm_counter:minutes_counter|cntr_73k:auto_generated|safe_q[1] ; lpm_counter:hours_counter|cntr_63k:auto_generated|safe_q[3]   ; clk        ; clk      ; None                        ; None                      ; 2.436 ns                ;
; N/A   ; 374.39 MHz ( period = 2.671 ns )               ; lpm_counter:minutes_counter|cntr_73k:auto_generated|safe_q[1] ; lpm_counter:hours_counter|cntr_63k:auto_generated|safe_q[4]   ; clk        ; clk      ; None                        ; None                      ; 2.436 ns                ;
; N/A   ; 374.39 MHz ( period = 2.671 ns )               ; lpm_counter:minutes_counter|cntr_73k:auto_generated|safe_q[1] ; lpm_counter:hours_counter|cntr_63k:auto_generated|safe_q[1]   ; clk        ; clk      ; None                        ; None                      ; 2.436 ns                ;
; N/A   ; Restricted to 380.08 MHz ( period = 2.631 ns ) ; lpm_counter:seconds_counter|cntr_73k:auto_generated|safe_q[5] ; lpm_counter:minutes_counter|cntr_73k:auto_generated|safe_q[0] ; clk        ; clk      ; None                        ; None                      ; 2.379 ns                ;
; N/A   ; Restricted to 380.08 MHz ( period = 2.631 ns ) ; lpm_counter:seconds_counter|cntr_73k:auto_generated|safe_q[5] ; lpm_counter:minutes_counter|cntr_73k:auto_generated|safe_q[1] ; clk        ; clk      ; None                        ; None                      ; 2.379 ns                ;
; N/A   ; Restricted to 380.08 MHz ( period = 2.631 ns ) ; lpm_counter:seconds_counter|cntr_73k:auto_generated|safe_q[5] ; lpm_counter:minutes_counter|cntr_73k:auto_generated|safe_q[5] ; clk        ; clk      ; None                        ; None                      ; 2.379 ns                ;
; N/A   ; Restricted to 380.08 MHz ( period = 2.631 ns ) ; lpm_counter:seconds_counter|cntr_73k:auto_generated|safe_q[5] ; lpm_counter:minutes_counter|cntr_73k:auto_generated|safe_q[4] ; clk        ; clk      ; None                        ; None                      ; 2.379 ns                ;
; N/A   ; Restricted to 380.08 MHz ( period = 2.631 ns ) ; lpm_counter:seconds_counter|cntr_73k:auto_generated|safe_q[5] ; lpm_counter:minutes_counter|cntr_73k:auto_generated|safe_q[2] ; clk        ; clk      ; None                        ; None                      ; 2.379 ns                ;
; N/A   ; Restricted to 380.08 MHz ( period = 2.631 ns ) ; lpm_counter:seconds_counter|cntr_73k:auto_generated|safe_q[5] ; lpm_counter:minutes_counter|cntr_73k:auto_generated|safe_q[3] ; clk        ; clk      ; None                        ; None                      ; 2.379 ns                ;
; N/A   ; Restricted to 380.08 MHz ( period = 2.631 ns ) ; lpm_counter:seconds_counter|cntr_73k:auto_generated|safe_q[0] ; lpm_counter:minutes_counter|cntr_73k:auto_generated|safe_q[0] ; clk        ; clk      ; None                        ; None                      ; 2.207 ns                ;
; N/A   ; Restricted to 380.08 MHz ( period = 2.631 ns ) ; lpm_counter:seconds_counter|cntr_73k:auto_generated|safe_q[0] ; lpm_counter:minutes_counter|cntr_73k:auto_generated|safe_q[1] ; clk        ; clk      ; None                        ; None                      ; 2.207 ns                ;
; N/A   ; Restricted to 380.08 MHz ( period = 2.631 ns ) ; lpm_counter:seconds_counter|cntr_73k:auto_generated|safe_q[0] ; lpm_counter:minutes_counter|cntr_73k:auto_generated|safe_q[5] ; clk        ; clk      ; None                        ; None                      ; 2.207 ns                ;
; N/A   ; Restricted to 380.08 MHz ( period = 2.631 ns ) ; lpm_counter:seconds_counter|cntr_73k:auto_generated|safe_q[0] ; lpm_counter:minutes_counter|cntr_73k:auto_generated|safe_q[4] ; clk        ; clk      ; None                        ; None                      ; 2.207 ns                ;
; N/A   ; Restricted to 380.08 MHz ( period = 2.631 ns ) ; lpm_counter:seconds_counter|cntr_73k:auto_generated|safe_q[0] ; lpm_counter:minutes_counter|cntr_73k:auto_generated|safe_q[2] ; clk        ; clk      ; None                        ; None                      ; 2.207 ns                ;
; N/A   ; Restricted to 380.08 MHz ( period = 2.631 ns ) ; lpm_counter:seconds_counter|cntr_73k:auto_generated|safe_q[0] ; lpm_counter:minutes_counter|cntr_73k:auto_generated|safe_q[3] ; clk        ; clk      ; None                        ; None                      ; 2.207 ns                ;
; N/A   ; Restricted to 380.08 MHz ( period = 2.631 ns ) ; lpm_counter:seconds_counter|cntr_73k:auto_generated|safe_q[1] ; lpm_counter:minutes_counter|cntr_73k:auto_generated|safe_q[0] ; clk        ; clk      ; None                        ; None                      ; 2.172 ns                ;
; N/A   ; Restricted to 380.08 MHz ( period = 2.631 ns ) ; lpm_counter:seconds_counter|cntr_73k:auto_generated|safe_q[1] ; lpm_counter:minutes_counter|cntr_73k:auto_generated|safe_q[1] ; clk        ; clk      ; None                        ; None                      ; 2.172 ns                ;
; N/A   ; Restricted to 380.08 MHz ( period = 2.631 ns ) ; lpm_counter:seconds_counter|cntr_73k:auto_generated|safe_q[1] ; lpm_counter:minutes_counter|cntr_73k:auto_generated|safe_q[5] ; clk        ; clk      ; None                        ; None                      ; 2.172 ns                ;
; N/A   ; Restricted to 380.08 MHz ( period = 2.631 ns ) ; lpm_counter:seconds_counter|cntr_73k:auto_generated|safe_q[1] ; lpm_counter:minutes_counter|cntr_73k:auto_generated|safe_q[4] ; clk        ; clk      ; None                        ; None                      ; 2.172 ns                ;
; N/A   ; Restricted to 380.08 MHz ( period = 2.631 ns ) ; lpm_counter:seconds_counter|cntr_73k:auto_generated|safe_q[1] ; lpm_counter:minutes_counter|cntr_73k:auto_generated|safe_q[2] ; clk        ; clk      ; None                        ; None                      ; 2.172 ns                ;
; N/A   ; Restricted to 380.08 MHz ( period = 2.631 ns ) ; lpm_counter:seconds_counter|cntr_73k:auto_generated|safe_q[1] ; lpm_counter:minutes_counter|cntr_73k:auto_generated|safe_q[3] ; clk        ; clk      ; None                        ; None                      ; 2.172 ns                ;
+-------+------------------------------------------------+---------------------------------------------------------------+---------------------------------------------------------------+------------+----------+-----------------------------+---------------------------+-------------------------+


+--------------------------------------------------------------------------------------------------------------------------+
; tsu                                                                                                                      ;
+-------+--------------+------------+-----------+---------------------------------------------------------------+----------+
; Slack ; Required tsu ; Actual tsu ; From      ; To                                                            ; To Clock ;
+-------+--------------+------------+-----------+---------------------------------------------------------------+----------+
; N/A   ; None         ; 6.135 ns   ; sec_clock ; lpm_counter:hours_counter|cntr_63k:auto_generated|safe_q[0]   ; clk      ;
; N/A   ; None         ; 6.135 ns   ; sec_clock ; lpm_counter:hours_counter|cntr_63k:auto_generated|safe_q[2]   ; clk      ;
; N/A   ; None         ; 6.135 ns   ; sec_clock ; lpm_counter:hours_counter|cntr_63k:auto_generated|safe_q[3]   ; clk      ;
; N/A   ; None         ; 6.135 ns   ; sec_clock ; lpm_counter:hours_counter|cntr_63k:auto_generated|safe_q[4]   ; clk      ;
; N/A   ; None         ; 6.135 ns   ; sec_clock ; lpm_counter:hours_counter|cntr_63k:auto_generated|safe_q[1]   ; clk      ;
; N/A   ; None         ; 5.668 ns   ; sec_clock ; lpm_counter:minutes_counter|cntr_73k:auto_generated|safe_q[0] ; clk      ;
; N/A   ; None         ; 5.668 ns   ; sec_clock ; lpm_counter:minutes_counter|cntr_73k:auto_generated|safe_q[1] ; clk      ;
; N/A   ; None         ; 5.668 ns   ; sec_clock ; lpm_counter:minutes_counter|cntr_73k:auto_generated|safe_q[5] ; clk      ;
; N/A   ; None         ; 5.668 ns   ; sec_clock ; lpm_counter:minutes_counter|cntr_73k:auto_generated|safe_q[4] ; clk      ;
; N/A   ; None         ; 5.668 ns   ; sec_clock ; lpm_counter:minutes_counter|cntr_73k:auto_generated|safe_q[2] ; clk      ;
; N/A   ; None         ; 5.668 ns   ; sec_clock ; lpm_counter:minutes_counter|cntr_73k:auto_generated|safe_q[3] ; clk      ;
; N/A   ; None         ; 4.849 ns   ; sec_clock ; lpm_counter:seconds_counter|cntr_73k:auto_generated|safe_q[1] ; clk      ;
; N/A   ; None         ; 4.849 ns   ; sec_clock ; lpm_counter:seconds_counter|cntr_73k:auto_generated|safe_q[0] ; clk      ;
; N/A   ; None         ; 4.849 ns   ; sec_clock ; lpm_counter:seconds_counter|cntr_73k:auto_generated|safe_q[2] ; clk      ;
; N/A   ; None         ; 4.849 ns   ; sec_clock ; lpm_counter:seconds_counter|cntr_73k:auto_generated|safe_q[3] ; clk      ;
; N/A   ; None         ; 4.849 ns   ; sec_clock ; lpm_counter:seconds_counter|cntr_73k:auto_generated|safe_q[5] ; clk      ;
; N/A   ; None         ; 4.849 ns   ; sec_clock ; lpm_counter:seconds_counter|cntr_73k:auto_generated|safe_q[4] ; clk      ;
+-------+--------------+------------+-----------+---------------------------------------------------------------+----------+


+-----------------------------------------------------------------------------------------------------------------------------+
; tco                                                                                                                         ;
+-------+--------------+------------+---------------------------------------------------------------+------------+------------+
; Slack ; Required tco ; Actual tco ; From                                                          ; To         ; From Clock ;
+-------+--------------+------------+---------------------------------------------------------------+------------+------------+
; N/A   ; None         ; 8.911 ns   ; lpm_counter:hours_counter|cntr_63k:auto_generated|safe_q[0]   ; end_of_day ; clk        ;
; N/A   ; None         ; 8.855 ns   ; lpm_counter:hours_counter|cntr_63k:auto_generated|safe_q[3]   ; end_of_day ; clk        ;
; N/A   ; None         ; 8.714 ns   ; lpm_counter:hours_counter|cntr_63k:auto_generated|safe_q[4]   ; end_of_day ; clk        ;
; N/A   ; None         ; 8.547 ns   ; lpm_counter:hours_counter|cntr_63k:auto_generated|safe_q[1]   ; end_of_day ; clk        ;
; N/A   ; None         ; 8.502 ns   ; lpm_counter:hours_counter|cntr_63k:auto_generated|safe_q[3]   ; hours[3]   ; clk        ;
; N/A   ; None         ; 8.267 ns   ; lpm_counter:minutes_counter|cntr_73k:auto_generated|safe_q[2] ; minutes[2] ; clk        ;
; N/A   ; None         ; 8.254 ns   ; lpm_counter:hours_counter|cntr_63k:auto_generated|safe_q[2]   ; end_of_day ; clk        ;
; N/A   ; None         ; 7.402 ns   ; lpm_counter:hours_counter|cntr_63k:auto_generated|safe_q[1]   ; hours[1]   ; clk        ;
; N/A   ; None         ; 7.401 ns   ; lpm_counter:minutes_counter|cntr_73k:auto_generated|safe_q[1] ; minutes[1] ; clk        ;
; N/A   ; None         ; 7.392 ns   ; lpm_counter:hours_counter|cntr_63k:auto_generated|safe_q[4]   ; hours[4]   ; clk        ;
; N/A   ; None         ; 7.266 ns   ; lpm_counter:seconds_counter|cntr_73k:auto_generated|safe_q[5] ; seconds[5] ; clk        ;
; N/A   ; None         ; 7.200 ns   ; lpm_counter:seconds_counter|cntr_73k:auto_generated|safe_q[1] ; seconds[1] ; clk        ;
; N/A   ; None         ; 7.191 ns   ; lpm_counter:seconds_counter|cntr_73k:auto_generated|safe_q[3] ; seconds[3] ; clk        ;
; N/A   ; None         ; 7.184 ns   ; lpm_counter:seconds_counter|cntr_73k:auto_generated|safe_q[2] ; seconds[2] ; clk        ;
; N/A   ; None         ; 7.142 ns   ; lpm_counter:minutes_counter|cntr_73k:auto_generated|safe_q[0] ; minutes[0] ; clk        ;
; N/A   ; None         ; 7.103 ns   ; lpm_counter:seconds_counter|cntr_73k:auto_generated|safe_q[4] ; seconds[4] ; clk        ;
; N/A   ; None         ; 6.833 ns   ; lpm_counter:seconds_counter|cntr_73k:auto_generated|safe_q[0] ; seconds[0] ; clk        ;
; N/A   ; None         ; 6.808 ns   ; lpm_counter:minutes_counter|cntr_73k:auto_generated|safe_q[3] ; minutes[3] ; clk        ;
; N/A   ; None         ; 6.805 ns   ; lpm_counter:minutes_counter|cntr_73k:auto_generated|safe_q[5] ; minutes[5] ; clk        ;
; N/A   ; None         ; 6.795 ns   ; lpm_counter:hours_counter|cntr_63k:auto_generated|safe_q[0]   ; hours[0]   ; clk        ;
; N/A   ; None         ; 6.793 ns   ; lpm_counter:hours_counter|cntr_63k:auto_generated|safe_q[2]   ; hours[2]   ; clk        ;
; N/A   ; None         ; 6.785 ns   ; lpm_counter:minutes_counter|cntr_73k:auto_generated|safe_q[4] ; minutes[4] ; clk        ;
+-------+--------------+------------+---------------------------------------------------------------+------------+------------+


+--------------------------------------------------------------------------------------------------------------------------------+
; th                                                                                                                             ;
+---------------+-------------+-----------+-----------+---------------------------------------------------------------+----------+
; Minimum Slack ; Required th ; Actual th ; From      ; To                                                            ; To Clock ;
+---------------+-------------+-----------+-----------+---------------------------------------------------------------+----------+
; N/A           ; None        ; -4.601 ns ; sec_clock ; lpm_counter:seconds_counter|cntr_73k:auto_generated|safe_q[1] ; clk      ;
; N/A           ; None        ; -4.601 ns ; sec_clock ; lpm_counter:seconds_counter|cntr_73k:auto_generated|safe_q[0] ; clk      ;
; N/A           ; None        ; -4.601 ns ; sec_clock ; lpm_counter:seconds_counter|cntr_73k:auto_generated|safe_q[2] ; clk      ;
; N/A           ; None        ; -4.601 ns ; sec_clock ; lpm_counter:seconds_counter|cntr_73k:auto_generated|safe_q[3] ; clk      ;
; N/A           ; None        ; -4.601 ns ; sec_clock ; lpm_counter:seconds_counter|cntr_73k:auto_generated|safe_q[5] ; clk      ;
; N/A           ; None        ; -4.601 ns ; sec_clock ; lpm_counter:seconds_counter|cntr_73k:auto_generated|safe_q[4] ; clk      ;
; N/A           ; None        ; -5.420 ns ; sec_clock ; lpm_counter:minutes_counter|cntr_73k:auto_generated|safe_q[0] ; clk      ;
; N/A           ; None        ; -5.420 ns ; sec_clock ; lpm_counter:minutes_counter|cntr_73k:auto_generated|safe_q[1] ; clk      ;
; N/A           ; None        ; -5.420 ns ; sec_clock ; lpm_counter:minutes_counter|cntr_73k:auto_generated|safe_q[5] ; clk      ;
; N/A           ; None        ; -5.420 ns ; sec_clock ; lpm_counter:minutes_counter|cntr_73k:auto_generated|safe_q[4] ; clk      ;
; N/A           ; None        ; -5.420 ns ; sec_clock ; lpm_counter:minutes_counter|cntr_73k:auto_generated|safe_q[2] ; clk      ;
; N/A           ; None        ; -5.420 ns ; sec_clock ; lpm_counter:minutes_counter|cntr_73k:auto_generated|safe_q[3] ; clk      ;
; N/A           ; None        ; -5.887 ns ; sec_clock ; lpm_counter:hours_counter|cntr_63k:auto_generated|safe_q[0]   ; clk      ;
; N/A           ; None        ; -5.887 ns ; sec_clock ; lpm_counter:hours_counter|cntr_63k:auto_generated|safe_q[2]   ; clk      ;
; N/A           ; None        ; -5.887 ns ; sec_clock ; lpm_counter:hours_counter|cntr_63k:auto_generated|safe_q[3]   ; clk      ;
; N/A           ; None        ; -5.887 ns ; sec_clock ; lpm_counter:hours_counter|cntr_63k:auto_generated|safe_q[4]   ; clk      ;
; N/A           ; None        ; -5.887 ns ; sec_clock ; lpm_counter:hours_counter|cntr_63k:auto_generated|safe_q[1]   ; clk      ;
+---------------+-------------+-----------+-----------+---------------------------------------------------------------+----------+


+--------------------------+
; Timing Analyzer Messages ;
+--------------------------+
Info: *******************************************************************
Info: Running Quartus II 64-Bit Classic Timing Analyzer
    Info: Version 9.1 Build 350 03/24/2010 Service Pack 2 SJ Full Version
    Info: Processing started: Fri Mar 14 17:22:48 2014
Info: Command: quartus_tan --read_settings_files=off --write_settings_files=off g23_lab3 -c g23_lab3 --timing_analysis_only
Info: Parallel compilation is enabled and will use 4 of the 4 processors detected
Warning: Found pins functioning as undefined clocks and/or memory enables
    Info: Assuming node "clk" is an undefined clock
Info: Clock "clk" has Internal fmax of 244.14 MHz between source register "lpm_counter:seconds_counter|cntr_73k:auto_generated|safe_q[0]" and destination register "lpm_counter:seconds_counter|cntr_73k:auto_generated|safe_q[1]" (period= 4.096 ns)
    Info: + Longest register to register delay is 3.857 ns
        Info: 1: + IC(0.000 ns) + CELL(0.000 ns) = 0.000 ns; Loc. = LCFF_X4_Y19_N5; Fanout = 5; REG Node = 'lpm_counter:seconds_counter|cntr_73k:auto_generated|safe_q[0]'
        Info: 2: + IC(0.368 ns) + CELL(0.495 ns) = 0.863 ns; Loc. = LCCOMB_X4_Y19_N4; Fanout = 2; COMB Node = 'lpm_counter:seconds_counter|cntr_73k:auto_generated|counter_comb_bita0~COUT'
        Info: 3: + IC(0.000 ns) + CELL(0.080 ns) = 0.943 ns; Loc. = LCCOMB_X4_Y19_N6; Fanout = 2; COMB Node = 'lpm_counter:seconds_counter|cntr_73k:auto_generated|counter_comb_bita1~COUT'
        Info: 4: + IC(0.000 ns) + CELL(0.080 ns) = 1.023 ns; Loc. = LCCOMB_X4_Y19_N8; Fanout = 2; COMB Node = 'lpm_counter:seconds_counter|cntr_73k:auto_generated|counter_comb_bita2~COUT'
        Info: 5: + IC(0.000 ns) + CELL(0.080 ns) = 1.103 ns; Loc. = LCCOMB_X4_Y19_N10; Fanout = 2; COMB Node = 'lpm_counter:seconds_counter|cntr_73k:auto_generated|counter_comb_bita3~COUT'
        Info: 6: + IC(0.000 ns) + CELL(0.080 ns) = 1.183 ns; Loc. = LCCOMB_X4_Y19_N12; Fanout = 2; COMB Node = 'lpm_counter:seconds_counter|cntr_73k:auto_generated|counter_comb_bita4~COUT'
        Info: 7: + IC(0.000 ns) + CELL(0.174 ns) = 1.357 ns; Loc. = LCCOMB_X4_Y19_N14; Fanout = 1; COMB Node = 'lpm_counter:seconds_counter|cntr_73k:auto_generated|counter_comb_bita5~COUT'
        Info: 8: + IC(0.000 ns) + CELL(0.458 ns) = 1.815 ns; Loc. = LCCOMB_X4_Y19_N16; Fanout = 1; COMB Node = 'lpm_counter:seconds_counter|cntr_73k:auto_generated|counter_comb_bita5~0'
        Info: 9: + IC(0.534 ns) + CELL(0.278 ns) = 2.627 ns; Loc. = LCCOMB_X3_Y19_N24; Fanout = 6; COMB Node = 'lpm_counter:seconds_counter|cntr_73k:auto_generated|cout_actual'
        Info: 10: + IC(0.490 ns) + CELL(0.740 ns) = 3.857 ns; Loc. = LCFF_X4_Y19_N7; Fanout = 5; REG Node = 'lpm_counter:seconds_counter|cntr_73k:auto_generated|safe_q[1]'
        Info: Total cell delay = 2.465 ns ( 63.91 % )
        Info: Total interconnect delay = 1.392 ns ( 36.09 % )
    Info: - Smallest clock skew is 0.000 ns
        Info: + Shortest clock path from clock "clk" to destination register is 2.847 ns
            Info: 1: + IC(0.000 ns) + CELL(1.026 ns) = 1.026 ns; Loc. = PIN_L1; Fanout = 1; CLK Node = 'clk'
            Info: 2: + IC(0.238 ns) + CELL(0.000 ns) = 1.264 ns; Loc. = CLKCTRL_G2; Fanout = 17; COMB Node = 'clk~clkctrl'
            Info: 3: + IC(0.981 ns) + CELL(0.602 ns) = 2.847 ns; Loc. = LCFF_X4_Y19_N7; Fanout = 5; REG Node = 'lpm_counter:seconds_counter|cntr_73k:auto_generated|safe_q[1]'
            Info: Total cell delay = 1.628 ns ( 57.18 % )
            Info: Total interconnect delay = 1.219 ns ( 42.82 % )
        Info: - Longest clock path from clock "clk" to source register is 2.847 ns
            Info: 1: + IC(0.000 ns) + CELL(1.026 ns) = 1.026 ns; Loc. = PIN_L1; Fanout = 1; CLK Node = 'clk'
            Info: 2: + IC(0.238 ns) + CELL(0.000 ns) = 1.264 ns; Loc. = CLKCTRL_G2; Fanout = 17; COMB Node = 'clk~clkctrl'
            Info: 3: + IC(0.981 ns) + CELL(0.602 ns) = 2.847 ns; Loc. = LCFF_X4_Y19_N5; Fanout = 5; REG Node = 'lpm_counter:seconds_counter|cntr_73k:auto_generated|safe_q[0]'
            Info: Total cell delay = 1.628 ns ( 57.18 % )
            Info: Total interconnect delay = 1.219 ns ( 42.82 % )
    Info: + Micro clock to output delay of source is 0.277 ns
    Info: + Micro setup delay of destination is -0.038 ns
Info: tsu for register "lpm_counter:hours_counter|cntr_63k:auto_generated|safe_q[0]" (data pin = "sec_clock", clock pin = "clk") is 6.135 ns
    Info: + Longest pin to register delay is 9.023 ns
        Info: 1: + IC(0.000 ns) + CELL(0.873 ns) = 0.873 ns; Loc. = PIN_AB5; Fanout = 8; PIN Node = 'sec_clock'
        Info: 2: + IC(6.165 ns) + CELL(0.491 ns) = 7.529 ns; Loc. = LCCOMB_X3_Y19_N16; Fanout = 5; COMB Node = 'comb~1'
        Info: 3: + IC(0.736 ns) + CELL(0.758 ns) = 9.023 ns; Loc. = LCFF_X2_Y18_N17; Fanout = 5; REG Node = 'lpm_counter:hours_counter|cntr_63k:auto_generated|safe_q[0]'
        Info: Total cell delay = 2.122 ns ( 23.52 % )
        Info: Total interconnect delay = 6.901 ns ( 76.48 % )
    Info: + Micro setup delay of destination is -0.038 ns
    Info: - Shortest clock path from clock "clk" to destination register is 2.850 ns
        Info: 1: + IC(0.000 ns) + CELL(1.026 ns) = 1.026 ns; Loc. = PIN_L1; Fanout = 1; CLK Node = 'clk'
        Info: 2: + IC(0.238 ns) + CELL(0.000 ns) = 1.264 ns; Loc. = CLKCTRL_G2; Fanout = 17; COMB Node = 'clk~clkctrl'
        Info: 3: + IC(0.984 ns) + CELL(0.602 ns) = 2.850 ns; Loc. = LCFF_X2_Y18_N17; Fanout = 5; REG Node = 'lpm_counter:hours_counter|cntr_63k:auto_generated|safe_q[0]'
        Info: Total cell delay = 1.628 ns ( 57.12 % )
        Info: Total interconnect delay = 1.222 ns ( 42.88 % )
Info: tco from clock "clk" to destination pin "end_of_day" through register "lpm_counter:hours_counter|cntr_63k:auto_generated|safe_q[0]" is 8.911 ns
    Info: + Longest clock path from clock "clk" to source register is 2.850 ns
        Info: 1: + IC(0.000 ns) + CELL(1.026 ns) = 1.026 ns; Loc. = PIN_L1; Fanout = 1; CLK Node = 'clk'
        Info: 2: + IC(0.238 ns) + CELL(0.000 ns) = 1.264 ns; Loc. = CLKCTRL_G2; Fanout = 17; COMB Node = 'clk~clkctrl'
        Info: 3: + IC(0.984 ns) + CELL(0.602 ns) = 2.850 ns; Loc. = LCFF_X2_Y18_N17; Fanout = 5; REG Node = 'lpm_counter:hours_counter|cntr_63k:auto_generated|safe_q[0]'
        Info: Total cell delay = 1.628 ns ( 57.12 % )
        Info: Total interconnect delay = 1.222 ns ( 42.88 % )
    Info: + Micro clock to output delay of source is 0.277 ns
    Info: + Longest register to pin delay is 5.784 ns
        Info: 1: + IC(0.000 ns) + CELL(0.000 ns) = 0.000 ns; Loc. = LCFF_X2_Y18_N17; Fanout = 5; REG Node = 'lpm_counter:hours_counter|cntr_63k:auto_generated|safe_q[0]'
        Info: 2: + IC(0.426 ns) + CELL(0.505 ns) = 0.931 ns; Loc. = LCCOMB_X2_Y18_N0; Fanout = 1; COMB Node = 'Equal0~0'
        Info: 3: + IC(0.283 ns) + CELL(0.178 ns) = 1.392 ns; Loc. = LCCOMB_X2_Y18_N2; Fanout = 1; COMB Node = 'Equal0~1'
        Info: 4: + IC(1.552 ns) + CELL(2.840 ns) = 5.784 ns; Loc. = PIN_N2; Fanout = 0; PIN Node = 'end_of_day'
        Info: Total cell delay = 3.523 ns ( 60.91 % )
        Info: Total interconnect delay = 2.261 ns ( 39.09 % )
Info: th for register "lpm_counter:seconds_counter|cntr_73k:auto_generated|safe_q[1]" (data pin = "sec_clock", clock pin = "clk") is -4.601 ns
    Info: + Longest clock path from clock "clk" to destination register is 2.847 ns
        Info: 1: + IC(0.000 ns) + CELL(1.026 ns) = 1.026 ns; Loc. = PIN_L1; Fanout = 1; CLK Node = 'clk'
        Info: 2: + IC(0.238 ns) + CELL(0.000 ns) = 1.264 ns; Loc. = CLKCTRL_G2; Fanout = 17; COMB Node = 'clk~clkctrl'
        Info: 3: + IC(0.981 ns) + CELL(0.602 ns) = 2.847 ns; Loc. = LCFF_X4_Y19_N7; Fanout = 5; REG Node = 'lpm_counter:seconds_counter|cntr_73k:auto_generated|safe_q[1]'
        Info: Total cell delay = 1.628 ns ( 57.18 % )
        Info: Total interconnect delay = 1.219 ns ( 42.82 % )
    Info: + Micro hold delay of destination is 0.286 ns
    Info: - Shortest pin to register delay is 7.734 ns
        Info: 1: + IC(0.000 ns) + CELL(0.873 ns) = 0.873 ns; Loc. = PIN_AB5; Fanout = 8; PIN Node = 'sec_clock'
        Info: 2: + IC(6.103 ns) + CELL(0.758 ns) = 7.734 ns; Loc. = LCFF_X4_Y19_N7; Fanout = 5; REG Node = 'lpm_counter:seconds_counter|cntr_73k:auto_generated|safe_q[1]'
        Info: Total cell delay = 1.631 ns ( 21.09 % )
        Info: Total interconnect delay = 6.103 ns ( 78.91 % )
Info: Quartus II 64-Bit Classic Timing Analyzer was successful. 0 errors, 1 warning
    Info: Peak virtual memory: 217 megabytes
    Info: Processing ended: Fri Mar 14 17:22:48 2014
    Info: Elapsed time: 00:00:00
    Info: Total CPU time (on all processors): 00:00:00


